#
# A fatal error has been detected by the Java Runtime Environment:
#
#  SIGSEGV (0xb) at pc=0x00007f7559bd4d3e, pid=1256805, tid=1256805
#
# JRE version: OpenJDK Runtime Environment (17.0.10+7) (build 17.0.10+7-Ubuntu-123.10.1)
# Java VM: OpenJDK 64-Bit Server VM (17.0.10+7-Ubuntu-123.10.1, mixed mode, sharing, tiered, compressed oops, compressed class ptrs, g1 gc, linux-amd64)
# Problematic frame:
# V  [libjvm.so+0xdd4d3e]  SR_handler(int, siginfo_t*, ucontext_t*)+0x9e
#
# Core dump will be written. Default location: Core dumps may be processed with "/usr/share/apport/apport -p%p -s%s -c%c -d%d -P%P -u%u -g%g -- %E" (or dumping to /home/acmahaja/code/courses/Spring Boot for beginners/core.1256805)
#
# If you would like to submit a bug report, please visit:
#   Unknown
#

---------------  S U M M A R Y ------------

Command Line: -Dclassworlds.conf=/usr/share/maven/bin/m2.conf -Dmaven.home=/usr/share/maven -Dlibrary.jansi.path=/usr/share/maven/lib/jansi-native -Dmaven.multiModuleProjectDirectory=/home/acmahaja/code/courses/Spring Boot for beginners org.codehaus.plexus.classworlds.launcher.Launcher spring-boot:run

Host: Intel(R) Core(TM) i9-9980HK CPU @ 2.40GHz, 16 cores, 30G, Ubuntu 23.10
Time: Thu Feb 29 10:46:33 2024 AEDT elapsed time: 33.215224 seconds (0d 0h 0m 33s)

---------------  T H R E A D  ---------------

Current thread is native thread

Stack: [0x00007fff1e292000,0x00007fff1ea91000],  sp=0x00007fff1ea8b570,  free space=8165k
Native frames: (J=compiled Java code, j=interpreted, Vv=VM code, C=native code)
V  [libjvm.so+0xdd4d3e]  SR_handler(int, siginfo_t*, ucontext_t*)+0x9e


siginfo: si_signo: 11 (SIGSEGV), si_code: 1 (SEGV_MAPERR), si_addr: 0x0000000000000268

Registers:
RAX=0x0000000000000000, RBX=0x00007fff1ea8b580, RCX=0x00007f755a29ed08, RDX=0x0000000000000000
RSP=0x00007fff1ea8b570, RBP=0x00007fff1ea8b630, RSI=0x00007fff1ea8b580, RDI=0x0000000000000000
R8 =0x0000000000000000, R9 =0x00000000ffffffff, R10=0x0000000000000008, R11=0x0000000000000246
R12=0x00007f755a5da6c8, R13=0x00007fff1ea8b770, R14=0x00007f7558dff990, R15=0x0000000000000000
RIP=0x00007f7559bd4d3e, EFLAGS=0x0000000000010246, CSGSFS=0x002b000000000033, ERR=0x0000000000000004
  TRAPNO=0x000000000000000e


Top of Stack: (sp=0x00007fff1ea8b570)
0x00007fff1ea8b570:   00007f755a049288 00007fff1ea8b640
0x00007fff1ea8b580:   00000000000004d8 0000000000000000
0x00007fff1ea8b590:   00007f755a147fd0 0000000000000000
0x00007fff1ea8b5a0:   00007f7559e56b8c 00007f7559e56580
0x00007fff1ea8b5b0:   00007f7559e56b8c 00007f7559e566c0
0x00007fff1ea8b5c0:   00007f7559e56840 00007f755a62ce24
0x00007fff1ea8b5d0:   00007f755a623588 00007f755a623930
0x00007fff1ea8b5e0:   00007f755a65aab0 0000000024bbd60a
0x00007fff1ea8b5f0:   00007f755a623500 00007f755a62d292
0x00007fff1ea8b600:   0000000000000006 00007f7558dff6c0
0x00007fff1ea8b610:   0000000000132d84 00007fff1ea8bda8
0x00007fff1ea8b620:   00007f7558dff990 00007fff1ea8bd30
0x00007fff1ea8b630:   0000000000000000 00007f755a242990
0x00007fff1ea8b640:   0000000000000007 0000000000000000
0x00007fff1ea8b650:   0000000000000000 00007fff00000002
0x00007fff1ea8b660:   0000000000000000 0000000000000000
0x00007fff1ea8b670:   00000000ffffffff 0000000000000000
0x00007fff1ea8b680:   0000000000000246 0000000000132d84
0x00007fff1ea8b690:   00007fff1ea8bda8 00007f7558dff990
0x00007fff1ea8b6a0:   00007fff1ea8bd30 00007f7558dff990
0x00007fff1ea8b6b0:   0000000000000109 0000000000000000
0x00007fff1ea8b6c0:   00007f7558dff6c0 0000000000132d84
0x00007fff1ea8b6d0:   00000000000000ca 00007f755a2940f6
0x00007fff1ea8b6e0:   00007fff1ea8bce0 00007f755a2940f4
0x00007fff1ea8b6f0:   0000000000000246 002b000000000033
0x00007fff1ea8b700:   0000000000000000 0000000000000000
0x00007fff1ea8b710:   0000000000000000 0000000000000000
0x00007fff1ea8b720:   00007fff1ea8b800 00007fff1ea8b778
0x00007fff1ea8b730:   0000000000000001 00007fff1ea8b780
0x00007fff1ea8b740:   00007f755a6220f8 0000000000000000
0x00007fff1ea8b750:   0000000000000001 ffffffffffffffc0
0x00007fff1ea8b760:   0000000000000000 0000000000000000 

Instructions: (pc=0x00007f7559bd4d3e)
0x00007f7559bd4c3e:   c5 47 ff 41 83 fc 02 74 49 48 83 3d 99 71 58 00
0x00007f7559bd4c4e:   00 74 2f 48 8d 05 88 70 58 00 4a 8d 14 a0 b8 01
0x00007f7559bd4c5e:   00 00 00 f0 0f c1 02 48 8b 3d 7c 71 58 00 48 83
0x00007f7559bd4c6e:   ec 80 be 01 00 00 00 5b 41 5c 5d e9 d2 fd f1 ff
0x00007f7559bd4c7e:   66 90 48 83 ec 80 5b 41 5c 5d c3 0f 1f 80 00 00
0x00007f7559bd4c8e:   00 00 e8 6b f7 15 00 84 c0 74 ae e8 c6 d3 47 ff
0x00007f7559bd4c9e:   eb a7 f3 0f 1e fa 55 48 89 e5 41 57 41 56 41 55
0x00007f7559bd4cae:   49 89 f5 41 54 53 48 8d 9d 50 ff ff ff 48 81 ec
0x00007f7559bd4cbe:   98 00 00 00 48 89 95 48 ff ff ff e8 72 d0 47 ff
0x00007f7559bd4cce:   48 89 df 44 8b 38 49 89 c4 e8 b4 cc 47 ff be 04
0x00007f7559bd4cde:   00 00 00 48 89 df e8 f7 ce 47 ff be 07 00 00 00
0x00007f7559bd4cee:   48 89 df e8 ea ce 47 ff be 08 00 00 00 48 89 df
0x00007f7559bd4cfe:   e8 dd ce 47 ff be 0b 00 00 00 48 89 df e8 d0 ce
0x00007f7559bd4d0e:   47 ff be 05 00 00 00 48 89 df e8 c3 ce 47 ff 31
0x00007f7559bd4d1e:   d2 48 89 de bf 01 00 00 00 e8 54 c4 47 ff e8 1f
0x00007f7559bd4d2e:   a8 0e 00 89 c2 31 c0 84 d2 74 05 e8 22 a8 0e 00
0x00007f7559bd4d3e:   48 8b 90 68 02 00 00 48 85 d2 74 17 4c 8b b0 30
0x00007f7559bd4d4e:   02 00 00 41 8b 86 a0 00 00 00 83 f8 01 74 1b 45
0x00007f7559bd4d5e:   89 3c 24 48 81 c4 98 00 00 00 5b 41 5c 41 5d 41
0x00007f7559bd4d6e:   5e 41 5f 5d c3 0f 1f 44 00 00 48 8b 85 48 ff ff
0x00007f7559bd4d7e:   ff ba 02 00 00 00 be 01 00 00 00 4d 89 ae a8 00
0x00007f7559bd4d8e:   00 00 4d 8d ae a0 00 00 00 49 89 86 b0 00 00 00
0x00007f7559bd4d9e:   4c 89 ef e8 da 05 e6 ff 83 f8 02 74 3d 85 c0 75
0x00007f7559bd4dae:   11 66 0f ef c0 41 0f 11 86 a8 00 00 00 eb a0 0f
0x00007f7559bd4dbe:   1f 00 48 8d 05 81 25 52 00 be 63 06 00 00 48 8d
0x00007f7559bd4dce:   3d cd 61 26 00 48 8b 00 c6 00 58 e8 52 c0 83 ff
0x00007f7559bd4dde:   e8 ed 37 e6 ff eb ca 0f 1f 00 48 89 df e8 a0 cb
0x00007f7559bd4dee:   47 ff 48 89 da 31 f6 31 ff e8 84 c3 47 ff 8b 35
0x00007f7559bd4dfe:   46 7f 53 00 48 89 df e8 76 c8 47 ff be 01 00 00
0x00007f7559bd4e0e:   00 48 8d 3d ea 6f 58 00 e8 35 fc f1 ff eb 08 0f
0x00007f7559bd4e1e:   1f 00 83 f8 02 75 3b 48 89 df e8 73 cf 47 ff 31
0x00007f7559bd4e2e:   d2 be 03 00 00 00 4c 89 ef e8 44 05 e6 ff 85 c0 



---------------  P R O C E S S  ---------------

VM state: not at safepoint (normal execution)

VM Mutex/Monitor currently owned by a thread: None

Heap address: 0x0000000610800000, size: 7928 MB, Compressed Oops mode: Zero based, Oop shift amount: 3

CDS archive(s) mapped at: [0x00007f74cb000000-0x00007f74cbbc7000-0x00007f74cbbc7000), size 12349440, SharedBaseAddress: 0x00007f74cb000000, ArchiveRelocationMode: 1.
Compressed class space mapped at: 0x00007f74cc000000-0x00007f750c000000, reserved size: 1073741824
Narrow klass base: 0x00007f74cb000000, Narrow klass shift: 0, Narrow klass range: 0x100000000

GC Precious Log:
<Skipped>

Heap:
 garbage-first heap   total 122880K, used 42395K [0x0000000610800000, 0x0000000800000000)
  region size 4096K, 4 young (16384K), 2 survivors (8192K)
 Metaspace       used 25120K, committed 25408K, reserved 1114112K
  class space    used 2832K, committed 3008K, reserved 1048576K

Heap Regions: E=young(eden), S=young(survivor), O=old, HS=humongous(starts), HC=humongous(continues), CS=collection set, F=free, OA=open archive, CA=closed archive, TAMS=top-at-mark-start (previous, next)
|   0|0x0000000610800000, 0x0000000610800000, 0x0000000610c00000|  0%| F|  |TAMS 0x0000000610800000, 0x0000000610800000| Untracked 
|   1|0x0000000610c00000, 0x0000000611000000, 0x0000000611000000|100%| O|  |TAMS 0x0000000610c00000, 0x0000000610c00000| Untracked 
|   2|0x0000000611000000, 0x0000000611400000, 0x0000000611400000|100%| O|  |TAMS 0x0000000611000000, 0x0000000611000000| Untracked 
|   3|0x0000000611400000, 0x0000000611800000, 0x0000000611800000|100%| O|  |TAMS 0x0000000611400000, 0x0000000611400000| Untracked 
|   4|0x0000000611800000, 0x0000000611c00000, 0x0000000611c00000|100%| O|  |TAMS 0x0000000611800000, 0x0000000611800000| Untracked 
|   5|0x0000000611c00000, 0x0000000612000000, 0x0000000612000000|100%| O|  |TAMS 0x0000000611c00000, 0x0000000611c00000| Untracked 
|   6|0x0000000612000000, 0x0000000612400000, 0x0000000612400000|100%| O|  |TAMS 0x0000000612000000, 0x0000000612000000| Untracked 
|   7|0x0000000612400000, 0x0000000612400000, 0x0000000612800000|  0%| F|  |TAMS 0x0000000612400000, 0x0000000612400000| Untracked 
|   8|0x0000000612800000, 0x0000000612800000, 0x0000000612c00000|  0%| F|  |TAMS 0x0000000612800000, 0x0000000612800000| Untracked 
|   9|0x0000000612c00000, 0x0000000612c00000, 0x0000000613000000|  0%| F|  |TAMS 0x0000000612c00000, 0x0000000612c00000| Untracked 
|  10|0x0000000613000000, 0x0000000613319400, 0x0000000613400000| 77%| O|  |TAMS 0x0000000613000000, 0x0000000613000000| Untracked 
|  11|0x0000000613400000, 0x0000000613400000, 0x0000000613800000|  0%| F|  |TAMS 0x0000000613400000, 0x0000000613400000| Untracked 
|  12|0x0000000613800000, 0x0000000613800000, 0x0000000613c00000|  0%| F|  |TAMS 0x0000000613800000, 0x0000000613800000| Untracked 
|  13|0x0000000613c00000, 0x0000000613c00000, 0x0000000614000000|  0%| F|  |TAMS 0x0000000613c00000, 0x0000000613c00000| Untracked 
|  14|0x0000000614000000, 0x0000000614000000, 0x0000000614400000|  0%| F|  |TAMS 0x0000000614000000, 0x0000000614000000| Untracked 
|  15|0x0000000614400000, 0x0000000614566960, 0x0000000614800000| 35%| S|CS|TAMS 0x0000000614400000, 0x0000000614400000| Complete 
|  16|0x0000000614800000, 0x0000000614c00000, 0x0000000614c00000|100%| S|CS|TAMS 0x0000000614800000, 0x0000000614800000| Complete 
|  17|0x0000000614c00000, 0x0000000614c00000, 0x0000000615000000|  0%| F|  |TAMS 0x0000000614c00000, 0x0000000614c00000| Untracked 
|  18|0x0000000615000000, 0x0000000615000000, 0x0000000615400000|  0%| F|  |TAMS 0x0000000615000000, 0x0000000615000000| Untracked 
|  19|0x0000000615400000, 0x0000000615400000, 0x0000000615800000|  0%| F|  |TAMS 0x0000000615400000, 0x0000000615400000| Untracked 
|  20|0x0000000615800000, 0x0000000615800000, 0x0000000615c00000|  0%| F|  |TAMS 0x0000000615800000, 0x0000000615800000| Untracked 
|  21|0x0000000615c00000, 0x0000000615c00000, 0x0000000616000000|  0%| F|  |TAMS 0x0000000615c00000, 0x0000000615c00000| Untracked 
|  90|0x0000000627000000, 0x0000000627000000, 0x0000000627400000|  0%| F|  |TAMS 0x0000000627000000, 0x0000000627000000| Untracked 
|  91|0x0000000627400000, 0x0000000627400000, 0x0000000627800000|  0%| F|  |TAMS 0x0000000627400000, 0x0000000627400000| Untracked 
|  92|0x0000000627800000, 0x0000000627800000, 0x0000000627c00000|  0%| F|  |TAMS 0x0000000627800000, 0x0000000627800000| Untracked 
|  93|0x0000000627c00000, 0x0000000627c00000, 0x0000000628000000|  0%| F|  |TAMS 0x0000000627c00000, 0x0000000627c00000| Untracked 
|  94|0x0000000628000000, 0x00000006280fb230, 0x0000000628400000| 24%| E|  |TAMS 0x0000000628000000, 0x0000000628000000| Complete 
| 123|0x000000062f400000, 0x000000062f800000, 0x000000062f800000|100%| E|CS|TAMS 0x000000062f400000, 0x000000062f400000| Complete 
|1980|0x00000007ff800000, 0x00000007ffb75000, 0x00000007ffc00000| 86%|OA|  |TAMS 0x00000007ffb75000, 0x00000007ff800000| Untracked 
|1981|0x00000007ffc00000, 0x00000007ffc77000, 0x0000000800000000| 11%|CA|  |TAMS 0x00000007ffc77000, 0x00000007ffc00000| Untracked 

Card table byte_map: [0x00007f753b104000,0x00007f753c080000] _byte_map_base: 0x00007f7538080000

Marking Bits (Prev, Next): (CMBitMap*) 0x00007f7554044270, (CMBitMap*) 0x00007f7554044230
 Prev Bits: [0x00007f752a9c8000, 0x00007f75325a8000)
 Next Bits: [0x00007f75325a8000, 0x00007f753a188000)

Polling page: 0x00007f755a616000

Metaspace:

Usage:
  Non-class:     21.77 MB used.
      Class:      2.77 MB used.
       Both:     24.53 MB used.

Virtual space:
  Non-class space:       64.00 MB reserved,      21.88 MB ( 34%) committed,  1 nodes.
      Class space:        1.00 GB reserved,       2.94 MB ( <1%) committed,  1 nodes.
             Both:        1.06 GB reserved,      24.81 MB (  2%) committed. 

Chunk freelists:
   Non-Class:  9.58 MB
       Class:  13.04 MB
        Both:  22.62 MB

MaxMetaspaceSize: unlimited
CompressedClassSpaceSize: 1.00 GB
Initial GC threshold: 21.00 MB
Current GC threshold: 35.31 MB
CDS: on
MetaspaceReclaimPolicy: balanced
 - commit_granule_bytes: 65536.
 - commit_granule_words: 8192.
 - virtual_space_node_default_size: 8388608.
 - enlarge_chunks_in_place: 1.
 - new_chunks_are_fully_committed: 0.
 - uncommit_free_chunks: 1.
 - use_allocation_guard: 0.
 - handle_deallocations: 1.


Internal statistics:

num_allocs_failed_limit: 3.
num_arena_births: 178.
num_arena_deaths: 0.
num_vsnodes_births: 2.
num_vsnodes_deaths: 0.
num_space_committed: 397.
num_space_uncommitted: 0.
num_chunks_returned_to_freelist: 3.
num_chunks_taken_from_freelist: 1055.
num_chunk_merges: 3.
num_chunk_splits: 748.
num_chunks_enlarged: 591.
num_inconsistent_stats: 0.

CodeHeap 'non-profiled nmethods': size=119168Kb used=3095Kb max_used=3095Kb free=116072Kb
 bounds [0x00007f7544fa0000, 0x00007f75452b0000, 0x00007f754c400000]
CodeHeap 'profiled nmethods': size=119164Kb used=11546Kb max_used=11546Kb free=107617Kb
 bounds [0x00007f753d400000, 0x00007f753df50000, 0x00007f754485f000]
CodeHeap 'non-nmethods': size=7428Kb used=1198Kb max_used=2966Kb free=6229Kb
 bounds [0x00007f754485f000, 0x00007f7544b4f000, 0x00007f7544fa0000]
 total_blobs=6051 nmethods=5553 adapters=411
 compilation: enabled
              stopped_count=0, restarted_count=0
 full_count=0

Compilation events (20 events):
Event: 2.086 Thread 0x00007f74a41a3a30 nmethod 5542 0x00007f753df33910 code [0x00007f753df33be0, 0x00007f753df34af0]
Event: 2.086 Thread 0x00007f74a41a4bf0 5551       3       java.lang.invoke.InvokerBytecodeGenerator::emitPushArgument (150 bytes)
Event: 2.086 Thread 0x00007f755415e3e0 nmethod 5550 0x00007f753df35010 code [0x00007f753df35280, 0x00007f753df35c70]
Event: 2.087 Thread 0x00007f74a41a4bf0 nmethod 5551 0x00007f753df35f90 code [0x00007f753df36280, 0x00007f753df37160]
Event: 2.091 Thread 0x00007f74a401d120 nmethod 5530 0x00007f753df37510 code [0x00007f753df37da0, 0x00007f753df3f6d0]
Event: 2.091 Thread 0x00007f755415cea0 nmethod 5452 0x00007f7545277390 code [0x00007f75452776c0, 0x00007f754527b460]
Event: 2.092 Thread 0x00007f748401f720 nmethod 5405 0x00007f754527d810 code [0x00007f754527dba0, 0x00007f7545281950]
Event: 2.093 Thread 0x00007f74a41a4bf0 5556       3       java.lang.invoke.MethodHandles$Lookup::findBoundCallerLookup (30 bytes)
Event: 2.093 Thread 0x00007f74a401d120 5557       3       java.lang.invoke.MethodHandles$Lookup::getDirectMethodCommon (280 bytes)
Event: 2.093 Thread 0x00007f74a41a3a30 5558       3       java.lang.invoke.MethodHandles$Lookup::checkMethod (87 bytes)
Event: 2.093 Thread 0x00007f755415e3e0 5559       3       java.lang.invoke.MethodHandles$Lookup::maybeBindCaller (72 bytes)
Event: 2.094 Thread 0x00007f74a41a3a30 nmethod 5558 0x00007f753df42b10 code [0x00007f753df42d40, 0x00007f753df434d0]
Event: 2.094 Thread 0x00007f74a41a4bf0 nmethod 5556 0x00007f753df43790 code [0x00007f753df439a0, 0x00007f753df44150]
Event: 2.094 Thread 0x00007f755415e3e0 nmethod 5559 0x00007f753df44410 code [0x00007f753df44640, 0x00007f753df44f00]
Event: 2.094 Thread 0x00007f74a401d120 nmethod 5557 0x00007f753df45210 code [0x00007f753df45540, 0x00007f753df465f0]
Event: 2.097 Thread 0x00007f7498225470 nmethod 5421 0x00007f7545284610 code [0x00007f75452849e0, 0x00007f75452881b8]
Event: 2.102 Thread 0x00007f748c12dfc0 nmethod 5497 0x00007f754528a810 code [0x00007f754528aa60, 0x00007f754528c3f0]
Event: 2.112 Thread 0x00007f74a4060150 nmethod 5396 0x00007f754528cc10 code [0x00007f754528cf40, 0x00007f7545291688]
Event: 2.124 Thread 0x00007f7484022030 nmethod 5453 0x00007f7545294d10 code [0x00007f7545295020, 0x00007f7545298760]
Event: 2.145 Thread 0x00007f74840208e0 nmethod 5237 0x00007f754529b790 code [0x00007f754529bdc0, 0x00007f75452a2410]

GC Heap History (12 events):
Event: 0.332 GC heap before
{Heap before GC invocations=0 (full 0):
 garbage-first heap   total 516096K, used 28592K [0x0000000610800000, 0x0000000800000000)
  region size 4096K, 6 young (24576K), 0 survivors (0K)
 Metaspace       used 5366K, committed 5504K, reserved 1114112K
  class space    used 628K, committed 704K, reserved 1048576K
}
Event: 0.335 GC heap after
{Heap after GC invocations=1 (full 0):
 garbage-first heap   total 516096K, used 7113K [0x0000000610800000, 0x0000000800000000)
  region size 4096K, 1 young (4096K), 1 survivors (4096K)
 Metaspace       used 5366K, committed 5504K, reserved 1114112K
  class space    used 628K, committed 704K, reserved 1048576K
}
Event: 0.668 GC heap before
{Heap before GC invocations=1 (full 0):
 garbage-first heap   total 516096K, used 35785K [0x0000000610800000, 0x0000000800000000)
  region size 4096K, 8 young (32768K), 1 survivors (4096K)
 Metaspace       used 10988K, committed 11200K, reserved 1114112K
  class space    used 1331K, committed 1408K, reserved 1048576K
}
Event: 0.670 GC heap after
{Heap after GC invocations=2 (full 0):
 garbage-first heap   total 516096K, used 9166K [0x0000000610800000, 0x0000000800000000)
  region size 4096K, 1 young (4096K), 1 survivors (4096K)
 Metaspace       used 10988K, committed 11200K, reserved 1114112K
  class space    used 1331K, committed 1408K, reserved 1048576K
}
Event: 1.458 GC heap before
{Heap before GC invocations=2 (full 0):
 garbage-first heap   total 516096K, used 152526K [0x0000000610800000, 0x0000000800000000)
  region size 4096K, 29 young (118784K), 1 survivors (4096K)
 Metaspace       used 21255K, committed 21504K, reserved 1114112K
  class space    used 2444K, committed 2560K, reserved 1048576K
}
Event: 1.463 GC heap after
{Heap after GC invocations=3 (full 0):
 garbage-first heap   total 516096K, used 24682K [0x0000000610800000, 0x0000000800000000)
  region size 4096K, 5 young (20480K), 5 survivors (20480K)
 Metaspace       used 21255K, committed 21504K, reserved 1114112K
  class space    used 2444K, committed 2560K, reserved 1048576K
}
Event: 1.838 GC heap before
{Heap before GC invocations=4 (full 0):
 garbage-first heap   total 122880K, used 77930K [0x0000000610800000, 0x0000000800000000)
  region size 4096K, 18 young (73728K), 5 survivors (20480K)
 Metaspace       used 23981K, committed 24320K, reserved 1114112K
  class space    used 2729K, committed 2880K, reserved 1048576K
}
Event: 1.845 GC heap after
{Heap after GC invocations=5 (full 0):
 garbage-first heap   total 122880K, used 31901K [0x0000000610800000, 0x0000000800000000)
  region size 4096K, 3 young (12288K), 3 survivors (12288K)
 Metaspace       used 23981K, committed 24320K, reserved 1114112K
  class space    used 2729K, committed 2880K, reserved 1048576K
}
Event: 1.853 GC heap before
{Heap before GC invocations=5 (full 0):
 garbage-first heap   total 122880K, used 35997K [0x0000000610800000, 0x0000000800000000)
  region size 4096K, 4 young (16384K), 3 survivors (12288K)
 Metaspace       used 23989K, committed 24320K, reserved 1114112K
  class space    used 2729K, committed 2880K, reserved 1048576K
}
Event: 1.863 GC heap after
{Heap after GC invocations=6 (full 0):
 garbage-first heap   total 122880K, used 34044K [0x0000000610800000, 0x0000000800000000)
  region size 4096K, 1 young (4096K), 1 survivors (4096K)
 Metaspace       used 23989K, committed 24320K, reserved 1114112K
  class space    used 2729K, committed 2880K, reserved 1048576K
}
Event: 2.039 GC heap before
{Heap before GC invocations=6 (full 0):
 garbage-first heap   total 122880K, used 75004K [0x0000000610800000, 0x0000000800000000)
  region size 4096K, 11 young (45056K), 1 survivors (4096K)
 Metaspace       used 24489K, committed 24768K, reserved 1114112K
  class space    used 2768K, committed 2880K, reserved 1048576K
}
Event: 2.043 GC heap after
{Heap after GC invocations=7 (full 0):
 garbage-first heap   total 122880K, used 37295K [0x0000000610800000, 0x0000000800000000)
  region size 4096K, 2 young (8192K), 2 survivors (8192K)
 Metaspace       used 24489K, committed 24768K, reserved 1114112K
  class space    used 2768K, committed 2880K, reserved 1048576K
}

Dll operation events (7 events):
Event: 0.001 Loaded shared library /usr/lib/jvm/java-17-openjdk-amd64/lib/libjava.so
Event: 0.010 Loaded shared library /usr/lib/jvm/java-17-openjdk-amd64/lib/libjsvml.so
Event: 0.017 Loaded shared library /usr/lib/jvm/java-17-openjdk-amd64/lib/libnio.so
Event: 0.018 Loaded shared library /usr/lib/jvm/java-17-openjdk-amd64/lib/libzip.so
Event: 0.022 Loaded shared library /usr/lib/jvm/java-17-openjdk-amd64/lib/libnet.so
Event: 0.058 Loaded shared library /usr/lib/jvm/java-17-openjdk-amd64/lib/libjimage.so
Event: 0.104 Loaded shared library /usr/lib/jvm/java-17-openjdk-amd64/lib/libverify.so

Deoptimization events (20 events):
Event: 2.060 Thread 0x00007f7554014280 DEOPT PACKING pc=0x00007f75452011f8 sp=0x00007f7558dfd590
Event: 2.060 Thread 0x00007f7554014280 DEOPT UNPACKING pc=0x00007f75448b5699 sp=0x00007f7558dfd540 mode 2
Event: 2.066 Thread 0x00007f7554014280 Uncommon trap: trap_request=0xffffff66 fr.pc=0x00007f75452011f8 relative=0x0000000000000058
Event: 2.066 Thread 0x00007f7554014280 Uncommon trap: reason=speculate_class_check action=maybe_recompile pc=0x00007f75452011f8 method=java.lang.invoke.Invokers$Holder.linkToTargetMethod(Ljava/lang/Object;Ljava/lang/Object;)Ljava/lang/Object; @ 1 c2
Event: 2.066 Thread 0x00007f7554014280 DEOPT PACKING pc=0x00007f75452011f8 sp=0x00007f7558dfd670
Event: 2.066 Thread 0x00007f7554014280 DEOPT UNPACKING pc=0x00007f75448b5699 sp=0x00007f7558dfd620 mode 2
Event: 2.071 Thread 0x00007f7554014280 DEOPT PACKING pc=0x00007f753db6948e sp=0x00007f7558dfcd30
Event: 2.071 Thread 0x00007f7554014280 DEOPT UNPACKING pc=0x00007f75448b5e2f sp=0x00007f7558dfc2d0 mode 0
Event: 2.074 Thread 0x00007f7554014280 DEOPT PACKING pc=0x00007f753dbaec57 sp=0x00007f7558dfce70
Event: 2.074 Thread 0x00007f7554014280 DEOPT UNPACKING pc=0x00007f75448b5e2f sp=0x00007f7558dfc420 mode 0
Event: 2.075 Thread 0x00007f7554014280 DEOPT PACKING pc=0x00007f753db6948e sp=0x00007f7558dfcd30
Event: 2.075 Thread 0x00007f7554014280 DEOPT UNPACKING pc=0x00007f75448b5e2f sp=0x00007f7558dfc2d0 mode 0
Event: 2.080 Thread 0x00007f7554014280 Uncommon trap: trap_request=0xffffffde fr.pc=0x00007f75450d74a4 relative=0x0000000000000084
Event: 2.080 Thread 0x00007f7554014280 Uncommon trap: reason=class_check action=maybe_recompile pc=0x00007f75450d74a4 method=java.util.Collections$UnmodifiableMap$UnmodifiableEntrySet$1.hasNext()Z @ 4 c2
Event: 2.080 Thread 0x00007f7554014280 DEOPT PACKING pc=0x00007f75450d74a4 sp=0x00007f7558dfd500
Event: 2.080 Thread 0x00007f7554014280 DEOPT UNPACKING pc=0x00007f75448b5699 sp=0x00007f7558dfd4b0 mode 2
Event: 2.094 Thread 0x00007f7554014280 Uncommon trap: trap_request=0xffffffde fr.pc=0x00007f7545108b3c relative=0x000000000000057c
Event: 2.094 Thread 0x00007f7554014280 Uncommon trap: reason=class_check action=maybe_recompile pc=0x00007f7545108b3c method=java.util.Hashtable.get(Ljava/lang/Object;)Ljava/lang/Object; @ 6 c2
Event: 2.094 Thread 0x00007f7554014280 DEOPT PACKING pc=0x00007f7545108b3c sp=0x00007f7558dfd3a0
Event: 2.094 Thread 0x00007f7554014280 DEOPT UNPACKING pc=0x00007f75448b5699 sp=0x00007f7558dfd350 mode 2

Classes unloaded (0 events):
No events

Classes redefined (0 events):
No events

Internal exceptions (20 events):
Event: 1.444 Thread 0x00007f7554014280 Exception <a 'java/lang/NoSuchMethodError'{0x0000000628bf9870}: 'int java.lang.invoke.DirectMethodHandle$Holder.invokeVirtual(java.lang.Object, java.lang.Object)'> (0x0000000628bf9870) 
thrown [./src/hotspot/share/interpreter/linkResolver.cpp, line 758]
Event: 1.447 Thread 0x00007f7554014280 Exception <a 'java/lang/NoSuchMethodError'{0x000000062842ffb8}: 'java.lang.Object java.lang.invoke.DirectMethodHandle$Holder.newInvokeSpecial(java.lang.Object, java.lang.Object, java.lang.Object, java.lang.Object, java.lang.Object, java.lang.Object)'> (0x000000062842ffb8) 
thrown [./src/hotspot/share/interpreter/linkResolver.cpp, line 758]
Event: 1.482 Thread 0x00007f7554014280 Exception <a 'java/lang/NoSuchMethodError'{0x000000062f645690}: 'java.lang.Object java.lang.invoke.DirectMethodHandle$Holder.invokeInterface(java.lang.Object, java.lang.Object)'> (0x000000062f645690) 
thrown [./src/hotspot/share/interpreter/linkResolver.cpp, line 758]
Event: 1.509 Thread 0x00007f7554014280 Exception <a 'java/lang/NoSuchMethodError'{0x000000062f701800}: 'int java.lang.invoke.DirectMethodHandle$Holder.invokeSpecial(java.lang.Object, java.lang.Object, java.lang.Object, java.lang.Object)'> (0x000000062f701800) 
thrown [./src/hotspot/share/interpreter/linkResolver.cpp, line 758]
Event: 1.511 Thread 0x00007f7554014280 Exception <a 'java/lang/NoSuchMethodError'{0x000000062f714f60}: 'java.lang.Object java.lang.invoke.DirectMethodHandle$Holder.invokeVirtual(java.lang.Object, java.lang.Object, java.lang.Object, int, int)'> (0x000000062f714f60) 
thrown [./src/hotspot/share/interpreter/linkResolver.cpp, line 758]
Event: 1.511 Thread 0x00007f7554014280 Exception <a 'java/lang/NoSuchMethodError'{0x000000062f71bd90}: 'java.lang.Object java.lang.invoke.DirectMethodHandle$Holder.invokeVirtual(java.lang.Object, java.lang.Object, int)'> (0x000000062f71bd90) 
thrown [./src/hotspot/share/interpreter/linkResolver.cpp, line 758]
Event: 1.513 Thread 0x00007f7554014280 Exception <a 'java/lang/NoSuchMethodError'{0x000000062f732530}: 'java.lang.Object java.lang.invoke.DirectMethodHandle$Holder.invokeSpecial(java.lang.Object, java.lang.Object, java.lang.Object, int, int)'> (0x000000062f732530) 
thrown [./src/hotspot/share/interpreter/linkResolver.cpp, line 758]
Event: 1.559 Thread 0x00007f7554014280 Exception <a 'java/lang/NoSuchMethodError'{0x00000006158b1338}: 'void java.lang.invoke.DirectMethodHandle$Holder.invokeSpecial(java.lang.Object, java.lang.Object, java.lang.Object, java.lang.Object, java.lang.Object)'> (0x00000006158b1338) 
thrown [./src/hotspot/share/interpreter/linkResolver.cpp, line 758]
Event: 1.636 Thread 0x00007f7554014280 Exception <a 'java/lang/NoSuchMethodError'{0x000000061537a370}: 'int java.lang.invoke.DirectMethodHandle$Holder.invokeSpecial(java.lang.Object, java.lang.Object, java.lang.Object, java.lang.Object, java.lang.Object)'> (0x000000061537a370) 
thrown [./src/hotspot/share/interpreter/linkResolver.cpp, line 758]
Event: 1.665 Thread 0x00007f7554014280 Exception <a 'java/lang/NoSuchMethodError'{0x0000000614ea3f88}: 'java.lang.Object java.lang.invoke.DirectMethodHandle$Holder.invokeStatic(java.lang.Object, java.lang.Object, int, int)'> (0x0000000614ea3f88) 
thrown [./src/hotspot/share/interpreter/linkResolver.cpp, line 758]
Event: 1.775 Thread 0x00007f7554014280 Exception <a 'sun/nio/fs/UnixException'{0x00000006142346b8}> (0x00000006142346b8) 
thrown [./src/hotspot/share/prims/jni.cpp, line 516]
Event: 2.046 Thread 0x00007f7554014280 Exception <a 'java/lang/NoClassDefFoundError'{0x000000062f438850}: org/codehaus/plexus/util/io/CachingOutputStream> (0x000000062f438850) 
thrown [./src/hotspot/share/classfile/systemDictionary.cpp, line 245]
Event: 2.061 Thread 0x00007f7554014280 Exception <a 'java/lang/NoSuchMethodError'{0x000000062f517ec8}: 'int java.lang.invoke.DirectMethodHandle$Holder.invokeStatic(java.lang.Object, java.lang.Object, java.lang.Object, java.lang.Object)'> (0x000000062f517ec8) 
thrown [./src/hotspot/share/interpreter/linkResolver.cpp, line 758]
Event: 2.061 Thread 0x00007f7554014280 Exception <a 'java/lang/NoSuchMethodError'{0x000000062f51b848}: 'java.lang.Object java.lang.invoke.Invokers$Holder.invokeExact_MT(java.lang.Object, java.lang.Object, java.lang.Object, java.lang.Object, java.lang.Object, java.lang.Object)'> (0x000000062f51b848) 
thrown [./src/hotspot/share/interpreter/linkResolver.cpp, line 758]
Event: 2.084 Thread 0x00007f7554014280 Exception <a 'java/lang/NoSuchMethodError'{0x000000062f7f7400}: 'java.lang.Object java.lang.invoke.DirectMethodHandle$Holder.invokeStaticInit(java.lang.Object, java.lang.Object, long, java.lang.Object)'> (0x000000062f7f7400) 
thrown [./src/hotspot/share/interpreter/linkResolver.cpp, line 758]
Event: 2.085 Thread 0x00007f7554014280 Exception <a 'java/lang/NoSuchMethodError'{0x000000062f7fdb40}: 'java.lang.Object java.lang.invoke.DirectMethodHandle$Holder.newInvokeSpecial(java.lang.Object, java.lang.Object, long)'> (0x000000062f7fdb40) 
thrown [./src/hotspot/share/interpreter/linkResolver.cpp, line 758]
Event: 2.086 Thread 0x00007f7554014280 Exception <a 'java/lang/NoSuchMethodError'{0x0000000628001e10}: 'java.lang.Object java.lang.invoke.Invokers$Holder.linkToTargetMethod(java.lang.Object, long, java.lang.Object)'> (0x0000000628001e10) 
thrown [./src/hotspot/share/interpreter/linkResolver.cpp, line 758]
Event: 2.087 Thread 0x00007f7554014280 Exception <a 'java/lang/NoSuchMethodError'{0x00000006280096f8}: 'java.lang.Object java.lang.invoke.DirectMethodHandle$Holder.newInvokeSpecial(java.lang.Object, java.lang.Object, java.lang.Object, int)'> (0x00000006280096f8) 
thrown [./src/hotspot/share/interpreter/linkResolver.cpp, line 758]
Event: 2.088 Thread 0x00007f7554014280 Exception <a 'java/lang/NoSuchMethodError'{0x000000062800dad8}: 'java.lang.Object java.lang.invoke.DirectMethodHandle$Holder.invokeSpecial(java.lang.Object, java.lang.Object, java.lang.Object, java.lang.Object, int)'> (0x000000062800dad8) 
thrown [./src/hotspot/share/interpreter/linkResolver.cpp, line 758]
Event: 2.088 Thread 0x00007f7554014280 Exception <a 'java/lang/NoSuchMethodError'{0x00000006280116a0}: 'java.lang.Object java.lang.invoke.Invokers$Holder.linkToTargetMethod(java.lang.Object, java.lang.Object, int, java.lang.Object)'> (0x00000006280116a0) 
thrown [./src/hotspot/share/interpreter/linkResolver.cpp, line 758]

VM Operations (20 events):
Event: 1.633 Executing VM operation: HandshakeAllThreads
Event: 1.633 Executing VM operation: HandshakeAllThreads done
Event: 1.634 Executing VM operation: HandshakeAllThreads
Event: 1.634 Executing VM operation: HandshakeAllThreads done
Event: 1.672 Executing VM operation: HandshakeAllThreads
Event: 1.672 Executing VM operation: HandshakeAllThreads done
Event: 1.693 Executing VM operation: ICBufferFull
Event: 1.693 Executing VM operation: ICBufferFull done
Event: 1.810 Executing VM operation: ICBufferFull
Event: 1.810 Executing VM operation: ICBufferFull done
Event: 1.838 Executing VM operation: G1CollectForAllocation
Event: 1.845 Executing VM operation: G1CollectForAllocation done
Event: 1.853 Executing VM operation: G1CollectForAllocation
Event: 1.863 Executing VM operation: G1CollectForAllocation done
Event: 2.039 Executing VM operation: G1CollectForAllocation
Event: 2.043 Executing VM operation: G1CollectForAllocation done
Event: 2.091 Executing VM operation: HandshakeAllThreads
Event: 2.091 Executing VM operation: HandshakeAllThreads done
Event: 3.091 Executing VM operation: Cleanup
Event: 3.091 Executing VM operation: Cleanup done

Events (20 events):
Event: 2.093 loading class java/util/concurrent/CompletableFuture$UniHandle done
Event: 2.093 loading class jdk/internal/event/ProcessStartEvent
Event: 2.093 loading class jdk/internal/event/ProcessStartEvent done
Event: 2.094 loading class sun/misc/Signal
Event: 2.094 loading class sun/misc/Signal done
Event: 2.094 loading class sun/misc/SignalHandler
Event: 2.094 loading class sun/misc/SignalHandler done
Event: 2.094 loading class sun/misc/Signal$InternalMiscHandler
Event: 2.094 loading class sun/misc/Signal$InternalMiscHandler done
Event: 2.094 loading class sun/misc/Signal$SunMiscHandler
Event: 2.094 loading class sun/misc/Signal$SunMiscHandler done
Event: 7.094 Thread 0x00007f74a41a4bf0 Thread exited: 0x00007f74a41a4bf0
Event: 7.097 Thread 0x00007f7498225470 Thread exited: 0x00007f7498225470
Event: 7.124 Thread 0x00007f7484022030 Thread exited: 0x00007f7484022030
Event: 7.145 Thread 0x00007f74840208e0 Thread exited: 0x00007f74840208e0
Event: 12.093 Thread 0x00007f748401f720 Thread exited: 0x00007f748401f720
Event: 12.094 Thread 0x00007f74a41a3a30 Thread exited: 0x00007f74a41a3a30
Event: 12.095 Thread 0x00007f74a401d120 Thread exited: 0x00007f74a401d120
Event: 12.103 Thread 0x00007f748c12dfc0 Thread exited: 0x00007f748c12dfc0
Event: 12.113 Thread 0x00007f74a4060150 Thread exited: 0x00007f74a4060150


Dynamic libraries:
610800000-616000000 rw-p 00000000 00:00 0 
616000000-627000000 ---p 00000000 00:00 0 
627000000-628400000 rw-p 00000000 00:00 0 
628400000-62f400000 ---p 00000000 00:00 0 
62f400000-62f800000 rw-p 00000000 00:00 0 
62f800000-7ff800000 ---p 00000000 00:00 0 
7ff800000-7ffb00000 rw-p 00000000 00:00 0 
7ffb00000-7ffb75000 rw-p 00c76000 103:06 21400021                        /usr/lib/jvm/java-17-openjdk-amd64/lib/server/classes.jsa
7ffb75000-7ffc00000 rw-p 00000000 00:00 0 
7ffc00000-7ffc77000 rw-p 00bff000 103:06 21400021                        /usr/lib/jvm/java-17-openjdk-amd64/lib/server/classes.jsa
7ffc77000-800000000 rw-p 00000000 00:00 0 
5567038b7000-5567038b8000 r--p 00000000 103:06 20862478                  /usr/lib/jvm/java-17-openjdk-amd64/bin/java
5567038b8000-5567038b9000 r-xp 00001000 103:06 20862478                  /usr/lib/jvm/java-17-openjdk-amd64/bin/java
5567038b9000-5567038ba000 r--p 00002000 103:06 20862478                  /usr/lib/jvm/java-17-openjdk-amd64/bin/java
5567038ba000-5567038bb000 r--p 00002000 103:06 20862478                  /usr/lib/jvm/java-17-openjdk-amd64/bin/java
5567038bb000-5567038bc000 rw-p 00003000 103:06 20862478                  /usr/lib/jvm/java-17-openjdk-amd64/bin/java
5567041d2000-556704376000 rw-p 00000000 00:00 0                          [heap]
7f740c000000-7f740c021000 rw-p 00000000 00:00 0 
7f740c021000-7f7410000000 ---p 00000000 00:00 0 
7f7414000000-7f7414021000 rw-p 00000000 00:00 0 
7f7414021000-7f7418000000 ---p 00000000 00:00 0 
7f7418000000-7f7418021000 rw-p 00000000 00:00 0 
7f7418021000-7f741c000000 ---p 00000000 00:00 0 
7f741c000000-7f741c021000 rw-p 00000000 00:00 0 
7f741c021000-7f7420000000 ---p 00000000 00:00 0 
7f7420000000-7f7420021000 rw-p 00000000 00:00 0 
7f7420021000-7f7424000000 ---p 00000000 00:00 0 
7f7424000000-7f7424021000 rw-p 00000000 00:00 0 
7f7424021000-7f7428000000 ---p 00000000 00:00 0 
7f7428000000-7f7428021000 rw-p 00000000 00:00 0 
7f7428021000-7f742c000000 ---p 00000000 00:00 0 
7f742c000000-7f742c021000 rw-p 00000000 00:00 0 
7f742c021000-7f7430000000 ---p 00000000 00:00 0 
7f7430000000-7f7430021000 rw-p 00000000 00:00 0 
7f7430021000-7f7434000000 ---p 00000000 00:00 0 
7f7434000000-7f7434021000 rw-p 00000000 00:00 0 
7f7434021000-7f7438000000 ---p 00000000 00:00 0 
7f7438000000-7f7438021000 rw-p 00000000 00:00 0 
7f7438021000-7f743c000000 ---p 00000000 00:00 0 
7f743c000000-7f743c021000 rw-p 00000000 00:00 0 
7f743c021000-7f7440000000 ---p 00000000 00:00 0 
7f7440000000-7f7440021000 rw-p 00000000 00:00 0 
7f7440021000-7f7444000000 ---p 00000000 00:00 0 
7f7444000000-7f7444021000 rw-p 00000000 00:00 0 
7f7444021000-7f7448000000 ---p 00000000 00:00 0 
7f7448000000-7f7448021000 rw-p 00000000 00:00 0 
7f7448021000-7f744c000000 ---p 00000000 00:00 0 
7f744c000000-7f744c021000 rw-p 00000000 00:00 0 
7f744c021000-7f7450000000 ---p 00000000 00:00 0 
7f7450000000-7f7450021000 rw-p 00000000 00:00 0 
7f7450021000-7f7454000000 ---p 00000000 00:00 0 
7f7454000000-7f7454021000 rw-p 00000000 00:00 0 
7f7454021000-7f7458000000 ---p 00000000 00:00 0 
7f7458000000-7f7458021000 rw-p 00000000 00:00 0 
7f7458021000-7f745c000000 ---p 00000000 00:00 0 
7f745c000000-7f745c021000 rw-p 00000000 00:00 0 
7f745c021000-7f7460000000 ---p 00000000 00:00 0 
7f7460000000-7f7460021000 rw-p 00000000 00:00 0 
7f7460021000-7f7464000000 ---p 00000000 00:00 0 
7f7464000000-7f7464021000 rw-p 00000000 00:00 0 
7f7464021000-7f7468000000 ---p 00000000 00:00 0 
7f7468000000-7f7468021000 rw-p 00000000 00:00 0 
7f7468021000-7f746c000000 ---p 00000000 00:00 0 
7f746c000000-7f746c021000 rw-p 00000000 00:00 0 
7f746c021000-7f7470000000 ---p 00000000 00:00 0 
7f7470000000-7f7470021000 rw-p 00000000 00:00 0 
7f7470021000-7f7474000000 ---p 00000000 00:00 0 
7f7474000000-7f74749e4000 rw-p 00000000 00:00 0 
7f74749e4000-7f7478000000 ---p 00000000 00:00 0 
7f7478000000-7f7478735000 rw-p 00000000 00:00 0 
7f7478735000-7f747c000000 ---p 00000000 00:00 0 
7f747c000000-7f747c6fc000 rw-p 00000000 00:00 0 
7f747c6fc000-7f7480000000 ---p 00000000 00:00 0 
7f7480000000-7f7480a99000 rw-p 00000000 00:00 0 
7f7480a99000-7f7484000000 ---p 00000000 00:00 0 
7f7484000000-7f7484172000 rw-p 00000000 00:00 0 
7f7484172000-7f7488000000 ---p 00000000 00:00 0 
7f7488000000-7f7488702000 rw-p 00000000 00:00 0 
7f7488702000-7f748c000000 ---p 00000000 00:00 0 
7f748c000000-7f748ca85000 rw-p 00000000 00:00 0 
7f748ca85000-7f7490000000 ---p 00000000 00:00 0 
7f7490000000-7f74901e7000 rw-p 00000000 00:00 0 
7f74901e7000-7f7494000000 ---p 00000000 00:00 0 
7f7494000000-7f7494021000 rw-p 00000000 00:00 0 
7f7494021000-7f7498000000 ---p 00000000 00:00 0 
7f7498000000-7f7498261000 rw-p 00000000 00:00 0 
7f7498261000-7f749c000000 ---p 00000000 00:00 0 
7f749c000000-7f749c021000 rw-p 00000000 00:00 0 
7f749c021000-7f74a0000000 ---p 00000000 00:00 0 
7f74a0000000-7f74a0021000 rw-p 00000000 00:00 0 
7f74a0021000-7f74a4000000 ---p 00000000 00:00 0 
7f74a4000000-7f74a4298000 rw-p 00000000 00:00 0 
7f74a4298000-7f74a8000000 ---p 00000000 00:00 0 
7f74a8000000-7f74a8021000 rw-p 00000000 00:00 0 
7f74a8021000-7f74ac000000 ---p 00000000 00:00 0 
7f74ac000000-7f74ac021000 rw-p 00000000 00:00 0 
7f74ac021000-7f74b0000000 ---p 00000000 00:00 0 
7f74b0000000-7f74b0e94000 rw-p 00000000 00:00 0 
7f74b0e94000-7f74b4000000 ---p 00000000 00:00 0 
7f74b4000000-7f74b4021000 rw-p 00000000 00:00 0 
7f74b4021000-7f74b8000000 ---p 00000000 00:00 0 
7f74b8000000-7f74b8021000 rw-p 00000000 00:00 0 
7f74b8021000-7f74bc000000 ---p 00000000 00:00 0 
7f74bc000000-7f74bc021000 rw-p 00000000 00:00 0 
7f74bc021000-7f74c0000000 ---p 00000000 00:00 0 
7f74c0000000-7f74c0021000 rw-p 00000000 00:00 0 
7f74c0021000-7f74c4000000 ---p 00000000 00:00 0 
7f74c4000000-7f74c4021000 rw-p 00000000 00:00 0 
7f74c4021000-7f74c8000000 ---p 00000000 00:00 0 
7f74cb000000-7f74cbbc7000 rw-p 00001000 103:06 21400021                  /usr/lib/jvm/java-17-openjdk-amd64/lib/server/classes.jsa
7f74cbbc7000-7f74cc000000 ---p 00000000 00:00 0 
7f74cc000000-7f74cc030000 rw-p 00000000 00:00 0 
7f74cc030000-7f74cc070000 rw-p 00000000 00:00 0 
7f74cc070000-7f74cc1b0000 rw-p 00000000 00:00 0 
7f74cc1b0000-7f74cc1f0000 rw-p 00000000 00:00 0 
7f74cc1f0000-7f74cc200000 ---p 00000000 00:00 0 
7f74cc200000-7f74cc300000 rw-p 00000000 00:00 0 
7f74cc300000-7f750c000000 ---p 00000000 00:00 0 
7f750c000000-7f750c021000 rw-p 00000000 00:00 0 
7f750c021000-7f7510000000 ---p 00000000 00:00 0 
7f7510000000-7f75103f0000 rw-p 00000000 00:00 0 
7f75103f0000-7f75113d0000 rw-p 00000000 00:00 0 
7f75113d0000-7f75113f0000 rw-p 00000000 00:00 0 
7f75113f0000-7f75114f0000 rw-p 00000000 00:00 0 
7f75114f0000-7f7511570000 rw-p 00000000 00:00 0 
7f7511570000-7f7511600000 ---p 00000000 00:00 0 
7f7511600000-7f7511670000 rw-p 00000000 00:00 0 
7f7511670000-7f7514000000 ---p 00000000 00:00 0 
7f7514000000-7f7514021000 rw-p 00000000 00:00 0 
7f7514021000-7f7518000000 ---p 00000000 00:00 0 
7f751805b000-7f75182e7000 rw-p 00000000 00:00 0 
7f75182e7000-7f75182e8000 ---p 00000000 00:00 0 
7f75182e8000-7f75183e8000 rw-p 00000000 00:00 0 
7f75183e8000-7f75183e9000 ---p 00000000 00:00 0 
7f75183e9000-7f75184e9000 rw-p 00000000 00:00 0 
7f75184e9000-7f75184ea000 ---p 00000000 00:00 0 
7f75184ea000-7f75185ea000 rw-p 00000000 00:00 0 
7f75185ea000-7f75185eb000 ---p 00000000 00:00 0 
7f75185eb000-7f75186eb000 rw-p 00000000 00:00 0 
7f75186eb000-7f75186ec000 ---p 00000000 00:00 0 
7f75186ec000-7f75187ec000 rw-p 00000000 00:00 0 
7f75187ec000-7f75187ed000 ---p 00000000 00:00 0 
7f75187ed000-7f75188ed000 rw-p 00000000 00:00 0 
7f75188ed000-7f75188ee000 ---p 00000000 00:00 0 
7f75188ee000-7f75189ee000 rw-p 00000000 00:00 0 
7f75189ee000-7f75189ef000 ---p 00000000 00:00 0 
7f75189ef000-7f7518aef000 rw-p 00000000 00:00 0 
7f7518aef000-7f7518af0000 ---p 00000000 00:00 0 
7f7518af0000-7f7518bf0000 rw-p 00000000 00:00 0 
7f7518bf0000-7f7518bf1000 ---p 00000000 00:00 0 
7f7518bf1000-7f7518cf1000 rw-p 00000000 00:00 0 
7f7518cf1000-7f7518cf2000 ---p 00000000 00:00 0 
7f7518cf2000-7f7518df2000 rw-p 00000000 00:00 0 
7f7518df2000-7f7518df3000 ---p 00000000 00:00 0 
7f7518df3000-7f7518ef3000 rw-p 00000000 00:00 0 
7f7518ef3000-7f7518ef4000 ---p 00000000 00:00 0 
7f7518ef4000-7f7518ff4000 rw-p 00000000 00:00 0 
7f7518ff4000-7f7518ff5000 ---p 00000000 00:00 0 
7f7518ff5000-7f75190f5000 rw-p 00000000 00:00 0 
7f75190f5000-7f75190f6000 ---p 00000000 00:00 0 
7f75190f6000-7f75191f6000 rw-p 00000000 00:00 0 
7f75191f6000-7f75191f7000 ---p 00000000 00:00 0 
7f75191f7000-7f75192f7000 rw-p 00000000 00:00 0 
7f75192f7000-7f75192f8000 ---p 00000000 00:00 0 
7f75192f8000-7f75193f8000 rw-p 00000000 00:00 0 
7f75193f8000-7f75193f9000 ---p 00000000 00:00 0 
7f75193f9000-7f75194f9000 rw-p 00000000 00:00 0 
7f75194f9000-7f75194fa000 ---p 00000000 00:00 0 
7f75194fa000-7f75195fa000 rw-p 00000000 00:00 0 
7f75195fa000-7f75195fb000 ---p 00000000 00:00 0 
7f75195fb000-7f75196fb000 rw-p 00000000 00:00 0 
7f75196fb000-7f75196fc000 ---p 00000000 00:00 0 
7f75196fc000-7f75197fc000 rw-p 00000000 00:00 0 
7f75197fc000-7f75197fd000 ---p 00000000 00:00 0 
7f75197fd000-7f75198fd000 rw-p 00000000 00:00 0 
7f75198fd000-7f75198fe000 ---p 00000000 00:00 0 
7f75198fe000-7f75199fe000 rw-p 00000000 00:00 0 
7f75199fe000-7f75199ff000 ---p 00000000 00:00 0 
7f75199ff000-7f7519aff000 rw-p 00000000 00:00 0 
7f7519aff000-7f7519b03000 ---p 00000000 00:00 0 
7f7519b03000-7f7519bff000 rw-p 00000000 00:00 0 
7f7519bff000-7f7519c03000 ---p 00000000 00:00 0 
7f7519c03000-7f7519cff000 rw-p 00000000 00:00 0 
7f7519cff000-7f7519d03000 ---p 00000000 00:00 0 
7f7519d03000-7f7519dff000 rw-p 00000000 00:00 0 
7f7519dff000-7f7519e03000 ---p 00000000 00:00 0 
7f7519e03000-7f7519eff000 rw-p 00000000 00:00 0 
7f7519eff000-7f7519f03000 ---p 00000000 00:00 0 
7f7519f03000-7f7519fff000 rw-p 00000000 00:00 0 
7f7519fff000-7f751a003000 ---p 00000000 00:00 0 
7f751a003000-7f751a0ff000 rw-p 00000000 00:00 0 
7f751a0ff000-7f751a103000 ---p 00000000 00:00 0 
7f751a103000-7f751a1ff000 rw-p 00000000 00:00 0 
7f751a1ff000-7f751a203000 ---p 00000000 00:00 0 
7f751a203000-7f751a2ff000 rw-p 00000000 00:00 0 
7f751a2ff000-7f751a303000 ---p 00000000 00:00 0 
7f751a303000-7f751a3ff000 rw-p 00000000 00:00 0 
7f751a3ff000-7f751a403000 ---p 00000000 00:00 0 
7f751a403000-7f751a4ff000 rw-p 00000000 00:00 0 
7f751a4ff000-7f751a500000 ---p 00000000 00:00 0 
7f751a500000-7f751a600000 rw-p 00000000 00:00 0 
7f751a600000-7f751a604000 ---p 00000000 00:00 0 
7f751a604000-7f751a700000 rw-p 00000000 00:00 0 
7f751a700000-7f751a704000 ---p 00000000 00:00 0 
7f751a704000-7f751a800000 rw-p 00000000 00:00 0 
7f751a800000-7f751a804000 ---p 00000000 00:00 0 
7f751a804000-7f751a900000 rw-p 00000000 00:00 0 
7f751a900000-7f751a904000 ---p 00000000 00:00 0 
7f751a904000-7f751aa00000 rw-p 00000000 00:00 0 
7f751aa00000-7f751aa04000 ---p 00000000 00:00 0 
7f751aa04000-7f751ab00000 rw-p 00000000 00:00 0 
7f751ab00000-7f751ab04000 ---p 00000000 00:00 0 
7f751ab04000-7f751ac00000 rw-p 00000000 00:00 0 
7f751ac00000-7f751b174000 r--p 00000000 103:06 20580944                  /usr/lib/locale/locale-archive
7f751b203000-7f751b207000 ---p 00000000 00:00 0 
7f751b207000-7f751b225000 rw-p 00000000 00:00 0 
7f751b225000-7f751b229000 ---p 00000000 00:00 0 
7f751b229000-7f751b325000 rw-p 00000000 00:00 0 
7f751b325000-7f751b329000 ---p 00000000 00:00 0 
7f751b329000-7f751b425000 rw-p 00000000 00:00 0 
7f751b425000-7f751b429000 ---p 00000000 00:00 0 
7f751b429000-7f751b525000 rw-p 00000000 00:00 0 
7f751b525000-7f751b526000 ---p 00000000 00:00 0 
7f751b526000-7f751b626000 rw-p 00000000 00:00 0 
7f751b626000-7f751b62b000 r--p 00000000 103:06 21400005                  /usr/lib/jvm/java-17-openjdk-amd64/lib/libjsvml.so
7f751b62b000-7f751b66c000 r-xp 00005000 103:06 21400005                  /usr/lib/jvm/java-17-openjdk-amd64/lib/libjsvml.so
7f751b66c000-7f751b6f5000 r--p 00046000 103:06 21400005                  /usr/lib/jvm/java-17-openjdk-amd64/lib/libjsvml.so
7f751b6f5000-7f751b6f6000 r--p 000ce000 103:06 21400005                  /usr/lib/jvm/java-17-openjdk-amd64/lib/libjsvml.so
7f751b6f6000-7f751b6f7000 rw-p 000cf000 103:06 21400005                  /usr/lib/jvm/java-17-openjdk-amd64/lib/libjsvml.so
7f751b6f7000-7f751b6f8000 ---p 00000000 00:00 0 
7f751b6f8000-7f751b7f8000 rw-p 00000000 00:00 0 
7f751b7f8000-7f751b7f9000 ---p 00000000 00:00 0 
7f751b7f9000-7f751c021000 rw-p 00000000 00:00 0 
7f751c021000-7f7520000000 ---p 00000000 00:00 0 
7f7520000000-7f7520021000 rw-p 00000000 00:00 0 
7f7520021000-7f7524000000 ---p 00000000 00:00 0 
7f7524000000-7f7524021000 rw-p 00000000 00:00 0 
7f7524021000-7f7528000000 ---p 00000000 00:00 0 
7f7528001000-7f752a607000 rw-p 00000000 00:00 0 
7f752a607000-7f752a608000 ---p 00000000 00:00 0 
7f752a608000-7f752a708000 rw-p 00000000 00:00 0 
7f752a708000-7f752a709000 ---p 00000000 00:00 0 
7f752a709000-7f752a809000 rw-p 00000000 00:00 0 
7f752a809000-7f752a80a000 ---p 00000000 00:00 0 
7f752a80a000-7f752ab28000 rw-p 00000000 00:00 0 
7f752ab28000-7f752af68000 ---p 00000000 00:00 0 
7f752af68000-7f752afb8000 rw-p 00000000 00:00 0 
7f752afb8000-7f752b178000 ---p 00000000 00:00 0 
7f752b178000-7f752b188000 rw-p 00000000 00:00 0 
7f752b188000-7f7532588000 ---p 00000000 00:00 0 
7f7532588000-7f7532708000 rw-p 00000000 00:00 0 
7f7532708000-7f7532b48000 ---p 00000000 00:00 0 
7f7532b48000-7f7532b98000 rw-p 00000000 00:00 0 
7f7532b98000-7f7532d58000 ---p 00000000 00:00 0 
7f7532d58000-7f7532d68000 rw-p 00000000 00:00 0 
7f7532d68000-7f753a168000 ---p 00000000 00:00 0 
7f753a168000-7f753a1b4000 rw-p 00000000 00:00 0 
7f753a1b4000-7f753a23c000 ---p 00000000 00:00 0 
7f753a23c000-7f753a246000 rw-p 00000000 00:00 0 
7f753a246000-7f753a27e000 ---p 00000000 00:00 0 
7f753a27e000-7f753a280000 rw-p 00000000 00:00 0 
7f753a280000-7f753b100000 ---p 00000000 00:00 0 
7f753b100000-7f753b130000 rw-p 00000000 00:00 0 
7f753b130000-7f753b1b8000 ---p 00000000 00:00 0 
7f753b1b8000-7f753b1c2000 rw-p 00000000 00:00 0 
7f753b1c2000-7f753b1fa000 ---p 00000000 00:00 0 
7f753b1fa000-7f753b1fc000 rw-p 00000000 00:00 0 
7f753b1fc000-7f753c07c000 ---p 00000000 00:00 0 
7f753c07c000-7f753c0ac000 rw-p 00000000 00:00 0 
7f753c0ac000-7f753c134000 ---p 00000000 00:00 0 
7f753c134000-7f753c13e000 rw-p 00000000 00:00 0 
7f753c13e000-7f753c176000 ---p 00000000 00:00 0 
7f753c176000-7f753c178000 rw-p 00000000 00:00 0 
7f753c178000-7f753cff8000 ---p 00000000 00:00 0 
7f753cff8000-7f753d400000 rw-p 00000000 00:00 0 
7f753d400000-7f753df50000 rwxp 00000000 00:00 0 
7f753df50000-7f754485f000 ---p 00000000 00:00 0 
7f754485f000-7f7544b4f000 rwxp 00000000 00:00 0 
7f7544b4f000-7f7544fa0000 ---p 00000000 00:00 0 
7f7544fa0000-7f75452b0000 rwxp 00000000 00:00 0 
7f75452b0000-7f754c400000 ---p 00000000 00:00 0 
7f754c400000-7f7553e6d000 r--s 00000000 103:06 21400020                  /usr/lib/jvm/java-17-openjdk-amd64/lib/modules
7f7553e7e000-7f75552fb000 rw-p 00000000 00:00 0 
7f75552fb000-7f7558000000 ---p 00000000 00:00 0 
7f7558016000-7f755801a000 r--p 00000000 103:06 21400018                  /usr/lib/jvm/java-17-openjdk-amd64/lib/libverify.so
7f755801a000-7f7558021000 r-xp 00004000 103:06 21400018                  /usr/lib/jvm/java-17-openjdk-amd64/lib/libverify.so
7f7558021000-7f7558023000 r--p 0000b000 103:06 21400018                  /usr/lib/jvm/java-17-openjdk-amd64/lib/libverify.so
7f7558023000-7f7558025000 r--p 0000c000 103:06 21400018                  /usr/lib/jvm/java-17-openjdk-amd64/lib/libverify.so
7f7558025000-7f7558026000 rw-p 0000e000 103:06 21400018                  /usr/lib/jvm/java-17-openjdk-amd64/lib/libverify.so
7f7558026000-7f7558835000 rw-p 00000000 00:00 0 
7f7558835000-7f7558917000 ---p 00000000 00:00 0 
7f7558917000-7f755892e000 rw-p 00000000 00:00 0 
7f755892e000-7f7558a00000 ---p 00000000 00:00 0 
7f7558a00000-7f7558a9c000 r--p 00000000 103:06 20595114                  /usr/lib/x86_64-linux-gnu/libstdc++.so.6.0.32
7f7558a9c000-7f7558bcd000 r-xp 0009c000 103:06 20595114                  /usr/lib/x86_64-linux-gnu/libstdc++.so.6.0.32
7f7558bcd000-7f7558c5a000 r--p 001cd000 103:06 20595114                  /usr/lib/x86_64-linux-gnu/libstdc++.so.6.0.32
7f7558c5a000-7f7558c65000 r--p 0025a000 103:06 20595114                  /usr/lib/x86_64-linux-gnu/libstdc++.so.6.0.32
7f7558c65000-7f7558c68000 rw-p 00265000 103:06 20595114                  /usr/lib/x86_64-linux-gnu/libstdc++.so.6.0.32
7f7558c68000-7f7558c6c000 rw-p 00000000 00:00 0 
7f7558c74000-7f7558d00000 rw-p 00000000 00:00 0 
7f7558d00000-7f7558d04000 ---p 00000000 00:00 0 
7f7558d04000-7f7558e00000 rw-p 00000000 00:00 0 
7f7558e00000-7f7559051000 r--p 00000000 103:06 21400024                  /usr/lib/jvm/java-17-openjdk-amd64/lib/server/libjvm.so
7f7559051000-7f7559dbb000 r-xp 00251000 103:06 21400024                  /usr/lib/jvm/java-17-openjdk-amd64/lib/server/libjvm.so
7f7559dbb000-7f755a03b000 r--p 00fbb000 103:06 21400024                  /usr/lib/jvm/java-17-openjdk-amd64/lib/server/libjvm.so
7f755a03b000-7f755a0f3000 r--p 0123b000 103:06 21400024                  /usr/lib/jvm/java-17-openjdk-amd64/lib/server/libjvm.so
7f755a0f3000-7f755a128000 rw-p 012f3000 103:06 21400024                  /usr/lib/jvm/java-17-openjdk-amd64/lib/server/libjvm.so
7f755a128000-7f755a182000 rw-p 00000000 00:00 0 
7f755a188000-7f755a1c9000 rw-p 00000000 00:00 0 
7f755a1cb000-7f755a1d2000 r--s 00000000 103:06 20580850                  /usr/lib/x86_64-linux-gnu/gconv/gconv-modules.cache
7f755a1d2000-7f755a1d6000 r--p 00000000 103:06 21400011                  /usr/lib/jvm/java-17-openjdk-amd64/lib/libnet.so
7f755a1d6000-7f755a1e4000 r-xp 00004000 103:06 21400011                  /usr/lib/jvm/java-17-openjdk-amd64/lib/libnet.so
7f755a1e4000-7f755a1e8000 r--p 00012000 103:06 21400011                  /usr/lib/jvm/java-17-openjdk-amd64/lib/libnet.so
7f755a1e8000-7f755a1e9000 r--p 00015000 103:06 21400011                  /usr/lib/jvm/java-17-openjdk-amd64/lib/libnet.so
7f755a1e9000-7f755a1ea000 rw-p 00016000 103:06 21400011                  /usr/lib/jvm/java-17-openjdk-amd64/lib/libnet.so
7f755a1ea000-7f755a1f1000 r--p 00000000 103:06 21400012                  /usr/lib/jvm/java-17-openjdk-amd64/lib/libnio.so
7f755a1f1000-7f755a1fa000 r-xp 00007000 103:06 21400012                  /usr/lib/jvm/java-17-openjdk-amd64/lib/libnio.so
7f755a1fa000-7f755a1fe000 r--p 00010000 103:06 21400012                  /usr/lib/jvm/java-17-openjdk-amd64/lib/libnio.so
7f755a1fe000-7f755a1ff000 r--p 00014000 103:06 21400012                  /usr/lib/jvm/java-17-openjdk-amd64/lib/libnio.so
7f755a1ff000-7f755a200000 rw-p 00015000 103:06 21400012                  /usr/lib/jvm/java-17-openjdk-amd64/lib/libnio.so
7f755a200000-7f755a226000 r--p 00000000 103:06 20578688                  /usr/lib/x86_64-linux-gnu/libc.so.6
7f755a226000-7f755a3a5000 r-xp 00026000 103:06 20578688                  /usr/lib/x86_64-linux-gnu/libc.so.6
7f755a3a5000-7f755a3fa000 r--p 001a5000 103:06 20578688                  /usr/lib/x86_64-linux-gnu/libc.so.6
7f755a3fa000-7f755a3fe000 r--p 001f9000 103:06 20578688                  /usr/lib/x86_64-linux-gnu/libc.so.6
7f755a3fe000-7f755a400000 rw-p 001fd000 103:06 20578688                  /usr/lib/x86_64-linux-gnu/libc.so.6
7f755a400000-7f755a40d000 rw-p 00000000 00:00 0 
7f755a40e000-7f755a410000 r--p 00000000 103:06 21400019                  /usr/lib/jvm/java-17-openjdk-amd64/lib/libzip.so
7f755a410000-7f755a415000 r-xp 00002000 103:06 21400019                  /usr/lib/jvm/java-17-openjdk-amd64/lib/libzip.so
7f755a415000-7f755a417000 r--p 00007000 103:06 21400019                  /usr/lib/jvm/java-17-openjdk-amd64/lib/libzip.so
7f755a417000-7f755a418000 r--p 00008000 103:06 21400019                  /usr/lib/jvm/java-17-openjdk-amd64/lib/libzip.so
7f755a418000-7f755a419000 rw-p 00009000 103:06 21400019                  /usr/lib/jvm/java-17-openjdk-amd64/lib/libzip.so
7f755a419000-7f755a49b000 rw-p 00000000 00:00 0 
7f755a49b000-7f755a4a4000 ---p 00000000 00:00 0 
7f755a4a4000-7f755a4b0000 r--p 00000000 103:06 21399998                  /usr/lib/jvm/java-17-openjdk-amd64/lib/libjava.so
7f755a4b0000-7f755a4c2000 r-xp 0000c000 103:06 21399998                  /usr/lib/jvm/java-17-openjdk-amd64/lib/libjava.so
7f755a4c2000-7f755a4c8000 r--p 0001e000 103:06 21399998                  /usr/lib/jvm/java-17-openjdk-amd64/lib/libjava.so
7f755a4c8000-7f755a4c9000 r--p 00023000 103:06 21399998                  /usr/lib/jvm/java-17-openjdk-amd64/lib/libjava.so
7f755a4c9000-7f755a4ca000 rw-p 00024000 103:06 21399998                  /usr/lib/jvm/java-17-openjdk-amd64/lib/libjava.so
7f755a4ca000-7f755a4cb000 rw-p 00000000 00:00 0 
7f755a4cb000-7f755a4ce000 r--p 00000000 103:06 20594678                  /usr/lib/x86_64-linux-gnu/libgcc_s.so.1
7f755a4ce000-7f755a4e9000 r-xp 00003000 103:06 20594678                  /usr/lib/x86_64-linux-gnu/libgcc_s.so.1
7f755a4e9000-7f755a4ed000 r--p 0001e000 103:06 20594678                  /usr/lib/x86_64-linux-gnu/libgcc_s.so.1
7f755a4ed000-7f755a4ee000 r--p 00021000 103:06 20594678                  /usr/lib/x86_64-linux-gnu/libgcc_s.so.1
7f755a4ee000-7f755a4ef000 rw-p 00022000 103:06 20594678                  /usr/lib/x86_64-linux-gnu/libgcc_s.so.1
7f755a4ef000-7f755a4ff000 r--p 00000000 103:06 20578691                  /usr/lib/x86_64-linux-gnu/libm.so.6
7f755a4ff000-7f755a57f000 r-xp 00010000 103:06 20578691                  /usr/lib/x86_64-linux-gnu/libm.so.6
7f755a57f000-7f755a5d8000 r--p 00090000 103:06 20578691                  /usr/lib/x86_64-linux-gnu/libm.so.6
7f755a5d8000-7f755a5d9000 r--p 000e8000 103:06 20578691                  /usr/lib/x86_64-linux-gnu/libm.so.6
7f755a5d9000-7f755a5da000 rw-p 000e9000 103:06 20578691                  /usr/lib/x86_64-linux-gnu/libm.so.6
7f755a5da000-7f755a5dd000 rw-p 00000000 00:00 0 
7f755a5dd000-7f755a5df000 r--p 00000000 103:06 21400002                  /usr/lib/jvm/java-17-openjdk-amd64/lib/libjli.so
7f755a5df000-7f755a5e9000 r-xp 00002000 103:06 21400002                  /usr/lib/jvm/java-17-openjdk-amd64/lib/libjli.so
7f755a5e9000-7f755a5ec000 r--p 0000c000 103:06 21400002                  /usr/lib/jvm/java-17-openjdk-amd64/lib/libjli.so
7f755a5ec000-7f755a5ed000 r--p 0000f000 103:06 21400002                  /usr/lib/jvm/java-17-openjdk-amd64/lib/libjli.so
7f755a5ed000-7f755a5ee000 rw-p 00010000 103:06 21400002                  /usr/lib/jvm/java-17-openjdk-amd64/lib/libjli.so
7f755a5ee000-7f755a5f1000 r--p 00000000 103:06 20595254                  /usr/lib/x86_64-linux-gnu/libz.so.1.2.13
7f755a5f1000-7f755a604000 r-xp 00003000 103:06 20595254                  /usr/lib/x86_64-linux-gnu/libz.so.1.2.13
7f755a604000-7f755a60b000 r--p 00016000 103:06 20595254                  /usr/lib/x86_64-linux-gnu/libz.so.1.2.13
7f755a60b000-7f755a60c000 r--p 0001c000 103:06 20595254                  /usr/lib/x86_64-linux-gnu/libz.so.1.2.13
7f755a60c000-7f755a60d000 rw-p 0001d000 103:06 20595254                  /usr/lib/x86_64-linux-gnu/libz.so.1.2.13
7f755a60e000-7f755a616000 rw-s 00000000 103:06 68419616                  /tmp/hsperfdata_acmahaja/1256805
7f755a616000-7f755a617000 ---p 00000000 00:00 0 
7f755a617000-7f755a618000 r--p 00000000 00:00 0 
7f755a618000-7f755a619000 ---p 00000000 00:00 0 
7f755a619000-7f755a61b000 r--p 00000000 103:06 21400001                  /usr/lib/jvm/java-17-openjdk-amd64/lib/libjimage.so
7f755a61b000-7f755a61e000 r-xp 00002000 103:06 21400001                  /usr/lib/jvm/java-17-openjdk-amd64/lib/libjimage.so
7f755a61e000-7f755a61f000 r--p 00005000 103:06 21400001                  /usr/lib/jvm/java-17-openjdk-amd64/lib/libjimage.so
7f755a61f000-7f755a620000 r--p 00006000 103:06 21400001                  /usr/lib/jvm/java-17-openjdk-amd64/lib/libjimage.so
7f755a620000-7f755a621000 rw-p 00007000 103:06 21400001                  /usr/lib/jvm/java-17-openjdk-amd64/lib/libjimage.so
7f755a621000-7f755a623000 rw-p 00000000 00:00 0 
7f755a623000-7f755a624000 r--p 00000000 103:06 20578668                  /usr/lib/x86_64-linux-gnu/ld-linux-x86-64.so.2
7f755a624000-7f755a64e000 r-xp 00001000 103:06 20578668                  /usr/lib/x86_64-linux-gnu/ld-linux-x86-64.so.2
7f755a64e000-7f755a658000 r--p 0002b000 103:06 20578668                  /usr/lib/x86_64-linux-gnu/ld-linux-x86-64.so.2
7f755a658000-7f755a65a000 r--p 00035000 103:06 20578668                  /usr/lib/x86_64-linux-gnu/ld-linux-x86-64.so.2
7f755a65a000-7f755a65c000 rw-p 00037000 103:06 20578668                  /usr/lib/x86_64-linux-gnu/ld-linux-x86-64.so.2
7fff1ea70000-7fff1ea92000 rw-p 00000000 00:00 0                          [stack]
7fff1ebc2000-7fff1ebc6000 r--p 00000000 00:00 0                          [vvar]
7fff1ebc6000-7fff1ebc8000 r-xp 00000000 00:00 0                          [vdso]
ffffffffff600000-ffffffffff601000 --xp 00000000 00:00 0                  [vsyscall]


VM Arguments:
jvm_args: -Dclassworlds.conf=/usr/share/maven/bin/m2.conf -Dmaven.home=/usr/share/maven -Dlibrary.jansi.path=/usr/share/maven/lib/jansi-native -Dmaven.multiModuleProjectDirectory=/home/acmahaja/code/courses/Spring Boot for beginners 
java_command: org.codehaus.plexus.classworlds.launcher.Launcher spring-boot:run
java_class_path (initial): /usr/share/maven/boot/plexus-classworlds-2.x.jar
Launcher Type: SUN_STANDARD

[Global flags]
     intx CICompilerCount                          = 12                                        {product} {ergonomic}
     uint ConcGCThreads                            = 3                                         {product} {ergonomic}
     uint G1ConcRefinementThreads                  = 13                                        {product} {ergonomic}
   size_t G1HeapRegionSize                         = 4194304                                   {product} {ergonomic}
    uintx GCDrainStackTargetSize                   = 64                                        {product} {ergonomic}
   size_t InitialHeapSize                          = 520093696                                 {product} {ergonomic}
   size_t MarkStackSize                            = 4194304                                   {product} {ergonomic}
   size_t MaxHeapSize                              = 8313110528                                {product} {ergonomic}
   size_t MaxNewSize                               = 4987027456                                {product} {ergonomic}
   size_t MinHeapDeltaBytes                        = 4194304                                   {product} {ergonomic}
   size_t MinHeapSize                              = 8388608                                   {product} {ergonomic}
    uintx NonNMethodCodeHeapSize                   = 7602480                                {pd product} {ergonomic}
    uintx NonProfiledCodeHeapSize                  = 122027880                              {pd product} {ergonomic}
    uintx ProfiledCodeHeapSize                     = 122027880                              {pd product} {ergonomic}
    uintx ReservedCodeCacheSize                    = 251658240                              {pd product} {ergonomic}
     bool SegmentedCodeCache                       = true                                      {product} {ergonomic}
   size_t SoftMaxHeapSize                          = 8313110528                             {manageable} {ergonomic}
     bool UseCompressedClassPointers               = true                           {product lp64_product} {ergonomic}
     bool UseCompressedOops                        = true                           {product lp64_product} {ergonomic}
     bool UseG1GC                                  = true                                      {product} {ergonomic}

Logging:
Log output configuration:
 #0: stdout all=warning uptime,level,tags
 #1: stderr all=off uptime,level,tags

Environment Variables:
PATH=/home/acmahaja/code/courses/Spring Boot for beginners/node_modules/.bin:/home/acmahaja/.local/share/nvim/mason/bin:/home/acmahaja/.local/bin:/usr/local/sbin:/usr/local/bin:/usr/sbin:/usr/bin:/sbin:/bin:/usr/games:/usr/local/games:/snap/bin:/snap/bin:/home/acmahaja/.fzf/bin
USERNAME=acmahaja
SHELL=/usr/bin/zsh
DISPLAY=:1
LANG=en_US.UTF-8
TERM=tmux-256color

Active Locale:
LC_ALL=en_US.UTF-8
LC_COLLATE=en_US.UTF-8
LC_CTYPE=en_US.UTF-8
LC_MESSAGES=en_US.UTF-8
LC_MONETARY=en_US.UTF-8
LC_NUMERIC=en_US.UTF-8
LC_TIME=en_US.UTF-8

Signal Handlers:
   SIGSEGV: crash_handler in libjvm.so, mask=11100100010111111101111111111110, flags=SA_RESTART|SA_SIGINFO, unblocked
    SIGBUS: crash_handler in libjvm.so, mask=11100100010111111101111111111110, flags=SA_RESTART|SA_SIGINFO, unblocked
    SIGFPE: crash_handler in libjvm.so, mask=11100100010111111101111111111110, flags=SA_RESTART|SA_SIGINFO, unblocked
   SIGPIPE: javaSignalHandler in libjvm.so, mask=11100100010111111101111111111110, flags=SA_RESTART|SA_SIGINFO, blocked
   SIGXFSZ: javaSignalHandler in libjvm.so, mask=11100100010111111101111111111110, flags=SA_RESTART|SA_SIGINFO, blocked
    SIGILL: crash_handler in libjvm.so, mask=11100100010111111101111111111110, flags=SA_RESTART|SA_SIGINFO, unblocked
   SIGUSR2: SR_handler in libjvm.so, mask=00000000000000000000000000000000, flags=SA_RESTART|SA_SIGINFO, blocked
    SIGHUP: UserHandler in libjvm.so, mask=11100100010111111101111111111110, flags=SA_RESTART|SA_SIGINFO, blocked
    SIGINT: UserHandler in libjvm.so, mask=11100100010111111101111111111110, flags=SA_RESTART|SA_SIGINFO, blocked
   SIGTERM: UserHandler in libjvm.so, mask=11100100010111111101111111111110, flags=SA_RESTART|SA_SIGINFO, blocked
   SIGQUIT: UserHandler in libjvm.so, mask=11100100010111111101111111111110, flags=SA_RESTART|SA_SIGINFO, blocked
   SIGTRAP: crash_handler in libjvm.so, mask=11100100010111111101111111111110, flags=SA_RESTART|SA_SIGINFO, unblocked


Periodic native trim disabled


---------------  S Y S T E M  ---------------

OS:
DISTRIB_ID=Ubuntu
DISTRIB_RELEASE=23.10
DISTRIB_CODENAME=mantic
DISTRIB_DESCRIPTION="Ubuntu 23.10"
uname: Linux 6.5.0-21-generic #21-Ubuntu SMP PREEMPT_DYNAMIC Wed Feb  7 14:17:40 UTC 2024 x86_64
OS uptime: 0 days 19:43 hours
libc: glibc 2.38 NPTL 2.38 
rlimit (soft/hard): STACK 8192k/infinity , CORE 0k/infinity , NPROC 126569/126569 , NOFILE 1048576/1048576 , AS infinity/infinity , CPU infinity/infinity , DATA infinity/infinity , FSIZE infinity/infinity , MEMLOCK 4058112k/4058112k
load average: 2.45 2.50 2.26

/proc/meminfo:
MemTotal:       32464900 kB
MemFree:         4421768 kB
MemAvailable:   18566932 kB
Buffers:          593060 kB
Cached:         13906340 kB
SwapCached:            0 kB
Active:         14261208 kB
Inactive:       11093872 kB
Active(anon):   11709732 kB
Inactive(anon):   200696 kB
Active(file):    2551476 kB
Inactive(file): 10893176 kB
Unevictable:      700688 kB
Mlocked:             220 kB
SwapTotal:      35651580 kB
SwapFree:       35651580 kB
Zswap:                 0 kB
Zswapped:              0 kB
Dirty:             24864 kB
Writeback:             0 kB
AnonPages:      11556380 kB
Mapped:          1882228 kB
Shmem:           1054764 kB
KReclaimable:    1168300 kB
Slab:            1507112 kB
SReclaimable:    1168300 kB
SUnreclaim:       338812 kB
KernelStack:       43988 kB
PageTables:       103948 kB
SecPageTables:      3048 kB
NFS_Unstable:          0 kB
Bounce:                0 kB
WritebackTmp:          0 kB
CommitLimit:    51884028 kB
Committed_AS:   45622124 kB
VmallocTotal:   34359738367 kB
VmallocUsed:      184760 kB
VmallocChunk:          0 kB
Percpu:            16704 kB
HardwareCorrupted:     0 kB
AnonHugePages:   4788224 kB
ShmemHugePages:        0 kB
ShmemPmdMapped:        0 kB
FileHugePages:         0 kB
FilePmdMapped:         0 kB
Unaccepted:            0 kB
HugePages_Total:       0
HugePages_Free:        0
HugePages_Rsvd:        0
HugePages_Surp:        0
Hugepagesize:       2048 kB
Hugetlb:               0 kB
DirectMap4k:      722956 kB
DirectMap2M:    13574144 kB
DirectMap1G:    18874368 kB

/sys/kernel/mm/transparent_hugepage/enabled: always [madvise] never
/sys/kernel/mm/transparent_hugepage/defrag (defrag/compaction efforts parameter): always defer defer+madvise [madvise] never

Process Memory:
Virtual Size: 13483044K (peak: 13544548K)
Resident Set Size: 281884K (peak: 318332K) (anon: 250680K, file: 31204K, shmem: 0K)
Swapped out: 0K
C-Heap outstanding allocations: 50281K, retained: 66010K
glibc malloc tunables: (default)

/proc/sys/kernel/threads-max (system-wide limit on the number of threads): 253138
/proc/sys/vm/max_map_count (maximum number of memory map areas a process may have): 65530
/proc/sys/kernel/pid_max (system-wide limit on number of process identifiers): 4194304

container (cgroup) information:
container_type: cgroupv2
cpu_cpuset_cpus: not supported
cpu_memory_nodes: not supported
active_processor_count: 16
cpu_quota: not supported
cpu_period: not supported
cpu_shares: not supported
memory_limit_in_bytes: unlimited
memory_and_swap_limit_in_bytes: unlimited
memory_soft_limit_in_bytes: unlimited
memory_usage_in_bytes: 2124744 k
memory_max_usage_in_bytes: not supported
memory_swap_current_in_bytes: unlimited
memory_swap_max_limit_in_bytes: unlimited
maximum number of tasks: 37970
current number of tasks: 369

Steal ticks since vm start: 0
Steal ticks percentage since vm start:  0.000

CPU: total 16 (initial active 16) (8 cores per cpu, 2 threads per core) family 6 model 158 stepping 13 microcode 0xfa, cx8, cmov, fxsr, ht, mmx, 3dnowpref, sse, sse2, sse3, ssse3, sse4.1, sse4.2, popcnt, lzcnt, tsc, tscinvbit, avx, avx2, aes, erms, clmul, bmi1, bmi2, rtm, adx, fma, vzeroupper, clflush, clflushopt
CPU Model and flags from /proc/cpuinfo:
model name	: Intel(R) Core(TM) i9-9980HK CPU @ 2.40GHz
flags		: fpu vme de pse tsc msr pae mce cx8 apic sep mtrr pge mca cmov pat pse36 clflush dts acpi mmx fxsr sse sse2 ss ht tm pbe syscall nx pdpe1gb rdtscp lm constant_tsc art arch_perfmon pebs bts rep_good nopl xtopology nonstop_tsc cpuid aperfmperf pni pclmulqdq dtes64 monitor ds_cpl vmx est tm2 ssse3 sdbg fma cx16 xtpr pdcm pcid sse4_1 sse4_2 x2apic movbe popcnt tsc_deadline_timer aes xsave avx f16c rdrand lahf_lm abm 3dnowprefetch cpuid_fault epb invpcid_single ssbd ibrs ibpb stibp ibrs_enhanced tpr_shadow flexpriority ept vpid ept_ad fsgsbase tsc_adjust sgx bmi1 avx2 smep bmi2 erms invpcid mpx rdseed adx smap clflushopt intel_pt xsaveopt xsavec xgetbv1 xsaves dtherm ida arat pln pts hwp hwp_notify hwp_act_window hwp_epp vnmi sgx_lc md_clear flush_l1d arch_capabilities

Online cpus: 0-15
Offline cpus: 
BIOS frequency limitation: <Not Available>
Frequency switch latency (ns): 0
Available cpu frequencies: <Not Available>
Current governor: powersave
Core performance/turbo boost: <Not Available>

Memory: 4k page, physical 32464900k(4420256k free), swap 35651580k(35651580k free)
Page Sizes: 4k

vm_info: OpenJDK 64-Bit Server VM (17.0.10+7-Ubuntu-123.10.1) for linux-amd64 JRE (17.0.10+7-Ubuntu-123.10.1), built on Feb  5 2024 21:04:26 by "buildd" with gcc 13.2.0

END.
