#
# A fatal error has been detected by the Java Runtime Environment:
#
#  SIGSEGV (0xb) at pc=0x00007f4bce5d4d3e, pid=1261654, tid=1261654
#
# JRE version: OpenJDK Runtime Environment (17.0.10+7) (build 17.0.10+7-Ubuntu-123.10.1)
# Java VM: OpenJDK 64-Bit Server VM (17.0.10+7-Ubuntu-123.10.1, mixed mode, sharing, tiered, compressed oops, compressed class ptrs, g1 gc, linux-amd64)
# Problematic frame:
# V  [libjvm.so+0xdd4d3e]  SR_handler(int, siginfo_t*, ucontext_t*)+0x9e
#
# Core dump will be written. Default location: Core dumps may be processed with "/usr/share/apport/apport -p%p -s%s -c%c -d%d -P%P -u%u -g%g -- %E" (or dumping to /home/acmahaja/code/courses/Spring Boot for beginners/core.1261654)
#
# If you would like to submit a bug report, please visit:
#   Unknown
#

---------------  S U M M A R Y ------------

Command Line: -Dclassworlds.conf=/usr/share/maven/bin/m2.conf -Dmaven.home=/usr/share/maven -Dlibrary.jansi.path=/usr/share/maven/lib/jansi-native -Dmaven.multiModuleProjectDirectory=/home/acmahaja/code/courses/Spring Boot for beginners org.codehaus.plexus.classworlds.launcher.Launcher spring-boot:run

Host: Intel(R) Core(TM) i9-9980HK CPU @ 2.40GHz, 16 cores, 30G, Ubuntu 23.10
Time: Thu Feb 29 10:48:27 2024 AEDT elapsed time: 12.372423 seconds (0d 0h 0m 12s)

---------------  T H R E A D  ---------------

Current thread is native thread

Stack: [0x00007fffb18e2000,0x00007fffb20e1000],  sp=0x00007fffb20dbe30,  free space=8167k
Native frames: (J=compiled Java code, j=interpreted, Vv=VM code, C=native code)
V  [libjvm.so+0xdd4d3e]  SR_handler(int, siginfo_t*, ucontext_t*)+0x9e


siginfo: si_signo: 11 (SIGSEGV), si_code: 1 (SEGV_MAPERR), si_addr: 0x0000000000000268

Registers:
RAX=0x0000000000000000, RBX=0x00007fffb20dbe40, RCX=0x00007f4bcec9ed08, RDX=0x0000000000000000
RSP=0x00007fffb20dbe30, RBP=0x00007fffb20dbef0, RSI=0x00007fffb20dbe40, RDI=0x0000000000000000
R8 =0x0000000000000000, R9 =0x00000000ffffffff, R10=0x0000000000000008, R11=0x0000000000000246
R12=0x00007f4bcef516c8, R13=0x00007fffb20dc030, R14=0x00007f4bcd7ff990, R15=0x0000000000000000
RIP=0x00007f4bce5d4d3e, EFLAGS=0x0000000000010246, CSGSFS=0x002b000000000033, ERR=0x0000000000000004
  TRAPNO=0x000000000000000e


Top of Stack: (sp=0x00007fffb20dbe30)
0x00007fffb20dbe30:   00007f4bce856b8c 00007fffb20dbf00
0x00007fffb20dbe40:   00000000000004d8 00007f4bce856800
0x00007fffb20dbe50:   00007f4bce856840 00007f4bce856a20
0x00007fffb20dbe60:   00007f4bce856b8c 00007f4bce8568a0
0x00007fffb20dbe70:   00007f4bce856b8c 00007f4bce856920
0x00007fffb20dbe80:   00007f4bce856b8c 00007f4bcefa3e24
0x00007fffb20dbe90:   00007f4bcef9a588 00007f4bcef9a930
0x00007fffb20dbea0:   00007f4bcefd1ab0 0000000024bbd60a
0x00007fffb20dbeb0:   00007f4bcef9a500 00007f4bcefa4292
0x00007fffb20dbec0:   0000000000000006 00007f4bcd7ff6c0
0x00007fffb20dbed0:   0000000000134073 00007fffb20dc658
0x00007fffb20dbee0:   00007f4bcd7ff990 00007fffb20dc5e0
0x00007fffb20dbef0:   0000000000000000 00007f4bcec42990
0x00007fffb20dbf00:   0000000000000007 0000000000000000
0x00007fffb20dbf10:   0000000000000000 00007fff00000002
0x00007fffb20dbf20:   0000000000000000 0000000000000000
0x00007fffb20dbf30:   00000000ffffffff 0000000000000000
0x00007fffb20dbf40:   0000000000000246 0000000000134073
0x00007fffb20dbf50:   00007fffb20dc658 00007f4bcd7ff990
0x00007fffb20dbf60:   00007fffb20dc5e0 00007f4bcd7ff990
0x00007fffb20dbf70:   0000000000000109 0000000000000000
0x00007fffb20dbf80:   00007f4bcd7ff6c0 0000000000134073
0x00007fffb20dbf90:   00000000000000ca 00007f4bcec940f6
0x00007fffb20dbfa0:   00007fffb20dc590 00007f4bcec940f4
0x00007fffb20dbfb0:   0000000000000246 002b000000000033
0x00007fffb20dbfc0:   0000000000000000 0000000000000000
0x00007fffb20dbfd0:   0000000000000000 0000000000000000
0x00007fffb20dbfe0:   00007fffb20dc0c0 00007fffb20dc038
0x00007fffb20dbff0:   0000000000000001 00007fffb20dc040
0x00007fffb20dc000:   00007f4bcef990f8 0000000000000000
0x00007fffb20dc010:   0000000000000000 00007f4bcea3cdb8
0x00007fffb20dc020:   0000000000000000 0000000000000000 

Instructions: (pc=0x00007f4bce5d4d3e)
0x00007f4bce5d4c3e:   c5 47 ff 41 83 fc 02 74 49 48 83 3d 99 71 58 00
0x00007f4bce5d4c4e:   00 74 2f 48 8d 05 88 70 58 00 4a 8d 14 a0 b8 01
0x00007f4bce5d4c5e:   00 00 00 f0 0f c1 02 48 8b 3d 7c 71 58 00 48 83
0x00007f4bce5d4c6e:   ec 80 be 01 00 00 00 5b 41 5c 5d e9 d2 fd f1 ff
0x00007f4bce5d4c7e:   66 90 48 83 ec 80 5b 41 5c 5d c3 0f 1f 80 00 00
0x00007f4bce5d4c8e:   00 00 e8 6b f7 15 00 84 c0 74 ae e8 c6 d3 47 ff
0x00007f4bce5d4c9e:   eb a7 f3 0f 1e fa 55 48 89 e5 41 57 41 56 41 55
0x00007f4bce5d4cae:   49 89 f5 41 54 53 48 8d 9d 50 ff ff ff 48 81 ec
0x00007f4bce5d4cbe:   98 00 00 00 48 89 95 48 ff ff ff e8 72 d0 47 ff
0x00007f4bce5d4cce:   48 89 df 44 8b 38 49 89 c4 e8 b4 cc 47 ff be 04
0x00007f4bce5d4cde:   00 00 00 48 89 df e8 f7 ce 47 ff be 07 00 00 00
0x00007f4bce5d4cee:   48 89 df e8 ea ce 47 ff be 08 00 00 00 48 89 df
0x00007f4bce5d4cfe:   e8 dd ce 47 ff be 0b 00 00 00 48 89 df e8 d0 ce
0x00007f4bce5d4d0e:   47 ff be 05 00 00 00 48 89 df e8 c3 ce 47 ff 31
0x00007f4bce5d4d1e:   d2 48 89 de bf 01 00 00 00 e8 54 c4 47 ff e8 1f
0x00007f4bce5d4d2e:   a8 0e 00 89 c2 31 c0 84 d2 74 05 e8 22 a8 0e 00
0x00007f4bce5d4d3e:   48 8b 90 68 02 00 00 48 85 d2 74 17 4c 8b b0 30
0x00007f4bce5d4d4e:   02 00 00 41 8b 86 a0 00 00 00 83 f8 01 74 1b 45
0x00007f4bce5d4d5e:   89 3c 24 48 81 c4 98 00 00 00 5b 41 5c 41 5d 41
0x00007f4bce5d4d6e:   5e 41 5f 5d c3 0f 1f 44 00 00 48 8b 85 48 ff ff
0x00007f4bce5d4d7e:   ff ba 02 00 00 00 be 01 00 00 00 4d 89 ae a8 00
0x00007f4bce5d4d8e:   00 00 4d 8d ae a0 00 00 00 49 89 86 b0 00 00 00
0x00007f4bce5d4d9e:   4c 89 ef e8 da 05 e6 ff 83 f8 02 74 3d 85 c0 75
0x00007f4bce5d4dae:   11 66 0f ef c0 41 0f 11 86 a8 00 00 00 eb a0 0f
0x00007f4bce5d4dbe:   1f 00 48 8d 05 81 25 52 00 be 63 06 00 00 48 8d
0x00007f4bce5d4dce:   3d cd 61 26 00 48 8b 00 c6 00 58 e8 52 c0 83 ff
0x00007f4bce5d4dde:   e8 ed 37 e6 ff eb ca 0f 1f 00 48 89 df e8 a0 cb
0x00007f4bce5d4dee:   47 ff 48 89 da 31 f6 31 ff e8 84 c3 47 ff 8b 35
0x00007f4bce5d4dfe:   46 7f 53 00 48 89 df e8 76 c8 47 ff be 01 00 00
0x00007f4bce5d4e0e:   00 48 8d 3d ea 6f 58 00 e8 35 fc f1 ff eb 08 0f
0x00007f4bce5d4e1e:   1f 00 83 f8 02 75 3b 48 89 df e8 73 cf 47 ff 31
0x00007f4bce5d4e2e:   d2 be 03 00 00 00 4c 89 ef e8 44 05 e6 ff 85 c0 



---------------  P R O C E S S  ---------------

VM state: not at safepoint (normal execution)

VM Mutex/Monitor currently owned by a thread: None

Heap address: 0x0000000610800000, size: 7928 MB, Compressed Oops mode: Zero based, Oop shift amount: 3

CDS archive(s) mapped at: [0x00007f4b47000000-0x00007f4b47bc7000-0x00007f4b47bc7000), size 12349440, SharedBaseAddress: 0x00007f4b47000000, ArchiveRelocationMode: 1.
Compressed class space mapped at: 0x00007f4b48000000-0x00007f4b88000000, reserved size: 1073741824
Narrow klass base: 0x00007f4b47000000, Narrow klass shift: 0, Narrow klass range: 0x100000000

GC Precious Log:
<Skipped>

Heap:
 garbage-first heap   total 516096K, used 168951K [0x0000000610800000, 0x0000000800000000)
  region size 4096K, 33 young (135168K), 1 survivors (4096K)
 Metaspace       used 16389K, committed 16704K, reserved 1114112K
  class space    used 1772K, committed 1920K, reserved 1048576K

Heap Regions: E=young(eden), S=young(survivor), O=old, HS=humongous(starts), HC=humongous(continues), CS=collection set, F=free, OA=open archive, CA=closed archive, TAMS=top-at-mark-start (previous, next)
|   0|0x0000000610800000, 0x0000000610abb800, 0x0000000610c00000| 68%| O|  |TAMS 0x0000000610800000, 0x0000000610800000| Untracked 
|   1|0x0000000610c00000, 0x0000000611000000, 0x0000000611000000|100%|HS|  |TAMS 0x0000000610c00000, 0x0000000610c00000| Complete 
|   2|0x0000000611000000, 0x0000000611400000, 0x0000000611400000|100%|HC|  |TAMS 0x0000000611000000, 0x0000000611000000| Complete 
|   3|0x0000000611400000, 0x0000000611800000, 0x0000000611800000|100%|HS|  |TAMS 0x0000000611400000, 0x0000000611400000| Complete 
|   4|0x0000000611800000, 0x0000000611c00000, 0x0000000611c00000|100%|HC|  |TAMS 0x0000000611800000, 0x0000000611800000| Complete 
|   5|0x0000000611c00000, 0x0000000612000000, 0x0000000612000000|100%|HC|  |TAMS 0x0000000611c00000, 0x0000000611c00000| Complete 
|   6|0x0000000612000000, 0x0000000612400000, 0x0000000612400000|100%|HS|  |TAMS 0x0000000612000000, 0x0000000612000000| Complete 
|   7|0x0000000612400000, 0x0000000612800000, 0x0000000612800000|100%|HC|  |TAMS 0x0000000612400000, 0x0000000612400000| Complete 
|   8|0x0000000612800000, 0x0000000612c00000, 0x0000000612c00000|100%|HC|  |TAMS 0x0000000612800000, 0x0000000612800000| Complete 
|   9|0x0000000612c00000, 0x0000000612c00000, 0x0000000613000000|  0%| F|  |TAMS 0x0000000612c00000, 0x0000000612c00000| Untracked 
|  10|0x0000000613000000, 0x0000000613000000, 0x0000000613400000|  0%| F|  |TAMS 0x0000000613000000, 0x0000000613000000| Untracked 
|  11|0x0000000613400000, 0x0000000613400000, 0x0000000613800000|  0%| F|  |TAMS 0x0000000613400000, 0x0000000613400000| Untracked 
|  12|0x0000000613800000, 0x0000000613800000, 0x0000000613c00000|  0%| F|  |TAMS 0x0000000613800000, 0x0000000613800000| Untracked 
|  13|0x0000000613c00000, 0x0000000613c00000, 0x0000000614000000|  0%| F|  |TAMS 0x0000000613c00000, 0x0000000613c00000| Untracked 
|  14|0x0000000614000000, 0x0000000614000000, 0x0000000614400000|  0%| F|  |TAMS 0x0000000614000000, 0x0000000614000000| Untracked 
|  15|0x0000000614400000, 0x0000000614400000, 0x0000000614800000|  0%| F|  |TAMS 0x0000000614400000, 0x0000000614400000| Untracked 
|  16|0x0000000614800000, 0x0000000614800000, 0x0000000614c00000|  0%| F|  |TAMS 0x0000000614800000, 0x0000000614800000| Untracked 
|  17|0x0000000614c00000, 0x0000000614c00000, 0x0000000615000000|  0%| F|  |TAMS 0x0000000614c00000, 0x0000000614c00000| Untracked 
|  18|0x0000000615000000, 0x0000000615000000, 0x0000000615400000|  0%| F|  |TAMS 0x0000000615000000, 0x0000000615000000| Untracked 
|  19|0x0000000615400000, 0x0000000615400000, 0x0000000615800000|  0%| F|  |TAMS 0x0000000615400000, 0x0000000615400000| Untracked 
|  20|0x0000000615800000, 0x0000000615800000, 0x0000000615c00000|  0%| F|  |TAMS 0x0000000615800000, 0x0000000615800000| Untracked 
|  21|0x0000000615c00000, 0x0000000615c00000, 0x0000000616000000|  0%| F|  |TAMS 0x0000000615c00000, 0x0000000615c00000| Untracked 
|  22|0x0000000616000000, 0x0000000616000000, 0x0000000616400000|  0%| F|  |TAMS 0x0000000616000000, 0x0000000616000000| Untracked 
|  23|0x0000000616400000, 0x0000000616400000, 0x0000000616800000|  0%| F|  |TAMS 0x0000000616400000, 0x0000000616400000| Untracked 
|  24|0x0000000616800000, 0x0000000616800000, 0x0000000616c00000|  0%| F|  |TAMS 0x0000000616800000, 0x0000000616800000| Untracked 
|  25|0x0000000616c00000, 0x0000000616c00000, 0x0000000617000000|  0%| F|  |TAMS 0x0000000616c00000, 0x0000000616c00000| Untracked 
|  26|0x0000000617000000, 0x0000000617000000, 0x0000000617400000|  0%| F|  |TAMS 0x0000000617000000, 0x0000000617000000| Untracked 
|  27|0x0000000617400000, 0x0000000617400000, 0x0000000617800000|  0%| F|  |TAMS 0x0000000617400000, 0x0000000617400000| Untracked 
|  28|0x0000000617800000, 0x0000000617800000, 0x0000000617c00000|  0%| F|  |TAMS 0x0000000617800000, 0x0000000617800000| Untracked 
|  29|0x0000000617c00000, 0x0000000617c00000, 0x0000000618000000|  0%| F|  |TAMS 0x0000000617c00000, 0x0000000617c00000| Untracked 
|  30|0x0000000618000000, 0x0000000618000000, 0x0000000618400000|  0%| F|  |TAMS 0x0000000618000000, 0x0000000618000000| Untracked 
|  31|0x0000000618400000, 0x0000000618400000, 0x0000000618800000|  0%| F|  |TAMS 0x0000000618400000, 0x0000000618400000| Untracked 
|  32|0x0000000618800000, 0x0000000618800000, 0x0000000618c00000|  0%| F|  |TAMS 0x0000000618800000, 0x0000000618800000| Untracked 
|  33|0x0000000618c00000, 0x0000000618c00000, 0x0000000619000000|  0%| F|  |TAMS 0x0000000618c00000, 0x0000000618c00000| Untracked 
|  34|0x0000000619000000, 0x0000000619000000, 0x0000000619400000|  0%| F|  |TAMS 0x0000000619000000, 0x0000000619000000| Untracked 
|  35|0x0000000619400000, 0x0000000619400000, 0x0000000619800000|  0%| F|  |TAMS 0x0000000619400000, 0x0000000619400000| Untracked 
|  36|0x0000000619800000, 0x0000000619800000, 0x0000000619c00000|  0%| F|  |TAMS 0x0000000619800000, 0x0000000619800000| Untracked 
|  37|0x0000000619c00000, 0x0000000619c00000, 0x000000061a000000|  0%| F|  |TAMS 0x0000000619c00000, 0x0000000619c00000| Untracked 
|  38|0x000000061a000000, 0x000000061a000000, 0x000000061a400000|  0%| F|  |TAMS 0x000000061a000000, 0x000000061a000000| Untracked 
|  39|0x000000061a400000, 0x000000061a400000, 0x000000061a800000|  0%| F|  |TAMS 0x000000061a400000, 0x000000061a400000| Untracked 
|  40|0x000000061a800000, 0x000000061a800000, 0x000000061ac00000|  0%| F|  |TAMS 0x000000061a800000, 0x000000061a800000| Untracked 
|  41|0x000000061ac00000, 0x000000061ac00000, 0x000000061b000000|  0%| F|  |TAMS 0x000000061ac00000, 0x000000061ac00000| Untracked 
|  42|0x000000061b000000, 0x000000061b000000, 0x000000061b400000|  0%| F|  |TAMS 0x000000061b000000, 0x000000061b000000| Untracked 
|  43|0x000000061b400000, 0x000000061b400000, 0x000000061b800000|  0%| F|  |TAMS 0x000000061b400000, 0x000000061b400000| Untracked 
|  44|0x000000061b800000, 0x000000061b800000, 0x000000061bc00000|  0%| F|  |TAMS 0x000000061b800000, 0x000000061b800000| Untracked 
|  45|0x000000061bc00000, 0x000000061bc00000, 0x000000061c000000|  0%| F|  |TAMS 0x000000061bc00000, 0x000000061bc00000| Untracked 
|  46|0x000000061c000000, 0x000000061c000000, 0x000000061c400000|  0%| F|  |TAMS 0x000000061c000000, 0x000000061c000000| Untracked 
|  47|0x000000061c400000, 0x000000061c400000, 0x000000061c800000|  0%| F|  |TAMS 0x000000061c400000, 0x000000061c400000| Untracked 
|  48|0x000000061c800000, 0x000000061c800000, 0x000000061cc00000|  0%| F|  |TAMS 0x000000061c800000, 0x000000061c800000| Untracked 
|  49|0x000000061cc00000, 0x000000061cc00000, 0x000000061d000000|  0%| F|  |TAMS 0x000000061cc00000, 0x000000061cc00000| Untracked 
|  50|0x000000061d000000, 0x000000061d000000, 0x000000061d400000|  0%| F|  |TAMS 0x000000061d000000, 0x000000061d000000| Untracked 
|  51|0x000000061d400000, 0x000000061d400000, 0x000000061d800000|  0%| F|  |TAMS 0x000000061d400000, 0x000000061d400000| Untracked 
|  52|0x000000061d800000, 0x000000061d800000, 0x000000061dc00000|  0%| F|  |TAMS 0x000000061d800000, 0x000000061d800000| Untracked 
|  53|0x000000061dc00000, 0x000000061dc00000, 0x000000061e000000|  0%| F|  |TAMS 0x000000061dc00000, 0x000000061dc00000| Untracked 
|  54|0x000000061e000000, 0x000000061e000000, 0x000000061e400000|  0%| F|  |TAMS 0x000000061e000000, 0x000000061e000000| Untracked 
|  55|0x000000061e400000, 0x000000061e400000, 0x000000061e800000|  0%| F|  |TAMS 0x000000061e400000, 0x000000061e400000| Untracked 
|  56|0x000000061e800000, 0x000000061e800000, 0x000000061ec00000|  0%| F|  |TAMS 0x000000061e800000, 0x000000061e800000| Untracked 
|  57|0x000000061ec00000, 0x000000061ec00000, 0x000000061f000000|  0%| F|  |TAMS 0x000000061ec00000, 0x000000061ec00000| Untracked 
|  58|0x000000061f000000, 0x000000061f000000, 0x000000061f400000|  0%| F|  |TAMS 0x000000061f000000, 0x000000061f000000| Untracked 
|  59|0x000000061f400000, 0x000000061f400000, 0x000000061f800000|  0%| F|  |TAMS 0x000000061f400000, 0x000000061f400000| Untracked 
|  60|0x000000061f800000, 0x000000061f800000, 0x000000061fc00000|  0%| F|  |TAMS 0x000000061f800000, 0x000000061f800000| Untracked 
|  61|0x000000061fc00000, 0x000000061fc00000, 0x0000000620000000|  0%| F|  |TAMS 0x000000061fc00000, 0x000000061fc00000| Untracked 
|  62|0x0000000620000000, 0x0000000620000000, 0x0000000620400000|  0%| F|  |TAMS 0x0000000620000000, 0x0000000620000000| Untracked 
|  63|0x0000000620400000, 0x0000000620400000, 0x0000000620800000|  0%| F|  |TAMS 0x0000000620400000, 0x0000000620400000| Untracked 
|  64|0x0000000620800000, 0x0000000620800000, 0x0000000620c00000|  0%| F|  |TAMS 0x0000000620800000, 0x0000000620800000| Untracked 
|  65|0x0000000620c00000, 0x0000000620c00000, 0x0000000621000000|  0%| F|  |TAMS 0x0000000620c00000, 0x0000000620c00000| Untracked 
|  66|0x0000000621000000, 0x0000000621000000, 0x0000000621400000|  0%| F|  |TAMS 0x0000000621000000, 0x0000000621000000| Untracked 
|  67|0x0000000621400000, 0x0000000621400000, 0x0000000621800000|  0%| F|  |TAMS 0x0000000621400000, 0x0000000621400000| Untracked 
|  68|0x0000000621800000, 0x0000000621800000, 0x0000000621c00000|  0%| F|  |TAMS 0x0000000621800000, 0x0000000621800000| Untracked 
|  69|0x0000000621c00000, 0x0000000621c00000, 0x0000000622000000|  0%| F|  |TAMS 0x0000000621c00000, 0x0000000621c00000| Untracked 
|  70|0x0000000622000000, 0x0000000622000000, 0x0000000622400000|  0%| F|  |TAMS 0x0000000622000000, 0x0000000622000000| Untracked 
|  71|0x0000000622400000, 0x0000000622400000, 0x0000000622800000|  0%| F|  |TAMS 0x0000000622400000, 0x0000000622400000| Untracked 
|  72|0x0000000622800000, 0x0000000622800000, 0x0000000622c00000|  0%| F|  |TAMS 0x0000000622800000, 0x0000000622800000| Untracked 
|  73|0x0000000622c00000, 0x0000000622c00000, 0x0000000623000000|  0%| F|  |TAMS 0x0000000622c00000, 0x0000000622c00000| Untracked 
|  74|0x0000000623000000, 0x0000000623000000, 0x0000000623400000|  0%| F|  |TAMS 0x0000000623000000, 0x0000000623000000| Untracked 
|  75|0x0000000623400000, 0x0000000623400000, 0x0000000623800000|  0%| F|  |TAMS 0x0000000623400000, 0x0000000623400000| Untracked 
|  76|0x0000000623800000, 0x0000000623800000, 0x0000000623c00000|  0%| F|  |TAMS 0x0000000623800000, 0x0000000623800000| Untracked 
|  77|0x0000000623c00000, 0x0000000623c00000, 0x0000000624000000|  0%| F|  |TAMS 0x0000000623c00000, 0x0000000623c00000| Untracked 
|  78|0x0000000624000000, 0x0000000624000000, 0x0000000624400000|  0%| F|  |TAMS 0x0000000624000000, 0x0000000624000000| Untracked 
|  79|0x0000000624400000, 0x0000000624400000, 0x0000000624800000|  0%| F|  |TAMS 0x0000000624400000, 0x0000000624400000| Untracked 
|  80|0x0000000624800000, 0x0000000624800000, 0x0000000624c00000|  0%| F|  |TAMS 0x0000000624800000, 0x0000000624800000| Untracked 
|  81|0x0000000624c00000, 0x0000000624c00000, 0x0000000625000000|  0%| F|  |TAMS 0x0000000624c00000, 0x0000000624c00000| Untracked 
|  82|0x0000000625000000, 0x0000000625000000, 0x0000000625400000|  0%| F|  |TAMS 0x0000000625000000, 0x0000000625000000| Untracked 
|  83|0x0000000625400000, 0x0000000625400000, 0x0000000625800000|  0%| F|  |TAMS 0x0000000625400000, 0x0000000625400000| Untracked 
|  84|0x0000000625800000, 0x0000000625800000, 0x0000000625c00000|  0%| F|  |TAMS 0x0000000625800000, 0x0000000625800000| Untracked 
|  85|0x0000000625c00000, 0x0000000625c00000, 0x0000000626000000|  0%| F|  |TAMS 0x0000000625c00000, 0x0000000625c00000| Untracked 
|  86|0x0000000626000000, 0x0000000626000000, 0x0000000626400000|  0%| F|  |TAMS 0x0000000626000000, 0x0000000626000000| Untracked 
|  87|0x0000000626400000, 0x0000000626400000, 0x0000000626800000|  0%| F|  |TAMS 0x0000000626400000, 0x0000000626400000| Untracked 
|  88|0x0000000626800000, 0x0000000626800000, 0x0000000626c00000|  0%| F|  |TAMS 0x0000000626800000, 0x0000000626800000| Untracked 
|  89|0x0000000626c00000, 0x0000000626c00000, 0x0000000627000000|  0%| F|  |TAMS 0x0000000626c00000, 0x0000000626c00000| Untracked 
|  90|0x0000000627000000, 0x0000000627000000, 0x0000000627400000|  0%| F|  |TAMS 0x0000000627000000, 0x0000000627000000| Untracked 
|  91|0x0000000627400000, 0x0000000627400800, 0x0000000627800000|  0%| E|  |TAMS 0x0000000627400000, 0x0000000627400000| Complete 
|  92|0x0000000627800000, 0x0000000627c00000, 0x0000000627c00000|100%| E|CS|TAMS 0x0000000627800000, 0x0000000627800000| Complete 
|  93|0x0000000627c00000, 0x0000000628000000, 0x0000000628000000|100%| E|CS|TAMS 0x0000000627c00000, 0x0000000627c00000| Complete 
|  94|0x0000000628000000, 0x0000000628400000, 0x0000000628400000|100%| E|CS|TAMS 0x0000000628000000, 0x0000000628000000| Complete 
|  95|0x0000000628400000, 0x0000000628800000, 0x0000000628800000|100%| E|CS|TAMS 0x0000000628400000, 0x0000000628400000| Complete 
|  96|0x0000000628800000, 0x0000000628c00000, 0x0000000628c00000|100%| E|CS|TAMS 0x0000000628800000, 0x0000000628800000| Complete 
|  97|0x0000000628c00000, 0x0000000629000000, 0x0000000629000000|100%| E|CS|TAMS 0x0000000628c00000, 0x0000000628c00000| Complete 
|  98|0x0000000629000000, 0x0000000629400000, 0x0000000629400000|100%| E|CS|TAMS 0x0000000629000000, 0x0000000629000000| Complete 
|  99|0x0000000629400000, 0x0000000629800000, 0x0000000629800000|100%| E|CS|TAMS 0x0000000629400000, 0x0000000629400000| Complete 
| 100|0x0000000629800000, 0x0000000629c00000, 0x0000000629c00000|100%| E|CS|TAMS 0x0000000629800000, 0x0000000629800000| Complete 
| 101|0x0000000629c00000, 0x000000062a000000, 0x000000062a000000|100%| E|CS|TAMS 0x0000000629c00000, 0x0000000629c00000| Complete 
| 102|0x000000062a000000, 0x000000062a400000, 0x000000062a400000|100%| E|CS|TAMS 0x000000062a000000, 0x000000062a000000| Complete 
| 103|0x000000062a400000, 0x000000062a800000, 0x000000062a800000|100%| E|CS|TAMS 0x000000062a400000, 0x000000062a400000| Complete 
| 104|0x000000062a800000, 0x000000062ac00000, 0x000000062ac00000|100%| E|CS|TAMS 0x000000062a800000, 0x000000062a800000| Complete 
| 105|0x000000062ac00000, 0x000000062b000000, 0x000000062b000000|100%| E|CS|TAMS 0x000000062ac00000, 0x000000062ac00000| Complete 
| 106|0x000000062b000000, 0x000000062b400000, 0x000000062b400000|100%| E|CS|TAMS 0x000000062b000000, 0x000000062b000000| Complete 
| 107|0x000000062b400000, 0x000000062b800000, 0x000000062b800000|100%| E|CS|TAMS 0x000000062b400000, 0x000000062b400000| Complete 
| 108|0x000000062b800000, 0x000000062bc00000, 0x000000062bc00000|100%| E|CS|TAMS 0x000000062b800000, 0x000000062b800000| Complete 
| 109|0x000000062bc00000, 0x000000062c000000, 0x000000062c000000|100%| E|CS|TAMS 0x000000062bc00000, 0x000000062bc00000| Complete 
| 110|0x000000062c000000, 0x000000062c400000, 0x000000062c400000|100%| E|CS|TAMS 0x000000062c000000, 0x000000062c000000| Complete 
| 111|0x000000062c400000, 0x000000062c800000, 0x000000062c800000|100%| E|CS|TAMS 0x000000062c400000, 0x000000062c400000| Complete 
| 112|0x000000062c800000, 0x000000062cc00000, 0x000000062cc00000|100%| E|CS|TAMS 0x000000062c800000, 0x000000062c800000| Complete 
| 113|0x000000062cc00000, 0x000000062d000000, 0x000000062d000000|100%| E|CS|TAMS 0x000000062cc00000, 0x000000062cc00000| Complete 
| 114|0x000000062d000000, 0x000000062d400000, 0x000000062d400000|100%| E|CS|TAMS 0x000000062d000000, 0x000000062d000000| Complete 
| 115|0x000000062d400000, 0x000000062d655d28, 0x000000062d800000| 58%| S|CS|TAMS 0x000000062d400000, 0x000000062d400000| Complete 
| 116|0x000000062d800000, 0x000000062dc00000, 0x000000062dc00000|100%| E|CS|TAMS 0x000000062d800000, 0x000000062d800000| Complete 
| 117|0x000000062dc00000, 0x000000062e000000, 0x000000062e000000|100%| E|CS|TAMS 0x000000062dc00000, 0x000000062dc00000| Complete 
| 118|0x000000062e000000, 0x000000062e400000, 0x000000062e400000|100%| E|CS|TAMS 0x000000062e000000, 0x000000062e000000| Complete 
| 119|0x000000062e400000, 0x000000062e800000, 0x000000062e800000|100%| E|CS|TAMS 0x000000062e400000, 0x000000062e400000| Complete 
| 120|0x000000062e800000, 0x000000062ec00000, 0x000000062ec00000|100%| E|CS|TAMS 0x000000062e800000, 0x000000062e800000| Complete 
| 121|0x000000062ec00000, 0x000000062f000000, 0x000000062f000000|100%| E|CS|TAMS 0x000000062ec00000, 0x000000062ec00000| Complete 
| 122|0x000000062f000000, 0x000000062f400000, 0x000000062f400000|100%| E|CS|TAMS 0x000000062f000000, 0x000000062f000000| Complete 
| 123|0x000000062f400000, 0x000000062f800000, 0x000000062f800000|100%| E|CS|TAMS 0x000000062f400000, 0x000000062f400000| Complete 
|1980|0x00000007ff800000, 0x00000007ffb75000, 0x00000007ffc00000| 86%|OA|  |TAMS 0x00000007ff800000, 0x00000007ff800000| Untracked 
|1981|0x00000007ffc00000, 0x00000007ffc77000, 0x0000000800000000| 11%|CA|  |TAMS 0x00000007ffc00000, 0x00000007ffc00000| Untracked 

Card table byte_map: [0x00007f4baf508000,0x00007f4bb0484000] _byte_map_base: 0x00007f4bac484000

Marking Bits (Prev, Next): (CMBitMap*) 0x00007f4bc8044230, (CMBitMap*) 0x00007f4bc8044270
 Prev Bits: [0x00007f4ba69ac000, 0x00007f4bae58c000)
 Next Bits: [0x00007f4b9edcc000, 0x00007f4ba69ac000)

Polling page: 0x00007f4bcef8d000

Metaspace:

Usage:
  Non-class:     14.27 MB used.
      Class:      1.73 MB used.
       Both:     16.01 MB used.

Virtual space:
  Non-class space:       64.00 MB reserved,      14.44 MB ( 23%) committed,  1 nodes.
      Class space:        1.00 GB reserved,       1.88 MB ( <1%) committed,  1 nodes.
             Both:        1.06 GB reserved,      16.31 MB (  1%) committed. 

Chunk freelists:
   Non-Class:  1.16 MB
       Class:  13.99 MB
        Both:  15.15 MB

MaxMetaspaceSize: unlimited
CompressedClassSpaceSize: 1.00 GB
Initial GC threshold: 21.00 MB
Current GC threshold: 21.00 MB
CDS: on
MetaspaceReclaimPolicy: balanced
 - commit_granule_bytes: 65536.
 - commit_granule_words: 8192.
 - virtual_space_node_default_size: 8388608.
 - enlarge_chunks_in_place: 1.
 - new_chunks_are_fully_committed: 0.
 - uncommit_free_chunks: 1.
 - use_allocation_guard: 0.
 - handle_deallocations: 1.


Internal statistics:

num_allocs_failed_limit: 0.
num_arena_births: 122.
num_arena_deaths: 0.
num_vsnodes_births: 2.
num_vsnodes_deaths: 0.
num_space_committed: 261.
num_space_uncommitted: 0.
num_chunks_returned_to_freelist: 0.
num_chunks_taken_from_freelist: 690.
num_chunk_merges: 0.
num_chunk_splits: 478.
num_chunks_enlarged: 376.
num_inconsistent_stats: 0.

CodeHeap 'non-profiled nmethods': size=119168Kb used=2364Kb max_used=2364Kb free=116803Kb
 bounds [0x00007f4bb8fa0000, 0x00007f4bb9210000, 0x00007f4bc0400000]
CodeHeap 'profiled nmethods': size=119164Kb used=8748Kb max_used=8748Kb free=110415Kb
 bounds [0x00007f4bb1400000, 0x00007f4bb1c90000, 0x00007f4bb885f000]
CodeHeap 'non-nmethods': size=7428Kb used=1172Kb max_used=2978Kb free=6255Kb
 bounds [0x00007f4bb885f000, 0x00007f4bb8b5f000, 0x00007f4bb8fa0000]
 total_blobs=4600 nmethods=4135 adapters=378
 compilation: enabled
              stopped_count=0, restarted_count=0
 full_count=0

Compilation events (20 events):
Event: 1.397 Thread 0x00007f4bc815e3e0 nmethod 4122 0x00007f4bb1c86610 code [0x00007f4bb1c868a0, 0x00007f4bb1c87540]
Event: 1.397 Thread 0x00007f4b1010df40 4125       3       sun.invoke.util.Wrapper::findPrimitiveType (25 bytes)
Event: 1.397 Thread 0x00007f4b0400a7b0 nmethod 4118 0x00007f4bb91c2510 code [0x00007f4bb91c2680, 0x00007f4bb91c29f8]
Event: 1.397 Thread 0x00007f4bc815e3e0 4128       3       java.lang.invoke.MethodType::parameterSlotCount (8 bytes)
Event: 1.398 Thread 0x00007f4b0400a7b0 4130       4       java.lang.invoke.MethodType::parameterType (7 bytes)
Event: 1.398 Thread 0x00007f4bc815e3e0 nmethod 4128 0x00007f4bb1c87a10 code [0x00007f4bb1c87ba0, 0x00007f4bb1c87cd0]
Event: 1.398 Thread 0x00007f4b1010df40 nmethod 4125 0x00007f4bb1c87d90 code [0x00007f4bb1c88020, 0x00007f4bb1c88b20]
Event: 1.398 Thread 0x00007f4bc815e3e0 4131       3       sun.invoke.util.Wrapper::forPrimitiveType (49 bytes)
Event: 1.398 Thread 0x00007f4b0400a7b0 nmethod 4130 0x00007f4bb91c2d90 code [0x00007f4bb91c2f20, 0x00007f4bb91c2fd8]
Event: 1.399 Thread 0x00007f4bc815e3e0 nmethod 4131 0x00007f4bb1c88f90 code [0x00007f4bb1c89300, 0x00007f4bb1c8a680]
Event: 1.400 Thread 0x00007f4bc815e3e0 4132       3       java.lang.invoke.MemberName::getModifiers (8 bytes)
Event: 1.400 Thread 0x00007f4bc815e3e0 nmethod 4132 0x00007f4bb1c8ad90 code [0x00007f4bb1c8af20, 0x00007f4bb1c8b030]
Event: 1.401 Thread 0x00007f4b1c0d1070 4135       1       java.lang.invoke.LambdaForm$Name::index (5 bytes)
Event: 1.401 Thread 0x00007f4b1c0d1070 nmethod 4135 0x00007f4bb91c3690 code [0x00007f4bb91c3820, 0x00007f4bb91c38f0]
Event: 1.405 Thread 0x00007f4bc815cea0 nmethod 4119 0x00007f4bb91c3c90 code [0x00007f4bb91c3e40, 0x00007f4bb91c4778]
Event: 1.405 Thread 0x00007f4b0400b940 nmethod 3852 0x00007f4bb91c4a10 code [0x00007f4bb91c4e80, 0x00007f4bb91c9630]
Event: 1.411 Thread 0x00007f4b040095e0 nmethod 3923 0x00007f4bb91cc390 code [0x00007f4bb91cc6c0, 0x00007f4bb91d13a8]
Event: 1.428 Thread 0x00007f4b04015da0 nmethod 4107% 0x00007f4bb91d4b10 code [0x00007f4bb91d4da0, 0x00007f4bb91d7d70]
Event: 1.459 Thread 0x00007f4b280e3890 nmethod 3935 0x00007f4bb91d9790 code [0x00007f4bb91d9c00, 0x00007f4bb91df8c8]
Event: 1.462 Thread 0x00007f4b04014be0 nmethod 3952 0x00007f4bb91e3d90 code [0x00007f4bb91e4240, 0x00007f4bb91ea998]

GC Heap History (4 events):
Event: 0.315 GC heap before
{Heap before GC invocations=0 (full 0):
 garbage-first heap   total 516096K, used 28592K [0x0000000610800000, 0x0000000800000000)
  region size 4096K, 6 young (24576K), 0 survivors (0K)
 Metaspace       used 5444K, committed 5568K, reserved 1114112K
  class space    used 639K, committed 704K, reserved 1048576K
}
Event: 0.318 GC heap after
{Heap after GC invocations=1 (full 0):
 garbage-first heap   total 516096K, used 7136K [0x0000000610800000, 0x0000000800000000)
  region size 4096K, 1 young (4096K), 1 survivors (4096K)
 Metaspace       used 5444K, committed 5568K, reserved 1114112K
  class space    used 639K, committed 704K, reserved 1048576K
}
Event: 0.633 GC heap before
{Heap before GC invocations=1 (full 0):
 garbage-first heap   total 516096K, used 35808K [0x0000000610800000, 0x0000000800000000)
  region size 4096K, 8 young (32768K), 1 survivors (4096K)
 Metaspace       used 11050K, committed 11200K, reserved 1114112K
  class space    used 1336K, committed 1408K, reserved 1048576K
}
Event: 0.635 GC heap after
{Heap after GC invocations=2 (full 0):
 garbage-first heap   total 516096K, used 9205K [0x0000000610800000, 0x0000000800000000)
  region size 4096K, 1 young (4096K), 1 survivors (4096K)
 Metaspace       used 11050K, committed 11200K, reserved 1114112K
  class space    used 1336K, committed 1408K, reserved 1048576K
}

Dll operation events (7 events):
Event: 0.001 Loaded shared library /usr/lib/jvm/java-17-openjdk-amd64/lib/libjava.so
Event: 0.012 Loaded shared library /usr/lib/jvm/java-17-openjdk-amd64/lib/libjsvml.so
Event: 0.019 Loaded shared library /usr/lib/jvm/java-17-openjdk-amd64/lib/libnio.so
Event: 0.020 Loaded shared library /usr/lib/jvm/java-17-openjdk-amd64/lib/libzip.so
Event: 0.025 Loaded shared library /usr/lib/jvm/java-17-openjdk-amd64/lib/libnet.so
Event: 0.061 Loaded shared library /usr/lib/jvm/java-17-openjdk-amd64/lib/libjimage.so
Event: 0.107 Loaded shared library /usr/lib/jvm/java-17-openjdk-amd64/lib/libverify.so

Deoptimization events (20 events):
Event: 1.370 Thread 0x00007f4bc8014280 Uncommon trap: trap_request=0xffffffde fr.pc=0x00007f4bb9057044 relative=0x0000000000000084
Event: 1.370 Thread 0x00007f4bc8014280 Uncommon trap: reason=class_check action=maybe_recompile pc=0x00007f4bb9057044 method=com.google.inject.internal.MoreTypes.getRawType(Ljava/lang/reflect/Type;)Ljava/lang/Class; @ 13 c2
Event: 1.370 Thread 0x00007f4bc8014280 DEOPT PACKING pc=0x00007f4bb9057044 sp=0x00007f4bcd7fd370
Event: 1.370 Thread 0x00007f4bc8014280 DEOPT UNPACKING pc=0x00007f4bb88b5699 sp=0x00007f4bcd7fd320 mode 2
Event: 1.370 Thread 0x00007f4bc8014280 Uncommon trap: trap_request=0xffffffde fr.pc=0x00007f4bb9057044 relative=0x0000000000000084
Event: 1.370 Thread 0x00007f4bc8014280 Uncommon trap: reason=class_check action=maybe_recompile pc=0x00007f4bb9057044 method=com.google.inject.internal.MoreTypes.getRawType(Ljava/lang/reflect/Type;)Ljava/lang/Class; @ 13 c2
Event: 1.370 Thread 0x00007f4bc8014280 DEOPT PACKING pc=0x00007f4bb9057044 sp=0x00007f4bcd7fd370
Event: 1.370 Thread 0x00007f4bc8014280 DEOPT UNPACKING pc=0x00007f4bb88b5699 sp=0x00007f4bcd7fd320 mode 2
Event: 1.371 Thread 0x00007f4bc8014280 Uncommon trap: trap_request=0xffffffde fr.pc=0x00007f4bb9057044 relative=0x0000000000000084
Event: 1.371 Thread 0x00007f4bc8014280 Uncommon trap: reason=class_check action=maybe_recompile pc=0x00007f4bb9057044 method=com.google.inject.internal.MoreTypes.getRawType(Ljava/lang/reflect/Type;)Ljava/lang/Class; @ 13 c2
Event: 1.371 Thread 0x00007f4bc8014280 DEOPT PACKING pc=0x00007f4bb9057044 sp=0x00007f4bcd7fd370
Event: 1.371 Thread 0x00007f4bc8014280 DEOPT UNPACKING pc=0x00007f4bb88b5699 sp=0x00007f4bcd7fd320 mode 2
Event: 1.392 Thread 0x00007f4bc8014280 Uncommon trap: trap_request=0xffffffde fr.pc=0x00007f4bb90df724 relative=0x0000000000000084
Event: 1.392 Thread 0x00007f4bc8014280 Uncommon trap: reason=class_check action=maybe_recompile pc=0x00007f4bb90df724 method=java.util.Collections$UnmodifiableMap$UnmodifiableEntrySet$1.hasNext()Z @ 4 c2
Event: 1.392 Thread 0x00007f4bc8014280 DEOPT PACKING pc=0x00007f4bb90df724 sp=0x00007f4bcd7fd500
Event: 1.392 Thread 0x00007f4bc8014280 DEOPT UNPACKING pc=0x00007f4bb88b5699 sp=0x00007f4bcd7fd4b0 mode 2
Event: 1.403 Thread 0x00007f4bc8014280 Uncommon trap: trap_request=0xffffffde fr.pc=0x00007f4bb91125a0 relative=0x0000000000000560
Event: 1.403 Thread 0x00007f4bc8014280 Uncommon trap: reason=class_check action=maybe_recompile pc=0x00007f4bb91125a0 method=java.util.Hashtable.get(Ljava/lang/Object;)Ljava/lang/Object; @ 6 c2
Event: 1.403 Thread 0x00007f4bc8014280 DEOPT PACKING pc=0x00007f4bb91125a0 sp=0x00007f4bcd7fd3a0
Event: 1.403 Thread 0x00007f4bc8014280 DEOPT UNPACKING pc=0x00007f4bb88b5699 sp=0x00007f4bcd7fd350 mode 2

Classes unloaded (0 events):
No events

Classes redefined (0 events):
No events

Internal exceptions (20 events):
Event: 0.660 Thread 0x00007f4bc8014280 Implicit null exception at 0x00007f4bb8fc6c54 to 0x00007f4bb8fc7268
Event: 0.712 Thread 0x00007f4bc8014280 Exception <a 'java/lang/NoSuchMethodError'{0x000000062ed031f8}: 'int java.lang.invoke.DirectMethodHandle$Holder.invokeStatic(java.lang.Object, java.lang.Object, int)'> (0x000000062ed031f8) 
thrown [./src/hotspot/share/interpreter/linkResolver.cpp, line 758]
Event: 0.881 Thread 0x00007f4bc8014280 Implicit null exception at 0x00007f4bb906bae0 to 0x00007f4bb906bba0
Event: 0.881 Thread 0x00007f4bc8014280 Implicit null exception at 0x00007f4bb904366f to 0x00007f4bb9043844
Event: 0.881 Thread 0x00007f4bc8014280 Implicit null exception at 0x00007f4bb901d7e0 to 0x00007f4bb901d872
Event: 1.032 Thread 0x00007f4bc8014280 Implicit null exception at 0x00007f4bb90112ef to 0x00007f4bb90114d0
Event: 1.032 Thread 0x00007f4bc8014280 Implicit null exception at 0x00007f4bb9026e2f to 0x00007f4bb9026ea9
Event: 1.364 Thread 0x00007f4bc8014280 Exception <a 'java/lang/NoClassDefFoundError'{0x0000000627f845b0}: org/codehaus/plexus/util/io/CachingOutputStream> (0x0000000627f845b0) 
thrown [./src/hotspot/share/classfile/systemDictionary.cpp, line 245]
Event: 1.374 Thread 0x00007f4bc8014280 Exception <a 'java/lang/NoSuchMethodError'{0x000000062783c8f0}: 'int java.lang.invoke.DirectMethodHandle$Holder.invokeStaticInit(java.lang.Object, java.lang.Object)'> (0x000000062783c8f0) 
thrown [./src/hotspot/share/interpreter/linkResolver.cpp, line 758]
Event: 1.375 Thread 0x00007f4bc8014280 Exception <a 'java/lang/NoSuchMethodError'{0x000000062784cd60}: 'int java.lang.invoke.DirectMethodHandle$Holder.invokeStatic(java.lang.Object, java.lang.Object, java.lang.Object, java.lang.Object)'> (0x000000062784cd60) 
thrown [./src/hotspot/share/interpreter/linkResolver.cpp, line 758]
Event: 1.375 Thread 0x00007f4bc8014280 Exception <a 'java/lang/NoSuchMethodError'{0x0000000627850b80}: 'java.lang.Object java.lang.invoke.Invokers$Holder.invokeExact_MT(java.lang.Object, java.lang.Object, java.lang.Object, java.lang.Object, java.lang.Object, java.lang.Object)'> (0x0000000627850b80) 
thrown [./src/hotspot/share/interpreter/linkResolver.cpp, line 758]
Event: 1.390 Thread 0x00007f4bc8014280 Exception <a 'java/lang/NoSuchMethodError'{0x0000000627afaf70}: 'void java.lang.invoke.DirectMethodHandle$Holder.invokeStatic(java.lang.Object, java.lang.Object)'> (0x0000000627afaf70) 
thrown [./src/hotspot/share/interpreter/linkResolver.cpp, line 758]
Event: 1.395 Thread 0x00007f4bc8014280 Exception <a 'java/lang/NoSuchMethodError'{0x0000000627b2eb50}: 'java.lang.Object java.lang.invoke.DirectMethodHandle$Holder.invokeStaticInit(java.lang.Object, java.lang.Object, long, java.lang.Object)'> (0x0000000627b2eb50) 
thrown [./src/hotspot/share/interpreter/linkResolver.cpp, line 758]
Event: 1.396 Thread 0x00007f4bc8014280 Exception <a 'java/lang/NoSuchMethodError'{0x0000000627b35418}: 'java.lang.Object java.lang.invoke.DirectMethodHandle$Holder.newInvokeSpecial(java.lang.Object, java.lang.Object, long)'> (0x0000000627b35418) 
thrown [./src/hotspot/share/interpreter/linkResolver.cpp, line 758]
Event: 1.396 Thread 0x00007f4bc8014280 Exception <a 'java/lang/NoSuchMethodError'{0x0000000627b39708}: 'java.lang.Object java.lang.invoke.Invokers$Holder.linkToTargetMethod(java.lang.Object, long, java.lang.Object)'> (0x0000000627b39708) 
thrown [./src/hotspot/share/interpreter/linkResolver.cpp, line 758]
Event: 1.397 Thread 0x00007f4bc8014280 Exception <a 'java/lang/NoSuchMethodError'{0x0000000627b410e8}: 'java.lang.Object java.lang.invoke.DirectMethodHandle$Holder.newInvokeSpecial(java.lang.Object, java.lang.Object, java.lang.Object, int)'> (0x0000000627b410e8) 
thrown [./src/hotspot/share/interpreter/linkResolver.cpp, line 758]
Event: 1.398 Thread 0x00007f4bc8014280 Exception <a 'java/lang/NoSuchMethodError'{0x0000000627b454c8}: 'java.lang.Object java.lang.invoke.DirectMethodHandle$Holder.invokeSpecial(java.lang.Object, java.lang.Object, java.lang.Object, java.lang.Object, int)'> (0x0000000627b454c8) 
thrown [./src/hotspot/share/interpreter/linkResolver.cpp, line 758]
Event: 1.398 Thread 0x00007f4bc8014280 Exception <a 'java/lang/NoSuchMethodError'{0x0000000627b49090}: 'java.lang.Object java.lang.invoke.Invokers$Holder.linkToTargetMethod(java.lang.Object, java.lang.Object, int, java.lang.Object)'> (0x0000000627b49090) 
thrown [./src/hotspot/share/interpreter/linkResolver.cpp, line 758]
Event: 1.401 Thread 0x00007f4bc8014280 Exception <a 'java/lang/NoSuchMethodError'{0x0000000627b53d58}: 'int java.lang.invoke.DirectMethodHandle$Holder.invokeVirtual(java.lang.Object, java.lang.Object)'> (0x0000000627b53d58) 
thrown [./src/hotspot/share/interpreter/linkResolver.cpp, line 758]
Event: 1.402 Thread 0x00007f4bc8014280 Exception <a 'java/lang/NoSuchMethodError'{0x0000000627b5de40}: 'void java.lang.invoke.DirectMethodHandle$Holder.invokeStatic(java.lang.Object, java.lang.Object, java.lang.Object)'> (0x0000000627b5de40) 
thrown [./src/hotspot/share/interpreter/linkResolver.cpp, line 758]

VM Operations (20 events):
Event: 0.857 Executing VM operation: HandshakeAllThreads
Event: 0.857 Executing VM operation: HandshakeAllThreads done
Event: 0.882 Executing VM operation: ICBufferFull
Event: 0.882 Executing VM operation: ICBufferFull done
Event: 1.020 Executing VM operation: HandshakeAllThreads
Event: 1.020 Executing VM operation: HandshakeAllThreads done
Event: 1.020 Executing VM operation: HandshakeAllThreads
Event: 1.020 Executing VM operation: HandshakeAllThreads done
Event: 1.023 Executing VM operation: HandshakeAllThreads
Event: 1.023 Executing VM operation: HandshakeAllThreads done
Event: 1.024 Executing VM operation: ICBufferFull
Event: 1.024 Executing VM operation: ICBufferFull done
Event: 1.079 Executing VM operation: ICBufferFull
Event: 1.079 Executing VM operation: ICBufferFull done
Event: 1.220 Executing VM operation: ICBufferFull
Event: 1.220 Executing VM operation: ICBufferFull done
Event: 1.399 Executing VM operation: HandshakeAllThreads
Event: 1.399 Executing VM operation: HandshakeAllThreads done
Event: 2.399 Executing VM operation: Cleanup
Event: 2.399 Executing VM operation: Cleanup done

Events (20 events):
Event: 1.401 loading class java/util/concurrent/CompletableFuture$UniCompletion done
Event: 1.401 loading class java/util/concurrent/CompletableFuture$UniHandle done
Event: 1.401 loading class jdk/internal/event/ProcessStartEvent
Event: 1.401 loading class jdk/internal/event/ProcessStartEvent done
Event: 1.402 loading class sun/misc/Signal
Event: 1.402 loading class sun/misc/Signal done
Event: 1.402 loading class sun/misc/SignalHandler
Event: 1.402 loading class sun/misc/SignalHandler done
Event: 1.402 loading class sun/invoke/util/VerifyAccess$1
Event: 1.402 loading class sun/invoke/util/VerifyAccess$1 done
Event: 1.403 loading class sun/misc/Signal$InternalMiscHandler
Event: 1.403 loading class sun/misc/Signal$InternalMiscHandler done
Event: 1.403 loading class sun/misc/Signal$SunMiscHandler
Event: 1.403 loading class sun/misc/Signal$SunMiscHandler done
Event: 6.402 Thread 0x00007f4b1010df40 Thread exited: 0x00007f4b1010df40
Event: 6.428 Thread 0x00007f4b04015da0 Thread exited: 0x00007f4b04015da0
Event: 6.462 Thread 0x00007f4b04014be0 Thread exited: 0x00007f4b04014be0
Event: 11.402 Thread 0x00007f4b1010cdc0 Thread exited: 0x00007f4b1010cdc0
Event: 11.402 Thread 0x00007f4b1c0d1070 Thread exited: 0x00007f4b1c0d1070
Event: 11.405 Thread 0x00007f4b0400b940 Thread exited: 0x00007f4b0400b940


Dynamic libraries:
610800000-62f800000 rw-p 00000000 00:00 0 
62f800000-7ff800000 ---p 00000000 00:00 0 
7ff800000-7ffb00000 rw-p 00000000 00:00 0 
7ffb00000-7ffb75000 rw-p 00c76000 103:06 21400021                        /usr/lib/jvm/java-17-openjdk-amd64/lib/server/classes.jsa
7ffb75000-7ffc00000 rw-p 00000000 00:00 0 
7ffc00000-7ffc77000 rw-p 00bff000 103:06 21400021                        /usr/lib/jvm/java-17-openjdk-amd64/lib/server/classes.jsa
7ffc77000-800000000 rw-p 00000000 00:00 0 
5556a7bdd000-5556a7bde000 r--p 00000000 103:06 20862478                  /usr/lib/jvm/java-17-openjdk-amd64/bin/java
5556a7bde000-5556a7bdf000 r-xp 00001000 103:06 20862478                  /usr/lib/jvm/java-17-openjdk-amd64/bin/java
5556a7bdf000-5556a7be0000 r--p 00002000 103:06 20862478                  /usr/lib/jvm/java-17-openjdk-amd64/bin/java
5556a7be0000-5556a7be1000 r--p 00002000 103:06 20862478                  /usr/lib/jvm/java-17-openjdk-amd64/bin/java
5556a7be1000-5556a7be2000 rw-p 00003000 103:06 20862478                  /usr/lib/jvm/java-17-openjdk-amd64/bin/java
5556a8b85000-5556a8d29000 rw-p 00000000 00:00 0                          [heap]
7f4abc000000-7f4abc021000 rw-p 00000000 00:00 0 
7f4abc021000-7f4ac0000000 ---p 00000000 00:00 0 
7f4ac0000000-7f4ac0021000 rw-p 00000000 00:00 0 
7f4ac0021000-7f4ac4000000 ---p 00000000 00:00 0 
7f4ac4000000-7f4ac4021000 rw-p 00000000 00:00 0 
7f4ac4021000-7f4ac8000000 ---p 00000000 00:00 0 
7f4ac8000000-7f4ac8021000 rw-p 00000000 00:00 0 
7f4ac8021000-7f4acc000000 ---p 00000000 00:00 0 
7f4acc000000-7f4acc021000 rw-p 00000000 00:00 0 
7f4acc021000-7f4ad0000000 ---p 00000000 00:00 0 
7f4ad0000000-7f4ad0021000 rw-p 00000000 00:00 0 
7f4ad0021000-7f4ad4000000 ---p 00000000 00:00 0 
7f4ad4000000-7f4ad4021000 rw-p 00000000 00:00 0 
7f4ad4021000-7f4ad8000000 ---p 00000000 00:00 0 
7f4ad8000000-7f4ad8021000 rw-p 00000000 00:00 0 
7f4ad8021000-7f4adc000000 ---p 00000000 00:00 0 
7f4adc000000-7f4adc021000 rw-p 00000000 00:00 0 
7f4adc021000-7f4ae0000000 ---p 00000000 00:00 0 
7f4ae0000000-7f4ae0021000 rw-p 00000000 00:00 0 
7f4ae0021000-7f4ae4000000 ---p 00000000 00:00 0 
7f4ae4000000-7f4ae4021000 rw-p 00000000 00:00 0 
7f4ae4021000-7f4ae8000000 ---p 00000000 00:00 0 
7f4ae8000000-7f4ae8021000 rw-p 00000000 00:00 0 
7f4ae8021000-7f4aec000000 ---p 00000000 00:00 0 
7f4aec000000-7f4aec8c9000 rw-p 00000000 00:00 0 
7f4aec8c9000-7f4af0000000 ---p 00000000 00:00 0 
7f4af0000000-7f4af0660000 rw-p 00000000 00:00 0 
7f4af0660000-7f4af4000000 ---p 00000000 00:00 0 
7f4af4000000-7f4af4989000 rw-p 00000000 00:00 0 
7f4af4989000-7f4af8000000 ---p 00000000 00:00 0 
7f4af8000000-7f4af8b7c000 rw-p 00000000 00:00 0 
7f4af8b7c000-7f4afc000000 ---p 00000000 00:00 0 
7f4afc000000-7f4afca70000 rw-p 00000000 00:00 0 
7f4afca70000-7f4b00000000 ---p 00000000 00:00 0 
7f4b00000000-7f4b0081f000 rw-p 00000000 00:00 0 
7f4b0081f000-7f4b04000000 ---p 00000000 00:00 0 
7f4b04000000-7f4b040ad000 rw-p 00000000 00:00 0 
7f4b040ad000-7f4b08000000 ---p 00000000 00:00 0 
7f4b08000000-7f4b08167000 rw-p 00000000 00:00 0 
7f4b08167000-7f4b0c000000 ---p 00000000 00:00 0 
7f4b0c000000-7f4b0c021000 rw-p 00000000 00:00 0 
7f4b0c021000-7f4b10000000 ---p 00000000 00:00 0 
7f4b10000000-7f4b10200000 rw-p 00000000 00:00 0 
7f4b10200000-7f4b14000000 ---p 00000000 00:00 0 
7f4b14000000-7f4b14021000 rw-p 00000000 00:00 0 
7f4b14021000-7f4b18000000 ---p 00000000 00:00 0 
7f4b18000000-7f4b18021000 rw-p 00000000 00:00 0 
7f4b18021000-7f4b1c000000 ---p 00000000 00:00 0 
7f4b1c000000-7f4b1c3a0000 rw-p 00000000 00:00 0 
7f4b1c3a0000-7f4b20000000 ---p 00000000 00:00 0 
7f4b20000000-7f4b20021000 rw-p 00000000 00:00 0 
7f4b20021000-7f4b24000000 ---p 00000000 00:00 0 
7f4b24000000-7f4b24021000 rw-p 00000000 00:00 0 
7f4b24021000-7f4b28000000 ---p 00000000 00:00 0 
7f4b28000000-7f4b28909000 rw-p 00000000 00:00 0 
7f4b28909000-7f4b2c000000 ---p 00000000 00:00 0 
7f4b2c000000-7f4b2c021000 rw-p 00000000 00:00 0 
7f4b2c021000-7f4b30000000 ---p 00000000 00:00 0 
7f4b30000000-7f4b30021000 rw-p 00000000 00:00 0 
7f4b30021000-7f4b34000000 ---p 00000000 00:00 0 
7f4b34000000-7f4b34021000 rw-p 00000000 00:00 0 
7f4b34021000-7f4b38000000 ---p 00000000 00:00 0 
7f4b38000000-7f4b38021000 rw-p 00000000 00:00 0 
7f4b38021000-7f4b3c000000 ---p 00000000 00:00 0 
7f4b3c000000-7f4b3c021000 rw-p 00000000 00:00 0 
7f4b3c021000-7f4b40000000 ---p 00000000 00:00 0 
7f4b40668000-7f4b408f4000 rw-p 00000000 00:00 0 
7f4b408f4000-7f4b408f5000 ---p 00000000 00:00 0 
7f4b408f5000-7f4b409f5000 rw-p 00000000 00:00 0 
7f4b409f5000-7f4b409f6000 ---p 00000000 00:00 0 
7f4b409f6000-7f4b40af6000 rw-p 00000000 00:00 0 
7f4b40af6000-7f4b40af7000 ---p 00000000 00:00 0 
7f4b40af7000-7f4b40bf7000 rw-p 00000000 00:00 0 
7f4b40bf7000-7f4b40bf8000 ---p 00000000 00:00 0 
7f4b40bf8000-7f4b40cf8000 rw-p 00000000 00:00 0 
7f4b40cf8000-7f4b40cf9000 ---p 00000000 00:00 0 
7f4b40cf9000-7f4b40df9000 rw-p 00000000 00:00 0 
7f4b40df9000-7f4b40dfa000 ---p 00000000 00:00 0 
7f4b40dfa000-7f4b40efa000 rw-p 00000000 00:00 0 
7f4b40efa000-7f4b40efb000 ---p 00000000 00:00 0 
7f4b40efb000-7f4b40ffb000 rw-p 00000000 00:00 0 
7f4b40ffb000-7f4b40ffc000 ---p 00000000 00:00 0 
7f4b40ffc000-7f4b410fc000 rw-p 00000000 00:00 0 
7f4b410fc000-7f4b410fd000 ---p 00000000 00:00 0 
7f4b410fd000-7f4b411fd000 rw-p 00000000 00:00 0 
7f4b411fd000-7f4b411fe000 ---p 00000000 00:00 0 
7f4b411fe000-7f4b412fe000 rw-p 00000000 00:00 0 
7f4b412fe000-7f4b412ff000 ---p 00000000 00:00 0 
7f4b412ff000-7f4b413ff000 rw-p 00000000 00:00 0 
7f4b413ff000-7f4b41403000 ---p 00000000 00:00 0 
7f4b41403000-7f4b414ff000 rw-p 00000000 00:00 0 
7f4b414ff000-7f4b41503000 ---p 00000000 00:00 0 
7f4b41503000-7f4b415ff000 rw-p 00000000 00:00 0 
7f4b415ff000-7f4b41603000 ---p 00000000 00:00 0 
7f4b41603000-7f4b416ff000 rw-p 00000000 00:00 0 
7f4b416ff000-7f4b41703000 ---p 00000000 00:00 0 
7f4b41703000-7f4b417ff000 rw-p 00000000 00:00 0 
7f4b417ff000-7f4b41803000 ---p 00000000 00:00 0 
7f4b41803000-7f4b418ff000 rw-p 00000000 00:00 0 
7f4b418ff000-7f4b41903000 ---p 00000000 00:00 0 
7f4b41903000-7f4b419ff000 rw-p 00000000 00:00 0 
7f4b419ff000-7f4b41a03000 ---p 00000000 00:00 0 
7f4b41a03000-7f4b41aff000 rw-p 00000000 00:00 0 
7f4b41aff000-7f4b41b03000 ---p 00000000 00:00 0 
7f4b41b03000-7f4b41bff000 rw-p 00000000 00:00 0 
7f4b41bff000-7f4b41c03000 ---p 00000000 00:00 0 
7f4b41c03000-7f4b41cff000 rw-p 00000000 00:00 0 
7f4b41cff000-7f4b41d03000 ---p 00000000 00:00 0 
7f4b41d03000-7f4b41dff000 rw-p 00000000 00:00 0 
7f4b41dff000-7f4b41e00000 ---p 00000000 00:00 0 
7f4b41e00000-7f4b41f00000 rw-p 00000000 00:00 0 
7f4b41f00000-7f4b41f04000 ---p 00000000 00:00 0 
7f4b41f04000-7f4b42000000 rw-p 00000000 00:00 0 
7f4b42000000-7f4b42004000 ---p 00000000 00:00 0 
7f4b42004000-7f4b42100000 rw-p 00000000 00:00 0 
7f4b42100000-7f4b42104000 ---p 00000000 00:00 0 
7f4b42104000-7f4b42200000 rw-p 00000000 00:00 0 
7f4b42200000-7f4b42204000 ---p 00000000 00:00 0 
7f4b42204000-7f4b42300000 rw-p 00000000 00:00 0 
7f4b42300000-7f4b42304000 ---p 00000000 00:00 0 
7f4b42304000-7f4b42400000 rw-p 00000000 00:00 0 
7f4b42400000-7f4b42404000 ---p 00000000 00:00 0 
7f4b42404000-7f4b42500000 rw-p 00000000 00:00 0 
7f4b42500000-7f4b42504000 ---p 00000000 00:00 0 
7f4b42504000-7f4b42600000 rw-p 00000000 00:00 0 
7f4b42600000-7f4b42b74000 r--p 00000000 103:06 20580944                  /usr/lib/locale/locale-archive
7f4b42c2e000-7f4b42c32000 ---p 00000000 00:00 0 
7f4b42c32000-7f4b42d2e000 rw-p 00000000 00:00 0 
7f4b42d2e000-7f4b42d32000 ---p 00000000 00:00 0 
7f4b42d32000-7f4b42e2e000 rw-p 00000000 00:00 0 
7f4b42e2e000-7f4b42e2f000 ---p 00000000 00:00 0 
7f4b42e2f000-7f4b42f2f000 rw-p 00000000 00:00 0 
7f4b42f2f000-7f4b42f34000 r--p 00000000 103:06 21400005                  /usr/lib/jvm/java-17-openjdk-amd64/lib/libjsvml.so
7f4b42f34000-7f4b42f75000 r-xp 00005000 103:06 21400005                  /usr/lib/jvm/java-17-openjdk-amd64/lib/libjsvml.so
7f4b42f75000-7f4b42ffe000 r--p 00046000 103:06 21400005                  /usr/lib/jvm/java-17-openjdk-amd64/lib/libjsvml.so
7f4b42ffe000-7f4b42fff000 r--p 000ce000 103:06 21400005                  /usr/lib/jvm/java-17-openjdk-amd64/lib/libjsvml.so
7f4b42fff000-7f4b43000000 rw-p 000cf000 103:06 21400005                  /usr/lib/jvm/java-17-openjdk-amd64/lib/libjsvml.so
7f4b43000000-7f4b43390000 rw-p 00000000 00:00 0 
7f4b43390000-7f4b43400000 ---p 00000000 00:00 0 
7f4b43400000-7f4b43ee0000 rw-p 00000000 00:00 0 
7f4b43ee0000-7f4b47000000 ---p 00000000 00:00 0 
7f4b47000000-7f4b47bc7000 rw-p 00001000 103:06 21400021                  /usr/lib/jvm/java-17-openjdk-amd64/lib/server/classes.jsa
7f4b47bc7000-7f4b48000000 ---p 00000000 00:00 0 
7f4b48000000-7f4b48030000 rw-p 00000000 00:00 0 
7f4b48030000-7f4b48070000 rw-p 00000000 00:00 0 
7f4b48070000-7f4b481b0000 rw-p 00000000 00:00 0 
7f4b481b0000-7f4b481d0000 rw-p 00000000 00:00 0 
7f4b481d0000-7f4b48200000 ---p 00000000 00:00 0 
7f4b48200000-7f4b48210000 rw-p 00000000 00:00 0 
7f4b48210000-7f4b88000000 ---p 00000000 00:00 0 
7f4b88000000-7f4b88021000 rw-p 00000000 00:00 0 
7f4b88021000-7f4b8c000000 ---p 00000000 00:00 0 
7f4b8c000000-7f4b8c021000 rw-p 00000000 00:00 0 
7f4b8c021000-7f4b90000000 ---p 00000000 00:00 0 
7f4b90000000-7f4b90021000 rw-p 00000000 00:00 0 
7f4b90021000-7f4b94000000 ---p 00000000 00:00 0 
7f4b94000000-7f4b94021000 rw-p 00000000 00:00 0 
7f4b94021000-7f4b98000000 ---p 00000000 00:00 0 
7f4b98000000-7f4b98021000 rw-p 00000000 00:00 0 
7f4b98021000-7f4b9c000000 ---p 00000000 00:00 0 
7f4b9c03e000-7f4b9c0bf000 rw-p 00000000 00:00 0 
7f4b9c0bf000-7f4b9c0c0000 ---p 00000000 00:00 0 
7f4b9c0c0000-7f4b9c1c0000 rw-p 00000000 00:00 0 
7f4b9c1c0000-7f4b9c1c1000 ---p 00000000 00:00 0 
7f4b9c1c1000-7f4b9f58c000 rw-p 00000000 00:00 0 
7f4b9f58c000-7f4ba698c000 ---p 00000000 00:00 0 
7f4ba698c000-7f4ba716c000 rw-p 00000000 00:00 0 
7f4ba716c000-7f4bae56c000 ---p 00000000 00:00 0 
7f4bae56c000-7f4bae684000 rw-p 00000000 00:00 0 
7f4bae684000-7f4baf504000 ---p 00000000 00:00 0 
7f4baf504000-7f4baf600000 rw-p 00000000 00:00 0 
7f4baf600000-7f4bb0480000 ---p 00000000 00:00 0 
7f4bb0480000-7f4bb057c000 rw-p 00000000 00:00 0 
7f4bb057c000-7f4bb13fc000 ---p 00000000 00:00 0 
7f4bb13fc000-7f4bb1400000 rw-p 00000000 00:00 0 
7f4bb1400000-7f4bb1c90000 rwxp 00000000 00:00 0 
7f4bb1c90000-7f4bb885f000 ---p 00000000 00:00 0 
7f4bb885f000-7f4bb8b5f000 rwxp 00000000 00:00 0 
7f4bb8b5f000-7f4bb8fa0000 ---p 00000000 00:00 0 
7f4bb8fa0000-7f4bb9210000 rwxp 00000000 00:00 0 
7f4bb9210000-7f4bc0400000 ---p 00000000 00:00 0 
7f4bc0400000-7f4bc7e6d000 r--s 00000000 103:06 21400020                  /usr/lib/jvm/java-17-openjdk-amd64/lib/modules
7f4bc7e82000-7f4bc7e86000 ---p 00000000 00:00 0 
7f4bc7e86000-7f4bc8c4e000 rw-p 00000000 00:00 0 
7f4bc8c4e000-7f4bcc000000 ---p 00000000 00:00 0 
7f4bcc01e000-7f4bcc160000 rw-p 00000000 00:00 0 
7f4bcc160000-7f4bcc161000 ---p 00000000 00:00 0 
7f4bcc161000-7f4bcc261000 rw-p 00000000 00:00 0 
7f4bcc261000-7f4bcc262000 ---p 00000000 00:00 0 
7f4bcc262000-7f4bcc362000 rw-p 00000000 00:00 0 
7f4bcc362000-7f4bcc363000 ---p 00000000 00:00 0 
7f4bcc363000-7f4bcd233000 rw-p 00000000 00:00 0 
7f4bcd233000-7f4bcd317000 ---p 00000000 00:00 0 
7f4bcd317000-7f4bcd329000 rw-p 00000000 00:00 0 
7f4bcd329000-7f4bcd400000 ---p 00000000 00:00 0 
7f4bcd400000-7f4bcd49c000 r--p 00000000 103:06 20595114                  /usr/lib/x86_64-linux-gnu/libstdc++.so.6.0.32
7f4bcd49c000-7f4bcd5cd000 r-xp 0009c000 103:06 20595114                  /usr/lib/x86_64-linux-gnu/libstdc++.so.6.0.32
7f4bcd5cd000-7f4bcd65a000 r--p 001cd000 103:06 20595114                  /usr/lib/x86_64-linux-gnu/libstdc++.so.6.0.32
7f4bcd65a000-7f4bcd665000 r--p 0025a000 103:06 20595114                  /usr/lib/x86_64-linux-gnu/libstdc++.so.6.0.32
7f4bcd665000-7f4bcd668000 rw-p 00265000 103:06 20595114                  /usr/lib/x86_64-linux-gnu/libstdc++.so.6.0.32
7f4bcd668000-7f4bcd66c000 rw-p 00000000 00:00 0 
7f4bcd67a000-7f4bcd681000 r--s 00000000 103:06 20580850                  /usr/lib/x86_64-linux-gnu/gconv/gconv-modules.cache
7f4bcd681000-7f4bcd685000 r--p 00000000 103:06 21400018                  /usr/lib/jvm/java-17-openjdk-amd64/lib/libverify.so
7f4bcd685000-7f4bcd68c000 r-xp 00004000 103:06 21400018                  /usr/lib/jvm/java-17-openjdk-amd64/lib/libverify.so
7f4bcd68c000-7f4bcd68e000 r--p 0000b000 103:06 21400018                  /usr/lib/jvm/java-17-openjdk-amd64/lib/libverify.so
7f4bcd68e000-7f4bcd690000 r--p 0000c000 103:06 21400018                  /usr/lib/jvm/java-17-openjdk-amd64/lib/libverify.so
7f4bcd690000-7f4bcd691000 rw-p 0000e000 103:06 21400018                  /usr/lib/jvm/java-17-openjdk-amd64/lib/libverify.so
7f4bcd691000-7f4bcd700000 rw-p 00000000 00:00 0 
7f4bcd700000-7f4bcd704000 ---p 00000000 00:00 0 
7f4bcd704000-7f4bcd800000 rw-p 00000000 00:00 0 
7f4bcd800000-7f4bcda51000 r--p 00000000 103:06 21400024                  /usr/lib/jvm/java-17-openjdk-amd64/lib/server/libjvm.so
7f4bcda51000-7f4bce7bb000 r-xp 00251000 103:06 21400024                  /usr/lib/jvm/java-17-openjdk-amd64/lib/server/libjvm.so
7f4bce7bb000-7f4bcea3b000 r--p 00fbb000 103:06 21400024                  /usr/lib/jvm/java-17-openjdk-amd64/lib/server/libjvm.so
7f4bcea3b000-7f4bceaf3000 r--p 0123b000 103:06 21400024                  /usr/lib/jvm/java-17-openjdk-amd64/lib/server/libjvm.so
7f4bceaf3000-7f4bceb28000 rw-p 012f3000 103:06 21400024                  /usr/lib/jvm/java-17-openjdk-amd64/lib/server/libjvm.so
7f4bceb28000-7f4bceb82000 rw-p 00000000 00:00 0 
7f4bceb85000-7f4bceb89000 r--p 00000000 103:06 21400011                  /usr/lib/jvm/java-17-openjdk-amd64/lib/libnet.so
7f4bceb89000-7f4bceb97000 r-xp 00004000 103:06 21400011                  /usr/lib/jvm/java-17-openjdk-amd64/lib/libnet.so
7f4bceb97000-7f4bceb9b000 r--p 00012000 103:06 21400011                  /usr/lib/jvm/java-17-openjdk-amd64/lib/libnet.so
7f4bceb9b000-7f4bceb9c000 r--p 00015000 103:06 21400011                  /usr/lib/jvm/java-17-openjdk-amd64/lib/libnet.so
7f4bceb9c000-7f4bceb9d000 rw-p 00016000 103:06 21400011                  /usr/lib/jvm/java-17-openjdk-amd64/lib/libnet.so
7f4bceb9d000-7f4bceba4000 r--p 00000000 103:06 21400012                  /usr/lib/jvm/java-17-openjdk-amd64/lib/libnio.so
7f4bceba4000-7f4bcebad000 r-xp 00007000 103:06 21400012                  /usr/lib/jvm/java-17-openjdk-amd64/lib/libnio.so
7f4bcebad000-7f4bcebb1000 r--p 00010000 103:06 21400012                  /usr/lib/jvm/java-17-openjdk-amd64/lib/libnio.so
7f4bcebb1000-7f4bcebb2000 r--p 00014000 103:06 21400012                  /usr/lib/jvm/java-17-openjdk-amd64/lib/libnio.so
7f4bcebb2000-7f4bcebb3000 rw-p 00015000 103:06 21400012                  /usr/lib/jvm/java-17-openjdk-amd64/lib/libnio.so
7f4bcebb3000-7f4bcebf7000 rw-p 00000000 00:00 0 
7f4bcebf7000-7f4bcec00000 ---p 00000000 00:00 0 
7f4bcec00000-7f4bcec26000 r--p 00000000 103:06 20578688                  /usr/lib/x86_64-linux-gnu/libc.so.6
7f4bcec26000-7f4bceda5000 r-xp 00026000 103:06 20578688                  /usr/lib/x86_64-linux-gnu/libc.so.6
7f4bceda5000-7f4bcedfa000 r--p 001a5000 103:06 20578688                  /usr/lib/x86_64-linux-gnu/libc.so.6
7f4bcedfa000-7f4bcedfe000 r--p 001f9000 103:06 20578688                  /usr/lib/x86_64-linux-gnu/libc.so.6
7f4bcedfe000-7f4bcee00000 rw-p 001fd000 103:06 20578688                  /usr/lib/x86_64-linux-gnu/libc.so.6
7f4bcee00000-7f4bcee0d000 rw-p 00000000 00:00 0 
7f4bcee10000-7f4bcee12000 r--p 00000000 103:06 21400019                  /usr/lib/jvm/java-17-openjdk-amd64/lib/libzip.so
7f4bcee12000-7f4bcee17000 r-xp 00002000 103:06 21400019                  /usr/lib/jvm/java-17-openjdk-amd64/lib/libzip.so
7f4bcee17000-7f4bcee19000 r--p 00007000 103:06 21400019                  /usr/lib/jvm/java-17-openjdk-amd64/lib/libzip.so
7f4bcee19000-7f4bcee1a000 r--p 00008000 103:06 21400019                  /usr/lib/jvm/java-17-openjdk-amd64/lib/libzip.so
7f4bcee1a000-7f4bcee1b000 rw-p 00009000 103:06 21400019                  /usr/lib/jvm/java-17-openjdk-amd64/lib/libzip.so
7f4bcee1b000-7f4bcee27000 r--p 00000000 103:06 21399998                  /usr/lib/jvm/java-17-openjdk-amd64/lib/libjava.so
7f4bcee27000-7f4bcee39000 r-xp 0000c000 103:06 21399998                  /usr/lib/jvm/java-17-openjdk-amd64/lib/libjava.so
7f4bcee39000-7f4bcee3f000 r--p 0001e000 103:06 21399998                  /usr/lib/jvm/java-17-openjdk-amd64/lib/libjava.so
7f4bcee3f000-7f4bcee40000 r--p 00023000 103:06 21399998                  /usr/lib/jvm/java-17-openjdk-amd64/lib/libjava.so
7f4bcee40000-7f4bcee41000 rw-p 00024000 103:06 21399998                  /usr/lib/jvm/java-17-openjdk-amd64/lib/libjava.so
7f4bcee41000-7f4bcee42000 rw-p 00000000 00:00 0 
7f4bcee42000-7f4bcee45000 r--p 00000000 103:06 20594678                  /usr/lib/x86_64-linux-gnu/libgcc_s.so.1
7f4bcee45000-7f4bcee60000 r-xp 00003000 103:06 20594678                  /usr/lib/x86_64-linux-gnu/libgcc_s.so.1
7f4bcee60000-7f4bcee64000 r--p 0001e000 103:06 20594678                  /usr/lib/x86_64-linux-gnu/libgcc_s.so.1
7f4bcee64000-7f4bcee65000 r--p 00021000 103:06 20594678                  /usr/lib/x86_64-linux-gnu/libgcc_s.so.1
7f4bcee65000-7f4bcee66000 rw-p 00022000 103:06 20594678                  /usr/lib/x86_64-linux-gnu/libgcc_s.so.1
7f4bcee66000-7f4bcee76000 r--p 00000000 103:06 20578691                  /usr/lib/x86_64-linux-gnu/libm.so.6
7f4bcee76000-7f4bceef6000 r-xp 00010000 103:06 20578691                  /usr/lib/x86_64-linux-gnu/libm.so.6
7f4bceef6000-7f4bcef4f000 r--p 00090000 103:06 20578691                  /usr/lib/x86_64-linux-gnu/libm.so.6
7f4bcef4f000-7f4bcef50000 r--p 000e8000 103:06 20578691                  /usr/lib/x86_64-linux-gnu/libm.so.6
7f4bcef50000-7f4bcef51000 rw-p 000e9000 103:06 20578691                  /usr/lib/x86_64-linux-gnu/libm.so.6
7f4bcef51000-7f4bcef54000 rw-p 00000000 00:00 0 
7f4bcef54000-7f4bcef56000 r--p 00000000 103:06 21400002                  /usr/lib/jvm/java-17-openjdk-amd64/lib/libjli.so
7f4bcef56000-7f4bcef60000 r-xp 00002000 103:06 21400002                  /usr/lib/jvm/java-17-openjdk-amd64/lib/libjli.so
7f4bcef60000-7f4bcef63000 r--p 0000c000 103:06 21400002                  /usr/lib/jvm/java-17-openjdk-amd64/lib/libjli.so
7f4bcef63000-7f4bcef64000 r--p 0000f000 103:06 21400002                  /usr/lib/jvm/java-17-openjdk-amd64/lib/libjli.so
7f4bcef64000-7f4bcef65000 rw-p 00010000 103:06 21400002                  /usr/lib/jvm/java-17-openjdk-amd64/lib/libjli.so
7f4bcef65000-7f4bcef68000 r--p 00000000 103:06 20595254                  /usr/lib/x86_64-linux-gnu/libz.so.1.2.13
7f4bcef68000-7f4bcef7b000 r-xp 00003000 103:06 20595254                  /usr/lib/x86_64-linux-gnu/libz.so.1.2.13
7f4bcef7b000-7f4bcef82000 r--p 00016000 103:06 20595254                  /usr/lib/x86_64-linux-gnu/libz.so.1.2.13
7f4bcef82000-7f4bcef83000 r--p 0001c000 103:06 20595254                  /usr/lib/x86_64-linux-gnu/libz.so.1.2.13
7f4bcef83000-7f4bcef84000 rw-p 0001d000 103:06 20595254                  /usr/lib/x86_64-linux-gnu/libz.so.1.2.13
7f4bcef85000-7f4bcef8d000 rw-s 00000000 103:06 68419616                  /tmp/hsperfdata_acmahaja/1261654
7f4bcef8d000-7f4bcef8e000 ---p 00000000 00:00 0 
7f4bcef8e000-7f4bcef8f000 r--p 00000000 00:00 0 
7f4bcef8f000-7f4bcef90000 ---p 00000000 00:00 0 
7f4bcef90000-7f4bcef92000 r--p 00000000 103:06 21400001                  /usr/lib/jvm/java-17-openjdk-amd64/lib/libjimage.so
7f4bcef92000-7f4bcef95000 r-xp 00002000 103:06 21400001                  /usr/lib/jvm/java-17-openjdk-amd64/lib/libjimage.so
7f4bcef95000-7f4bcef96000 r--p 00005000 103:06 21400001                  /usr/lib/jvm/java-17-openjdk-amd64/lib/libjimage.so
7f4bcef96000-7f4bcef97000 r--p 00006000 103:06 21400001                  /usr/lib/jvm/java-17-openjdk-amd64/lib/libjimage.so
7f4bcef97000-7f4bcef98000 rw-p 00007000 103:06 21400001                  /usr/lib/jvm/java-17-openjdk-amd64/lib/libjimage.so
7f4bcef98000-7f4bcef9a000 rw-p 00000000 00:00 0 
7f4bcef9a000-7f4bcef9b000 r--p 00000000 103:06 20578668                  /usr/lib/x86_64-linux-gnu/ld-linux-x86-64.so.2
7f4bcef9b000-7f4bcefc5000 r-xp 00001000 103:06 20578668                  /usr/lib/x86_64-linux-gnu/ld-linux-x86-64.so.2
7f4bcefc5000-7f4bcefcf000 r--p 0002b000 103:06 20578668                  /usr/lib/x86_64-linux-gnu/ld-linux-x86-64.so.2
7f4bcefcf000-7f4bcefd1000 r--p 00035000 103:06 20578668                  /usr/lib/x86_64-linux-gnu/ld-linux-x86-64.so.2
7f4bcefd1000-7f4bcefd3000 rw-p 00037000 103:06 20578668                  /usr/lib/x86_64-linux-gnu/ld-linux-x86-64.so.2
7fffb20c0000-7fffb20e2000 rw-p 00000000 00:00 0                          [stack]
7fffb21c5000-7fffb21c9000 r--p 00000000 00:00 0                          [vvar]
7fffb21c9000-7fffb21cb000 r-xp 00000000 00:00 0                          [vdso]
ffffffffff600000-ffffffffff601000 --xp 00000000 00:00 0                  [vsyscall]


VM Arguments:
jvm_args: -Dclassworlds.conf=/usr/share/maven/bin/m2.conf -Dmaven.home=/usr/share/maven -Dlibrary.jansi.path=/usr/share/maven/lib/jansi-native -Dmaven.multiModuleProjectDirectory=/home/acmahaja/code/courses/Spring Boot for beginners 
java_command: org.codehaus.plexus.classworlds.launcher.Launcher spring-boot:run
java_class_path (initial): /usr/share/maven/boot/plexus-classworlds-2.x.jar
Launcher Type: SUN_STANDARD

[Global flags]
     intx CICompilerCount                          = 12                                        {product} {ergonomic}
     uint ConcGCThreads                            = 3                                         {product} {ergonomic}
     uint G1ConcRefinementThreads                  = 13                                        {product} {ergonomic}
   size_t G1HeapRegionSize                         = 4194304                                   {product} {ergonomic}
    uintx GCDrainStackTargetSize                   = 64                                        {product} {ergonomic}
   size_t InitialHeapSize                          = 520093696                                 {product} {ergonomic}
   size_t MarkStackSize                            = 4194304                                   {product} {ergonomic}
   size_t MaxHeapSize                              = 8313110528                                {product} {ergonomic}
   size_t MaxNewSize                               = 4987027456                                {product} {ergonomic}
   size_t MinHeapDeltaBytes                        = 4194304                                   {product} {ergonomic}
   size_t MinHeapSize                              = 8388608                                   {product} {ergonomic}
    uintx NonNMethodCodeHeapSize                   = 7602480                                {pd product} {ergonomic}
    uintx NonProfiledCodeHeapSize                  = 122027880                              {pd product} {ergonomic}
    uintx ProfiledCodeHeapSize                     = 122027880                              {pd product} {ergonomic}
    uintx ReservedCodeCacheSize                    = 251658240                              {pd product} {ergonomic}
     bool SegmentedCodeCache                       = true                                      {product} {ergonomic}
   size_t SoftMaxHeapSize                          = 8313110528                             {manageable} {ergonomic}
     bool UseCompressedClassPointers               = true                           {product lp64_product} {ergonomic}
     bool UseCompressedOops                        = true                           {product lp64_product} {ergonomic}
     bool UseG1GC                                  = true                                      {product} {ergonomic}

Logging:
Log output configuration:
 #0: stdout all=warning uptime,level,tags
 #1: stderr all=off uptime,level,tags

Environment Variables:
PATH=/home/acmahaja/code/courses/Spring Boot for beginners/node_modules/.bin:/home/acmahaja/.local/share/nvim/mason/bin:/home/acmahaja/.local/bin:/usr/local/sbin:/usr/local/bin:/usr/sbin:/usr/bin:/sbin:/bin:/usr/games:/usr/local/games:/snap/bin:/snap/bin:/home/acmahaja/.fzf/bin
USERNAME=acmahaja
SHELL=/usr/bin/zsh
DISPLAY=:1
LANG=en_US.UTF-8
TERM=tmux-256color

Active Locale:
LC_ALL=en_US.UTF-8
LC_COLLATE=en_US.UTF-8
LC_CTYPE=en_US.UTF-8
LC_MESSAGES=en_US.UTF-8
LC_MONETARY=en_US.UTF-8
LC_NUMERIC=en_US.UTF-8
LC_TIME=en_US.UTF-8

Signal Handlers:
   SIGSEGV: crash_handler in libjvm.so, mask=11100100010111111101111111111110, flags=SA_RESTART|SA_SIGINFO, unblocked
    SIGBUS: crash_handler in libjvm.so, mask=11100100010111111101111111111110, flags=SA_RESTART|SA_SIGINFO, unblocked
    SIGFPE: crash_handler in libjvm.so, mask=11100100010111111101111111111110, flags=SA_RESTART|SA_SIGINFO, unblocked
   SIGPIPE: javaSignalHandler in libjvm.so, mask=11100100010111111101111111111110, flags=SA_RESTART|SA_SIGINFO, blocked
   SIGXFSZ: javaSignalHandler in libjvm.so, mask=11100100010111111101111111111110, flags=SA_RESTART|SA_SIGINFO, blocked
    SIGILL: crash_handler in libjvm.so, mask=11100100010111111101111111111110, flags=SA_RESTART|SA_SIGINFO, unblocked
   SIGUSR2: SR_handler in libjvm.so, mask=00000000000000000000000000000000, flags=SA_RESTART|SA_SIGINFO, blocked
    SIGHUP: UserHandler in libjvm.so, mask=11100100010111111101111111111110, flags=SA_RESTART|SA_SIGINFO, blocked
    SIGINT: UserHandler in libjvm.so, mask=11100100010111111101111111111110, flags=SA_RESTART|SA_SIGINFO, blocked
   SIGTERM: UserHandler in libjvm.so, mask=11100100010111111101111111111110, flags=SA_RESTART|SA_SIGINFO, blocked
   SIGQUIT: UserHandler in libjvm.so, mask=11100100010111111101111111111110, flags=SA_RESTART|SA_SIGINFO, blocked
   SIGTRAP: crash_handler in libjvm.so, mask=11100100010111111101111111111110, flags=SA_RESTART|SA_SIGINFO, unblocked


Periodic native trim disabled


---------------  S Y S T E M  ---------------

OS:
DISTRIB_ID=Ubuntu
DISTRIB_RELEASE=23.10
DISTRIB_CODENAME=mantic
DISTRIB_DESCRIPTION="Ubuntu 23.10"
uname: Linux 6.5.0-21-generic #21-Ubuntu SMP PREEMPT_DYNAMIC Wed Feb  7 14:17:40 UTC 2024 x86_64
OS uptime: 0 days 19:45 hours
libc: glibc 2.38 NPTL 2.38 
rlimit (soft/hard): STACK 8192k/infinity , CORE 0k/infinity , NPROC 126569/126569 , NOFILE 1048576/1048576 , AS infinity/infinity , CPU infinity/infinity , DATA infinity/infinity , FSIZE infinity/infinity , MEMLOCK 4058112k/4058112k
load average: 7.44 6.32 3.83

/proc/meminfo:
MemTotal:       32464900 kB
MemFree:         3626712 kB
MemAvailable:   18251748 kB
Buffers:          603844 kB
Cached:         14379512 kB
SwapCached:            0 kB
Active:         14553392 kB
Inactive:       11556764 kB
Active(anon):   11992092 kB
Inactive(anon):   210684 kB
Active(file):    2561300 kB
Inactive(file): 11346080 kB
Unevictable:      711744 kB
Mlocked:             220 kB
SwapTotal:      35651580 kB
SwapFree:       35651580 kB
Zswap:                 0 kB
Zswapped:              0 kB
Dirty:             33000 kB
Writeback:             0 kB
AnonPages:      11838928 kB
Mapped:          1891200 kB
Shmem:           1076004 kB
KReclaimable:    1185444 kB
Slab:            1525608 kB
SReclaimable:    1185444 kB
SUnreclaim:       340164 kB
KernelStack:       43568 kB
PageTables:       103632 kB
SecPageTables:      3092 kB
NFS_Unstable:          0 kB
Bounce:                0 kB
WritebackTmp:          0 kB
CommitLimit:    51884028 kB
Committed_AS:   45235008 kB
VmallocTotal:   34359738367 kB
VmallocUsed:      184080 kB
VmallocChunk:          0 kB
Percpu:            16704 kB
HardwareCorrupted:     0 kB
AnonHugePages:   5099520 kB
ShmemHugePages:        0 kB
ShmemPmdMapped:        0 kB
FileHugePages:         0 kB
FilePmdMapped:         0 kB
Unaccepted:            0 kB
HugePages_Total:       0
HugePages_Free:        0
HugePages_Rsvd:        0
HugePages_Surp:        0
Hugepagesize:       2048 kB
Hugetlb:               0 kB
DirectMap4k:      722956 kB
DirectMap2M:    13574144 kB
DirectMap1G:    18874368 kB

/sys/kernel/mm/transparent_hugepage/enabled: always [madvise] never
/sys/kernel/mm/transparent_hugepage/defrag (defrag/compaction efforts parameter): always defer defer+madvise [madvise] never

Process Memory:
Virtual Size: 12617712K (peak: 12617712K)
Resident Set Size: 303208K (peak: 308332K) (anon: 279344K, file: 23864K, shmem: 0K)
Swapped out: 0K
C-Heap outstanding allocations: 45568K, retained: 61515K
glibc malloc tunables: (default)

/proc/sys/kernel/threads-max (system-wide limit on the number of threads): 253138
/proc/sys/vm/max_map_count (maximum number of memory map areas a process may have): 65530
/proc/sys/kernel/pid_max (system-wide limit on number of process identifiers): 4194304

container (cgroup) information:
container_type: cgroupv2
cpu_cpuset_cpus: not supported
cpu_memory_nodes: not supported
active_processor_count: 16
cpu_quota: not supported
cpu_period: not supported
cpu_shares: not supported
memory_limit_in_bytes: unlimited
memory_and_swap_limit_in_bytes: unlimited
memory_soft_limit_in_bytes: unlimited
memory_usage_in_bytes: 2139264 k
memory_max_usage_in_bytes: not supported
memory_swap_current_in_bytes: unlimited
memory_swap_max_limit_in_bytes: unlimited
maximum number of tasks: 37970
current number of tasks: 352

Steal ticks since vm start: 0
Steal ticks percentage since vm start:  0.000

CPU: total 16 (initial active 16) (8 cores per cpu, 2 threads per core) family 6 model 158 stepping 13 microcode 0xfa, cx8, cmov, fxsr, ht, mmx, 3dnowpref, sse, sse2, sse3, ssse3, sse4.1, sse4.2, popcnt, lzcnt, tsc, tscinvbit, avx, avx2, aes, erms, clmul, bmi1, bmi2, rtm, adx, fma, vzeroupper, clflush, clflushopt
CPU Model and flags from /proc/cpuinfo:
model name	: Intel(R) Core(TM) i9-9980HK CPU @ 2.40GHz
flags		: fpu vme de pse tsc msr pae mce cx8 apic sep mtrr pge mca cmov pat pse36 clflush dts acpi mmx fxsr sse sse2 ss ht tm pbe syscall nx pdpe1gb rdtscp lm constant_tsc art arch_perfmon pebs bts rep_good nopl xtopology nonstop_tsc cpuid aperfmperf pni pclmulqdq dtes64 monitor ds_cpl vmx est tm2 ssse3 sdbg fma cx16 xtpr pdcm pcid sse4_1 sse4_2 x2apic movbe popcnt tsc_deadline_timer aes xsave avx f16c rdrand lahf_lm abm 3dnowprefetch cpuid_fault epb invpcid_single ssbd ibrs ibpb stibp ibrs_enhanced tpr_shadow flexpriority ept vpid ept_ad fsgsbase tsc_adjust sgx bmi1 avx2 smep bmi2 erms invpcid mpx rdseed adx smap clflushopt intel_pt xsaveopt xsavec xgetbv1 xsaves dtherm ida arat pln pts hwp hwp_notify hwp_act_window hwp_epp vnmi sgx_lc md_clear flush_l1d arch_capabilities

Online cpus: 0-15
Offline cpus: 
BIOS frequency limitation: <Not Available>
Frequency switch latency (ns): 0
Available cpu frequencies: <Not Available>
Current governor: powersave
Core performance/turbo boost: <Not Available>

Memory: 4k page, physical 32464900k(3626208k free), swap 35651580k(35651580k free)
Page Sizes: 4k

vm_info: OpenJDK 64-Bit Server VM (17.0.10+7-Ubuntu-123.10.1) for linux-amd64 JRE (17.0.10+7-Ubuntu-123.10.1), built on Feb  5 2024 21:04:26 by "buildd" with gcc 13.2.0

END.
