#
# A fatal error has been detected by the Java Runtime Environment:
#
#  SIGSEGV (0xb) at pc=0x00007f15359d4d3e, pid=1275339, tid=1275339
#
# JRE version: OpenJDK Runtime Environment (17.0.10+7) (build 17.0.10+7-Ubuntu-123.10.1)
# Java VM: OpenJDK 64-Bit Server VM (17.0.10+7-Ubuntu-123.10.1, mixed mode, sharing, tiered, compressed oops, compressed class ptrs, g1 gc, linux-amd64)
# Problematic frame:
# V  [libjvm.so+0xdd4d3e]  SR_handler(int, siginfo_t*, ucontext_t*)+0x9e
#
# Core dump will be written. Default location: Core dumps may be processed with "/usr/share/apport/apport -p%p -s%s -c%c -d%d -P%P -u%u -g%g -- %E" (or dumping to /home/acmahaja/code/courses/Spring Boot for beginners/core.1275339)
#
# If you would like to submit a bug report, please visit:
#   Unknown
#

---------------  S U M M A R Y ------------

Command Line: -Dclassworlds.conf=/usr/share/maven/bin/m2.conf -Dmaven.home=/usr/share/maven -Dlibrary.jansi.path=/usr/share/maven/lib/jansi-native -Dmaven.multiModuleProjectDirectory=/home/acmahaja/code/courses/Spring Boot for beginners org.codehaus.plexus.classworlds.launcher.Launcher spring-boot:run

Host: Intel(R) Core(TM) i9-9980HK CPU @ 2.40GHz, 16 cores, 30G, Ubuntu 23.10
Time: Thu Feb 29 10:56:53 2024 AEDT elapsed time: 71.901152 seconds (0d 0h 1m 11s)

---------------  T H R E A D  ---------------

Current thread is native thread

Stack: [0x00007ffc0505f000,0x00007ffc0585e000],  sp=0x00007ffc05858770,  free space=8165k
Native frames: (J=compiled Java code, j=interpreted, Vv=VM code, C=native code)
V  [libjvm.so+0xdd4d3e]  SR_handler(int, siginfo_t*, ucontext_t*)+0x9e


siginfo: si_signo: 11 (SIGSEGV), si_code: 1 (SEGV_MAPERR), si_addr: 0x0000000000000268

Registers:
RAX=0x0000000000000000, RBX=0x00007ffc05858780, RCX=0x00007f153609ed08, RDX=0x0000000000000000
RSP=0x00007ffc05858770, RBP=0x00007ffc05858830, RSI=0x00007ffc05858780, RDI=0x0000000000000000
R8 =0x0000000000000000, R9 =0x00000000ffffffff, R10=0x0000000000000008, R11=0x0000000000000246
R12=0x00007f15363a26c8, R13=0x00007ffc05858970, R14=0x00007f1534bff990, R15=0x0000000000000000
RIP=0x00007f15359d4d3e, EFLAGS=0x0000000000010246, CSGSFS=0x002b000000000033, ERR=0x0000000000000004
  TRAPNO=0x000000000000000e


Top of Stack: (sp=0x00007ffc05858770)
0x00007ffc05858770:   00007f1535c56b8c 00007ffc05858840
0x00007ffc05858780:   00000000000004d8 00007f1535c56800
0x00007ffc05858790:   00007f1535c56840 00007f1535c56a20
0x00007ffc058587a0:   00007f1535c56b8c 00007f1535c568a0
0x00007ffc058587b0:   00007f1535c56b8c 00007f1535c56920
0x00007ffc058587c0:   00007f1535c56b8c 00007f15363f4e24
0x00007ffc058587d0:   00007f15363eb588 00007f15363eb930
0x00007ffc058587e0:   00007f1536422ab0 0000000024bbd60a
0x00007ffc058587f0:   00007f15363eb500 00007f15363f5292
0x00007ffc05858800:   0000000000000006 00007f1534bff6c0
0x00007ffc05858810:   00000000001375e3 00007ffc05858f98
0x00007ffc05858820:   00007f1534bff990 00007ffc05858f20
0x00007ffc05858830:   0000000000000000 00007f1536042990
0x00007ffc05858840:   0000000000000007 0000000000000000
0x00007ffc05858850:   0000000000000000 00007ffc00000002
0x00007ffc05858860:   0000000000000000 0000000000000000
0x00007ffc05858870:   00000000ffffffff 0000000000000000
0x00007ffc05858880:   0000000000000246 00000000001375e3
0x00007ffc05858890:   00007ffc05858f98 00007f1534bff990
0x00007ffc058588a0:   00007ffc05858f20 00007f1534bff990
0x00007ffc058588b0:   0000000000000109 0000000000000000
0x00007ffc058588c0:   00007f1534bff6c0 00000000001375e3
0x00007ffc058588d0:   00000000000000ca 00007f15360940f6
0x00007ffc058588e0:   00007ffc05858ed0 00007f15360940f4
0x00007ffc058588f0:   0000000000000246 002b000000000033
0x00007ffc05858900:   0000000000000000 0000000000000000
0x00007ffc05858910:   0000000000000000 0000000000000000
0x00007ffc05858920:   00007ffc05858a00 00007ffc05858978
0x00007ffc05858930:   0000000000000001 00007ffc05858980
0x00007ffc05858940:   00007f15363ea0f8 0000000000000000
0x00007ffc05858950:   0000000000000000 00007f1535e3cdb8
0x00007ffc05858960:   0000000000000000 0000000000000000 

Instructions: (pc=0x00007f15359d4d3e)
0x00007f15359d4c3e:   c5 47 ff 41 83 fc 02 74 49 48 83 3d 99 71 58 00
0x00007f15359d4c4e:   00 74 2f 48 8d 05 88 70 58 00 4a 8d 14 a0 b8 01
0x00007f15359d4c5e:   00 00 00 f0 0f c1 02 48 8b 3d 7c 71 58 00 48 83
0x00007f15359d4c6e:   ec 80 be 01 00 00 00 5b 41 5c 5d e9 d2 fd f1 ff
0x00007f15359d4c7e:   66 90 48 83 ec 80 5b 41 5c 5d c3 0f 1f 80 00 00
0x00007f15359d4c8e:   00 00 e8 6b f7 15 00 84 c0 74 ae e8 c6 d3 47 ff
0x00007f15359d4c9e:   eb a7 f3 0f 1e fa 55 48 89 e5 41 57 41 56 41 55
0x00007f15359d4cae:   49 89 f5 41 54 53 48 8d 9d 50 ff ff ff 48 81 ec
0x00007f15359d4cbe:   98 00 00 00 48 89 95 48 ff ff ff e8 72 d0 47 ff
0x00007f15359d4cce:   48 89 df 44 8b 38 49 89 c4 e8 b4 cc 47 ff be 04
0x00007f15359d4cde:   00 00 00 48 89 df e8 f7 ce 47 ff be 07 00 00 00
0x00007f15359d4cee:   48 89 df e8 ea ce 47 ff be 08 00 00 00 48 89 df
0x00007f15359d4cfe:   e8 dd ce 47 ff be 0b 00 00 00 48 89 df e8 d0 ce
0x00007f15359d4d0e:   47 ff be 05 00 00 00 48 89 df e8 c3 ce 47 ff 31
0x00007f15359d4d1e:   d2 48 89 de bf 01 00 00 00 e8 54 c4 47 ff e8 1f
0x00007f15359d4d2e:   a8 0e 00 89 c2 31 c0 84 d2 74 05 e8 22 a8 0e 00
0x00007f15359d4d3e:   48 8b 90 68 02 00 00 48 85 d2 74 17 4c 8b b0 30
0x00007f15359d4d4e:   02 00 00 41 8b 86 a0 00 00 00 83 f8 01 74 1b 45
0x00007f15359d4d5e:   89 3c 24 48 81 c4 98 00 00 00 5b 41 5c 41 5d 41
0x00007f15359d4d6e:   5e 41 5f 5d c3 0f 1f 44 00 00 48 8b 85 48 ff ff
0x00007f15359d4d7e:   ff ba 02 00 00 00 be 01 00 00 00 4d 89 ae a8 00
0x00007f15359d4d8e:   00 00 4d 8d ae a0 00 00 00 49 89 86 b0 00 00 00
0x00007f15359d4d9e:   4c 89 ef e8 da 05 e6 ff 83 f8 02 74 3d 85 c0 75
0x00007f15359d4dae:   11 66 0f ef c0 41 0f 11 86 a8 00 00 00 eb a0 0f
0x00007f15359d4dbe:   1f 00 48 8d 05 81 25 52 00 be 63 06 00 00 48 8d
0x00007f15359d4dce:   3d cd 61 26 00 48 8b 00 c6 00 58 e8 52 c0 83 ff
0x00007f15359d4dde:   e8 ed 37 e6 ff eb ca 0f 1f 00 48 89 df e8 a0 cb
0x00007f15359d4dee:   47 ff 48 89 da 31 f6 31 ff e8 84 c3 47 ff 8b 35
0x00007f15359d4dfe:   46 7f 53 00 48 89 df e8 76 c8 47 ff be 01 00 00
0x00007f15359d4e0e:   00 48 8d 3d ea 6f 58 00 e8 35 fc f1 ff eb 08 0f
0x00007f15359d4e1e:   1f 00 83 f8 02 75 3b 48 89 df e8 73 cf 47 ff 31
0x00007f15359d4e2e:   d2 be 03 00 00 00 4c 89 ef e8 44 05 e6 ff 85 c0 



---------------  P R O C E S S  ---------------

VM state: not at safepoint (normal execution)

VM Mutex/Monitor currently owned by a thread: None

Heap address: 0x0000000610800000, size: 7928 MB, Compressed Oops mode: Zero based, Oop shift amount: 3

CDS archive(s) mapped at: [0x00007f14a7000000-0x00007f14a7bc7000-0x00007f14a7bc7000), size 12349440, SharedBaseAddress: 0x00007f14a7000000, ArchiveRelocationMode: 1.
Compressed class space mapped at: 0x00007f14a8000000-0x00007f14e8000000, reserved size: 1073741824
Narrow klass base: 0x00007f14a7000000, Narrow klass shift: 0, Narrow klass range: 0x100000000

GC Precious Log:
<Skipped>

Heap:
 garbage-first heap   total 122880K, used 47764K [0x0000000610800000, 0x0000000800000000)
  region size 4096K, 5 young (20480K), 2 survivors (8192K)
 Metaspace       used 25138K, committed 25472K, reserved 1114112K
  class space    used 2832K, committed 3008K, reserved 1048576K

Heap Regions: E=young(eden), S=young(survivor), O=old, HS=humongous(starts), HC=humongous(continues), CS=collection set, F=free, OA=open archive, CA=closed archive, TAMS=top-at-mark-start (previous, next)
|   0|0x0000000610800000, 0x0000000610800000, 0x0000000610c00000|  0%| F|  |TAMS 0x0000000610800000, 0x0000000610800000| Untracked 
|   1|0x0000000610c00000, 0x0000000611000000, 0x0000000611000000|100%| O|  |TAMS 0x0000000610c00000, 0x0000000610c00000| Untracked 
|   2|0x0000000611000000, 0x0000000611400000, 0x0000000611400000|100%| O|  |TAMS 0x0000000611000000, 0x0000000611000000| Untracked 
|   3|0x0000000611400000, 0x0000000611800000, 0x0000000611800000|100%| O|  |TAMS 0x0000000611400000, 0x0000000611400000| Untracked 
|   4|0x0000000611800000, 0x0000000611c00000, 0x0000000611c00000|100%| O|  |TAMS 0x0000000611800000, 0x0000000611800000| Untracked 
|   5|0x0000000611c00000, 0x0000000612000000, 0x0000000612000000|100%| O|  |TAMS 0x0000000611c00000, 0x0000000611c00000| Untracked 
|   6|0x0000000612000000, 0x0000000612400000, 0x0000000612400000|100%| O|  |TAMS 0x0000000612000000, 0x0000000612000000| Untracked 
|   7|0x0000000612400000, 0x0000000612400000, 0x0000000612800000|  0%| F|  |TAMS 0x0000000612400000, 0x0000000612400000| Untracked 
|   8|0x0000000612800000, 0x0000000612800000, 0x0000000612c00000|  0%| F|  |TAMS 0x0000000612800000, 0x0000000612800000| Untracked 
|   9|0x0000000612c00000, 0x0000000612c00000, 0x0000000613000000|  0%| F|  |TAMS 0x0000000612c00000, 0x0000000612c00000| Untracked 
|  10|0x0000000613000000, 0x0000000613400000, 0x0000000613400000|100%| O|  |TAMS 0x0000000613000000, 0x0000000613000000| Untracked 
|  11|0x0000000613400000, 0x0000000613495600, 0x0000000613800000| 14%| O|  |TAMS 0x0000000613400000, 0x0000000613400000| Untracked 
|  12|0x0000000613800000, 0x0000000613800000, 0x0000000613c00000|  0%| F|  |TAMS 0x0000000613800000, 0x0000000613800000| Untracked 
|  13|0x0000000613c00000, 0x0000000613c00000, 0x0000000614000000|  0%| F|  |TAMS 0x0000000613c00000, 0x0000000613c00000| Untracked 
|  14|0x0000000614000000, 0x0000000614000000, 0x0000000614400000|  0%| F|  |TAMS 0x0000000614000000, 0x0000000614000000| Untracked 
|  15|0x0000000614400000, 0x0000000614400000, 0x0000000614800000|  0%| F|  |TAMS 0x0000000614400000, 0x0000000614400000| Untracked 
|  16|0x0000000614800000, 0x0000000614864560, 0x0000000614c00000|  9%| S|CS|TAMS 0x0000000614800000, 0x0000000614800000| Complete 
|  17|0x0000000614c00000, 0x0000000615000000, 0x0000000615000000|100%| S|CS|TAMS 0x0000000614c00000, 0x0000000614c00000| Complete 
|  18|0x0000000615000000, 0x0000000615000000, 0x0000000615400000|  0%| F|  |TAMS 0x0000000615000000, 0x0000000615000000| Untracked 
|  19|0x0000000615400000, 0x0000000615400000, 0x0000000615800000|  0%| F|  |TAMS 0x0000000615400000, 0x0000000615400000| Untracked 
|  20|0x0000000615800000, 0x0000000615800000, 0x0000000615c00000|  0%| F|  |TAMS 0x0000000615800000, 0x0000000615800000| Untracked 
|  21|0x0000000615c00000, 0x0000000615c00000, 0x0000000616000000|  0%| F|  |TAMS 0x0000000615c00000, 0x0000000615c00000| Untracked 
|  91|0x0000000627400000, 0x0000000627400000, 0x0000000627800000|  0%| F|  |TAMS 0x0000000627400000, 0x0000000627400000| Untracked 
|  92|0x0000000627800000, 0x0000000627800000, 0x0000000627c00000|  0%| F|  |TAMS 0x0000000627800000, 0x0000000627800000| Untracked 
|  93|0x0000000627c00000, 0x0000000627c00000, 0x0000000628000000|  0%| F|  |TAMS 0x0000000627c00000, 0x0000000627c00000| Untracked 
|  94|0x0000000628000000, 0x00000006281bf548, 0x0000000628400000| 43%| E|  |TAMS 0x0000000628000000, 0x0000000628000000| Complete 
|  95|0x0000000628400000, 0x0000000628800000, 0x0000000628800000|100%| E|CS|TAMS 0x0000000628400000, 0x0000000628400000| Complete 
| 123|0x000000062f400000, 0x000000062f800000, 0x000000062f800000|100%| E|CS|TAMS 0x000000062f400000, 0x000000062f400000| Complete 
|1980|0x00000007ff800000, 0x00000007ffb75000, 0x00000007ffc00000| 86%|OA|  |TAMS 0x00000007ffb75000, 0x00000007ff800000| Untracked 
|1981|0x00000007ffc00000, 0x00000007ffc77000, 0x0000000800000000| 11%|CA|  |TAMS 0x00000007ffc77000, 0x00000007ffc00000| Untracked 

Card table byte_map: [0x00007f1516f02000,0x00007f1517e7e000] _byte_map_base: 0x00007f1513e7e000

Marking Bits (Prev, Next): (CMBitMap*) 0x00007f1530044270, (CMBitMap*) 0x00007f1530044230
 Prev Bits: [0x00007f15067c6000, 0x00007f150e3a6000)
 Next Bits: [0x00007f150e3a6000, 0x00007f1515f86000)

Polling page: 0x00007f15363de000

Metaspace:

Usage:
  Non-class:     21.78 MB used.
      Class:      2.77 MB used.
       Both:     24.55 MB used.

Virtual space:
  Non-class space:       64.00 MB reserved,      21.94 MB ( 34%) committed,  1 nodes.
      Class space:        1.00 GB reserved,       2.94 MB ( <1%) committed,  1 nodes.
             Both:        1.06 GB reserved,      24.88 MB (  2%) committed. 

Chunk freelists:
   Non-Class:  9.55 MB
       Class:  13.04 MB
        Both:  22.58 MB

MaxMetaspaceSize: unlimited
CompressedClassSpaceSize: 1.00 GB
Initial GC threshold: 21.00 MB
Current GC threshold: 35.44 MB
CDS: on
MetaspaceReclaimPolicy: balanced
 - commit_granule_bytes: 65536.
 - commit_granule_words: 8192.
 - virtual_space_node_default_size: 8388608.
 - enlarge_chunks_in_place: 1.
 - new_chunks_are_fully_committed: 0.
 - uncommit_free_chunks: 1.
 - use_allocation_guard: 0.
 - handle_deallocations: 1.


Internal statistics:

num_allocs_failed_limit: 3.
num_arena_births: 178.
num_arena_deaths: 0.
num_vsnodes_births: 2.
num_vsnodes_deaths: 0.
num_space_committed: 398.
num_space_uncommitted: 0.
num_chunks_returned_to_freelist: 3.
num_chunks_taken_from_freelist: 1058.
num_chunk_merges: 3.
num_chunk_splits: 747.
num_chunks_enlarged: 589.
num_inconsistent_stats: 0.

CodeHeap 'non-profiled nmethods': size=119168Kb used=3089Kb max_used=3089Kb free=116078Kb
 bounds [0x00007f1520fa0000, 0x00007f15212b0000, 0x00007f1528400000]
CodeHeap 'profiled nmethods': size=119164Kb used=11502Kb max_used=11502Kb free=107661Kb
 bounds [0x00007f1519400000, 0x00007f1519f40000, 0x00007f152085f000]
CodeHeap 'non-nmethods': size=7428Kb used=1197Kb max_used=2956Kb free=6231Kb
 bounds [0x00007f152085f000, 0x00007f1520b5f000, 0x00007f1520fa0000]
 total_blobs=6013 nmethods=5515 adapters=411
 compilation: enabled
              stopped_count=0, restarted_count=0
 full_count=0

Compilation events (20 events):
Event: 2.059 Thread 0x00007f146000c540 nmethod 5401 0x00007f152126ad10 code [0x00007f152126b0e0, 0x00007f152126e898]
Event: 2.059 Thread 0x00007f146000c540 5433       4       java.util.zip.ZipFile$Source::initCEN (591 bytes)
Event: 2.065 Thread 0x00007f1468007f80 nmethod 5434% 0x00007f1521270f10 code [0x00007f1521271220, 0x00007f1521275010]
Event: 2.065 Thread 0x00007f1468007f80 5447       4       java.util.jar.JarFile::match (132 bytes)
Event: 2.068 Thread 0x00007f1468007f80 nmethod 5447 0x00007f1521277010 code [0x00007f15212771a0, 0x00007f1521277518]
Event: 2.068 Thread 0x00007f1468007f80 5446       4       java.util.zip.ZipFile$Source::checkExtraFields (161 bytes)
Event: 2.070 Thread 0x00007f1468007f80 nmethod 5446 0x00007f1521277810 code [0x00007f15212779a0, 0x00007f1521277bb8]
Event: 2.070 Thread 0x00007f1468007f80 5441       4       sun.nio.fs.UnixPath::normalizeAndCheck (75 bytes)
Event: 2.073 Thread 0x00007f1468007f80 nmethod 5441 0x00007f1521277e10 code [0x00007f1521277fa0, 0x00007f1521278288]
Event: 2.073 Thread 0x00007f1468007f80 5456       4       java.lang.String::lastIndexOf (12 bytes)
Event: 2.074 Thread 0x00007f1468007f80 nmethod 5456 0x00007f1521278410 code [0x00007f15212785a0, 0x00007f15212786f8]
Event: 2.074 Thread 0x00007f1468007f80 5452       4       java.util.concurrent.ConcurrentHashMap$ValueIterator::next (34 bytes)
Event: 2.079 Thread 0x00007f1468007f80 nmethod 5452 0x00007f1521278890 code [0x00007f1521278a20, 0x00007f1521278ed8]
Event: 2.079 Thread 0x00007f1468007f80 5428       4       org.codehaus.plexus.classworlds.realm.ClassRealm::getClassLoadingLock (38 bytes)
Event: 2.080 Thread 0x00007f1468007f80 nmethod 5428 0x00007f1521279090 code [0x00007f1521279220, 0x00007f1521279368]
Event: 2.083 Thread 0x00007f1468009160 nmethod 5289 0x00007f1521279510 code [0x00007f1521279920, 0x00007f152127e418]
Event: 2.119 Thread 0x00007f153015cea0 nmethod 5374 0x00007f1521280710 code [0x00007f1521280a40, 0x00007f15212858e8]
Event: 2.128 Thread 0x00007f146000c540 nmethod 5433 0x00007f1521289010 code [0x00007f1521289340, 0x00007f152128d0e0]
Event: 2.143 Thread 0x00007f1480176720 nmethod 5384 0x00007f152128f510 code [0x00007f152128f920, 0x00007f1521295060]
Event: 2.221 Thread 0x00007f148017d100 nmethod 5217 0x00007f1521298b10 code [0x00007f15212990a0, 0x00007f15212a0820]

GC Heap History (12 events):
Event: 0.333 GC heap before
{Heap before GC invocations=0 (full 0):
 garbage-first heap   total 516096K, used 28592K [0x0000000610800000, 0x0000000800000000)
  region size 4096K, 6 young (24576K), 0 survivors (0K)
 Metaspace       used 5420K, committed 5568K, reserved 1114112K
  class space    used 635K, committed 704K, reserved 1048576K
}
Event: 0.335 GC heap after
{Heap after GC invocations=1 (full 0):
 garbage-first heap   total 516096K, used 7092K [0x0000000610800000, 0x0000000800000000)
  region size 4096K, 1 young (4096K), 1 survivors (4096K)
 Metaspace       used 5420K, committed 5568K, reserved 1114112K
  class space    used 635K, committed 704K, reserved 1048576K
}
Event: 0.685 GC heap before
{Heap before GC invocations=1 (full 0):
 garbage-first heap   total 516096K, used 35764K [0x0000000610800000, 0x0000000800000000)
  region size 4096K, 8 young (32768K), 1 survivors (4096K)
 Metaspace       used 11120K, committed 11264K, reserved 1114112K
  class space    used 1348K, committed 1408K, reserved 1048576K
}
Event: 0.688 GC heap after
{Heap after GC invocations=2 (full 0):
 garbage-first heap   total 516096K, used 9138K [0x0000000610800000, 0x0000000800000000)
  region size 4096K, 1 young (4096K), 1 survivors (4096K)
 Metaspace       used 11120K, committed 11264K, reserved 1114112K
  class space    used 1348K, committed 1408K, reserved 1048576K
}
Event: 1.475 GC heap before
{Heap before GC invocations=2 (full 0):
 garbage-first heap   total 516096K, used 148402K [0x0000000610800000, 0x0000000800000000)
  region size 4096K, 28 young (114688K), 1 survivors (4096K)
 Metaspace       used 21255K, committed 21504K, reserved 1114112K
  class space    used 2444K, committed 2560K, reserved 1048576K
}
Event: 1.480 GC heap after
{Heap after GC invocations=3 (full 0):
 garbage-first heap   total 516096K, used 24689K [0x0000000610800000, 0x0000000800000000)
  region size 4096K, 5 young (20480K), 5 survivors (20480K)
 Metaspace       used 21255K, committed 21504K, reserved 1114112K
  class space    used 2444K, committed 2560K, reserved 1048576K
}
Event: 1.856 GC heap before
{Heap before GC invocations=4 (full 0):
 garbage-first heap   total 122880K, used 77937K [0x0000000610800000, 0x0000000800000000)
  region size 4096K, 18 young (73728K), 5 survivors (20480K)
 Metaspace       used 23986K, committed 24256K, reserved 1114112K
  class space    used 2729K, committed 2880K, reserved 1048576K
}
Event: 1.862 GC heap after
{Heap after GC invocations=5 (full 0):
 garbage-first heap   total 122880K, used 32877K [0x0000000610800000, 0x0000000800000000)
  region size 4096K, 3 young (12288K), 3 survivors (12288K)
 Metaspace       used 23986K, committed 24256K, reserved 1114112K
  class space    used 2729K, committed 2880K, reserved 1048576K
}
Event: 1.869 GC heap before
{Heap before GC invocations=5 (full 0):
 garbage-first heap   total 122880K, used 36973K [0x0000000610800000, 0x0000000800000000)
  region size 4096K, 4 young (16384K), 3 survivors (12288K)
 Metaspace       used 23993K, committed 24256K, reserved 1114112K
  class space    used 2729K, committed 2880K, reserved 1048576K
}
Event: 1.877 GC heap after
{Heap after GC invocations=6 (full 0):
 garbage-first heap   total 122880K, used 35165K [0x0000000610800000, 0x0000000800000000)
  region size 4096K, 1 young (4096K), 1 survivors (4096K)
 Metaspace       used 23993K, committed 24256K, reserved 1114112K
  class space    used 2729K, committed 2880K, reserved 1048576K
}
Event: 1.991 GC heap before
{Heap before GC invocations=6 (full 0):
 garbage-first heap   total 122880K, used 72029K [0x0000000610800000, 0x0000000800000000)
  region size 4096K, 10 young (40960K), 1 survivors (4096K)
 Metaspace       used 24322K, committed 24576K, reserved 1114112K
  class space    used 2744K, committed 2880K, reserved 1048576K
}
Event: 1.994 GC heap after
{Heap after GC invocations=7 (full 0):
 garbage-first heap   total 122880K, used 37782K [0x0000000610800000, 0x0000000800000000)
  region size 4096K, 2 young (8192K), 2 survivors (8192K)
 Metaspace       used 24322K, committed 24576K, reserved 1114112K
  class space    used 2744K, committed 2880K, reserved 1048576K
}

Dll operation events (7 events):
Event: 0.001 Loaded shared library /usr/lib/jvm/java-17-openjdk-amd64/lib/libjava.so
Event: 0.013 Loaded shared library /usr/lib/jvm/java-17-openjdk-amd64/lib/libjsvml.so
Event: 0.024 Loaded shared library /usr/lib/jvm/java-17-openjdk-amd64/lib/libnio.so
Event: 0.026 Loaded shared library /usr/lib/jvm/java-17-openjdk-amd64/lib/libzip.so
Event: 0.034 Loaded shared library /usr/lib/jvm/java-17-openjdk-amd64/lib/libnet.so
Event: 0.085 Loaded shared library /usr/lib/jvm/java-17-openjdk-amd64/lib/libjimage.so
Event: 0.133 Loaded shared library /usr/lib/jvm/java-17-openjdk-amd64/lib/libverify.so

Deoptimization events (20 events):
Event: 2.028 Thread 0x00007f1530014280 Uncommon trap: trap_request=0xffffff66 fr.pc=0x00007f152120b878 relative=0x0000000000000058
Event: 2.028 Thread 0x00007f1530014280 Uncommon trap: reason=speculate_class_check action=maybe_recompile pc=0x00007f152120b878 method=java.lang.invoke.Invokers$Holder.linkToTargetMethod(Ljava/lang/Object;Ljava/lang/Object;)Ljava/lang/Object; @ 1 c2
Event: 2.028 Thread 0x00007f1530014280 DEOPT PACKING pc=0x00007f152120b878 sp=0x00007f1534bfd670
Event: 2.028 Thread 0x00007f1530014280 DEOPT UNPACKING pc=0x00007f15208b5699 sp=0x00007f1534bfd620 mode 2
Event: 2.031 Thread 0x00007f1530014280 DEOPT PACKING pc=0x00007f1519b6c30e sp=0x00007f1534bfcd30
Event: 2.031 Thread 0x00007f1530014280 DEOPT UNPACKING pc=0x00007f15208b5e2f sp=0x00007f1534bfc2d0 mode 0
Event: 2.032 Thread 0x00007f1530014280 DEOPT PACKING pc=0x00007f1519bae057 sp=0x00007f1534bfce70
Event: 2.032 Thread 0x00007f1530014280 DEOPT UNPACKING pc=0x00007f15208b5e2f sp=0x00007f1534bfc420 mode 0
Event: 2.034 Thread 0x00007f1530014280 DEOPT PACKING pc=0x00007f1519b6c30e sp=0x00007f1534bfcd30
Event: 2.034 Thread 0x00007f1530014280 DEOPT UNPACKING pc=0x00007f15208b5e2f sp=0x00007f1534bfc2d0 mode 0
Event: 2.034 Thread 0x00007f1530014280 DEOPT PACKING pc=0x00007f15196761c1 sp=0x00007f1534bfcd90
Event: 2.034 Thread 0x00007f1530014280 DEOPT UNPACKING pc=0x00007f15208b5e2f sp=0x00007f1534bfc2c0 mode 0
Event: 2.037 Thread 0x00007f1530014280 Uncommon trap: trap_request=0xffffffde fr.pc=0x00007f15210db0a4 relative=0x0000000000000084
Event: 2.037 Thread 0x00007f1530014280 Uncommon trap: reason=class_check action=maybe_recompile pc=0x00007f15210db0a4 method=java.util.Collections$UnmodifiableMap$UnmodifiableEntrySet$1.hasNext()Z @ 4 c2
Event: 2.037 Thread 0x00007f1530014280 DEOPT PACKING pc=0x00007f15210db0a4 sp=0x00007f1534bfd500
Event: 2.037 Thread 0x00007f1530014280 DEOPT UNPACKING pc=0x00007f15208b5699 sp=0x00007f1534bfd4b0 mode 2
Event: 2.048 Thread 0x00007f1530014280 Uncommon trap: trap_request=0xffffffde fr.pc=0x00007f1521113dbc relative=0x000000000000057c
Event: 2.048 Thread 0x00007f1530014280 Uncommon trap: reason=class_check action=maybe_recompile pc=0x00007f1521113dbc method=java.util.Hashtable.get(Ljava/lang/Object;)Ljava/lang/Object; @ 6 c2
Event: 2.048 Thread 0x00007f1530014280 DEOPT PACKING pc=0x00007f1521113dbc sp=0x00007f1534bfd3a0
Event: 2.048 Thread 0x00007f1530014280 DEOPT UNPACKING pc=0x00007f15208b5699 sp=0x00007f1534bfd350 mode 2

Classes unloaded (0 events):
No events

Classes redefined (0 events):
No events

Internal exceptions (20 events):
Event: 1.461 Thread 0x00007f1530014280 Exception <a 'java/lang/NoSuchMethodError'{0x0000000628b62248}: 'int java.lang.invoke.DirectMethodHandle$Holder.invokeVirtual(java.lang.Object, java.lang.Object)'> (0x0000000628b62248) 
thrown [./src/hotspot/share/interpreter/linkResolver.cpp, line 758]
Event: 1.465 Thread 0x00007f1530014280 Exception <a 'java/lang/NoSuchMethodError'{0x0000000628b97d18}: 'java.lang.Object java.lang.invoke.DirectMethodHandle$Holder.newInvokeSpecial(java.lang.Object, java.lang.Object, java.lang.Object, java.lang.Object, java.lang.Object, java.lang.Object)'> (0x0000000628b97d18) 
thrown [./src/hotspot/share/interpreter/linkResolver.cpp, line 758]
Event: 1.499 Thread 0x00007f1530014280 Exception <a 'java/lang/NoSuchMethodError'{0x000000062f645690}: 'java.lang.Object java.lang.invoke.DirectMethodHandle$Holder.invokeInterface(java.lang.Object, java.lang.Object)'> (0x000000062f645690) 
thrown [./src/hotspot/share/interpreter/linkResolver.cpp, line 758]
Event: 1.526 Thread 0x00007f1530014280 Exception <a 'java/lang/NoSuchMethodError'{0x000000062f701d28}: 'int java.lang.invoke.DirectMethodHandle$Holder.invokeSpecial(java.lang.Object, java.lang.Object, java.lang.Object, java.lang.Object)'> (0x000000062f701d28) 
thrown [./src/hotspot/share/interpreter/linkResolver.cpp, line 758]
Event: 1.528 Thread 0x00007f1530014280 Exception <a 'java/lang/NoSuchMethodError'{0x000000062f715488}: 'java.lang.Object java.lang.invoke.DirectMethodHandle$Holder.invokeVirtual(java.lang.Object, java.lang.Object, java.lang.Object, int, int)'> (0x000000062f715488) 
thrown [./src/hotspot/share/interpreter/linkResolver.cpp, line 758]
Event: 1.529 Thread 0x00007f1530014280 Exception <a 'java/lang/NoSuchMethodError'{0x000000062f71c2b8}: 'java.lang.Object java.lang.invoke.DirectMethodHandle$Holder.invokeVirtual(java.lang.Object, java.lang.Object, int)'> (0x000000062f71c2b8) 
thrown [./src/hotspot/share/interpreter/linkResolver.cpp, line 758]
Event: 1.531 Thread 0x00007f1530014280 Exception <a 'java/lang/NoSuchMethodError'{0x000000062f732a58}: 'java.lang.Object java.lang.invoke.DirectMethodHandle$Holder.invokeSpecial(java.lang.Object, java.lang.Object, java.lang.Object, int, int)'> (0x000000062f732a58) 
thrown [./src/hotspot/share/interpreter/linkResolver.cpp, line 758]
Event: 1.574 Thread 0x00007f1530014280 Exception <a 'java/lang/NoSuchMethodError'{0x0000000615986918}: 'void java.lang.invoke.DirectMethodHandle$Holder.invokeSpecial(java.lang.Object, java.lang.Object, java.lang.Object, java.lang.Object, java.lang.Object)'> (0x0000000615986918) 
thrown [./src/hotspot/share/interpreter/linkResolver.cpp, line 758]
Event: 1.647 Thread 0x00007f1530014280 Exception <a 'java/lang/NoSuchMethodError'{0x0000000614c54bf0}: 'int java.lang.invoke.DirectMethodHandle$Holder.invokeSpecial(java.lang.Object, java.lang.Object, java.lang.Object, java.lang.Object, java.lang.Object)'> (0x0000000614c54bf0) 
thrown [./src/hotspot/share/interpreter/linkResolver.cpp, line 758]
Event: 1.678 Thread 0x00007f1530014280 Exception <a 'java/lang/NoSuchMethodError'{0x0000000614f7e398}: 'java.lang.Object java.lang.invoke.DirectMethodHandle$Holder.invokeStatic(java.lang.Object, java.lang.Object, int, int)'> (0x0000000614f7e398) 
thrown [./src/hotspot/share/interpreter/linkResolver.cpp, line 758]
Event: 1.798 Thread 0x00007f1530014280 Exception <a 'sun/nio/fs/UnixException'{0x0000000614312e78}> (0x0000000614312e78) 
thrown [./src/hotspot/share/prims/jni.cpp, line 516]
Event: 2.016 Thread 0x00007f1530014280 Exception <a 'java/lang/NoClassDefFoundError'{0x000000062855ac38}: org/codehaus/plexus/util/io/CachingOutputStream> (0x000000062855ac38) 
thrown [./src/hotspot/share/classfile/systemDictionary.cpp, line 245]
Event: 2.024 Thread 0x00007f1530014280 Exception <a 'java/lang/NoSuchMethodError'{0x000000062863a2d0}: 'int java.lang.invoke.DirectMethodHandle$Holder.invokeStatic(java.lang.Object, java.lang.Object, java.lang.Object, java.lang.Object)'> (0x000000062863a2d0) 
thrown [./src/hotspot/share/interpreter/linkResolver.cpp, line 758]
Event: 2.025 Thread 0x00007f1530014280 Exception <a 'java/lang/NoSuchMethodError'{0x000000062863dc50}: 'java.lang.Object java.lang.invoke.Invokers$Holder.invokeExact_MT(java.lang.Object, java.lang.Object, java.lang.Object, java.lang.Object, java.lang.Object, java.lang.Object)'> (0x000000062863dc50) 
thrown [./src/hotspot/share/interpreter/linkResolver.cpp, line 758]
Event: 2.040 Thread 0x00007f1530014280 Exception <a 'java/lang/NoSuchMethodError'{0x000000062811a698}: 'java.lang.Object java.lang.invoke.DirectMethodHandle$Holder.invokeStaticInit(java.lang.Object, java.lang.Object, long, java.lang.Object)'> (0x000000062811a698) 
thrown [./src/hotspot/share/interpreter/linkResolver.cpp, line 758]
Event: 2.041 Thread 0x00007f1530014280 Exception <a 'java/lang/NoSuchMethodError'{0x0000000628120dd8}: 'java.lang.Object java.lang.invoke.DirectMethodHandle$Holder.newInvokeSpecial(java.lang.Object, java.lang.Object, long)'> (0x0000000628120dd8) 
thrown [./src/hotspot/share/interpreter/linkResolver.cpp, line 758]
Event: 2.041 Thread 0x00007f1530014280 Exception <a 'java/lang/NoSuchMethodError'{0x0000000628124948}: 'java.lang.Object java.lang.invoke.Invokers$Holder.linkToTargetMethod(java.lang.Object, long, java.lang.Object)'> (0x0000000628124948) 
thrown [./src/hotspot/share/interpreter/linkResolver.cpp, line 758]
Event: 2.043 Thread 0x00007f1530014280 Exception <a 'java/lang/NoSuchMethodError'{0x000000062812c230}: 'java.lang.Object java.lang.invoke.DirectMethodHandle$Holder.newInvokeSpecial(java.lang.Object, java.lang.Object, java.lang.Object, int)'> (0x000000062812c230) 
thrown [./src/hotspot/share/interpreter/linkResolver.cpp, line 758]
Event: 2.043 Thread 0x00007f1530014280 Exception <a 'java/lang/NoSuchMethodError'{0x0000000628130610}: 'java.lang.Object java.lang.invoke.DirectMethodHandle$Holder.invokeSpecial(java.lang.Object, java.lang.Object, java.lang.Object, java.lang.Object, int)'> (0x0000000628130610) 
thrown [./src/hotspot/share/interpreter/linkResolver.cpp, line 758]
Event: 2.043 Thread 0x00007f1530014280 Exception <a 'java/lang/NoSuchMethodError'{0x00000006281341d8}: 'java.lang.Object java.lang.invoke.Invokers$Holder.linkToTargetMethod(java.lang.Object, java.lang.Object, int, java.lang.Object)'> (0x00000006281341d8) 
thrown [./src/hotspot/share/interpreter/linkResolver.cpp, line 758]

VM Operations (20 events):
Event: 1.644 Executing VM operation: HandshakeAllThreads
Event: 1.644 Executing VM operation: HandshakeAllThreads done
Event: 1.686 Executing VM operation: HandshakeAllThreads
Event: 1.686 Executing VM operation: HandshakeAllThreads done
Event: 1.707 Executing VM operation: ICBufferFull
Event: 1.707 Executing VM operation: ICBufferFull done
Event: 1.834 Executing VM operation: ICBufferFull
Event: 1.834 Executing VM operation: ICBufferFull done
Event: 1.856 Executing VM operation: G1CollectForAllocation
Event: 1.862 Executing VM operation: G1CollectForAllocation done
Event: 1.869 Executing VM operation: G1CollectForAllocation
Event: 1.877 Executing VM operation: G1CollectForAllocation done
Event: 1.991 Executing VM operation: G1CollectForAllocation
Event: 1.994 Executing VM operation: G1CollectForAllocation done
Event: 2.045 Executing VM operation: HandshakeAllThreads
Event: 2.045 Executing VM operation: HandshakeAllThreads done
Event: 3.045 Executing VM operation: Cleanup
Event: 3.045 Executing VM operation: Cleanup done
Event: 60.043 Executing VM operation: HandshakeAllThreads
Event: 60.044 Executing VM operation: HandshakeAllThreads done

Events (20 events):
Event: 2.047 loading class java/util/concurrent/CompletableFuture$UniCompletion done
Event: 2.047 loading class java/util/concurrent/CompletableFuture$UniHandle done
Event: 2.047 loading class jdk/internal/event/ProcessStartEvent
Event: 2.047 loading class jdk/internal/event/ProcessStartEvent done
Event: 2.048 loading class sun/misc/Signal
Event: 2.048 loading class sun/misc/Signal done
Event: 2.048 loading class sun/misc/SignalHandler
Event: 2.048 loading class sun/misc/SignalHandler done
Event: 2.048 loading class sun/misc/Signal$InternalMiscHandler
Event: 2.048 loading class sun/misc/Signal$InternalMiscHandler done
Event: 2.048 loading class sun/misc/Signal$SunMiscHandler
Event: 2.048 loading class sun/misc/Signal$SunMiscHandler done
Event: 7.048 Thread 0x00007f14740e5200 Thread exited: 0x00007f14740e5200
Event: 7.048 Thread 0x00007f14740e4040 Thread exited: 0x00007f14740e4040
Event: 7.048 Thread 0x00007f148c06e1f0 Thread exited: 0x00007f148c06e1f0
Event: 7.222 Thread 0x00007f148017d100 Thread exited: 0x00007f148017d100
Event: 12.083 Thread 0x00007f1468009160 Thread exited: 0x00007f1468009160
Event: 17.080 Thread 0x00007f1468007f80 Thread exited: 0x00007f1468007f80
Event: 17.129 Thread 0x00007f146000c540 Thread exited: 0x00007f146000c540
Event: 17.143 Thread 0x00007f1480176720 Thread exited: 0x00007f1480176720


Dynamic libraries:
610800000-616000000 rw-p 00000000 00:00 0 
616000000-627400000 ---p 00000000 00:00 0 
627400000-628800000 rw-p 00000000 00:00 0 
628800000-62f400000 ---p 00000000 00:00 0 
62f400000-62f800000 rw-p 00000000 00:00 0 
62f800000-7ff800000 ---p 00000000 00:00 0 
7ff800000-7ffb00000 rw-p 00000000 00:00 0 
7ffb00000-7ffb75000 rw-p 00c76000 103:06 21400021                        /usr/lib/jvm/java-17-openjdk-amd64/lib/server/classes.jsa
7ffb75000-7ffc00000 rw-p 00000000 00:00 0 
7ffc00000-7ffc77000 rw-p 00bff000 103:06 21400021                        /usr/lib/jvm/java-17-openjdk-amd64/lib/server/classes.jsa
7ffc77000-800000000 rw-p 00000000 00:00 0 
55b797e71000-55b797e72000 r--p 00000000 103:06 20862478                  /usr/lib/jvm/java-17-openjdk-amd64/bin/java
55b797e72000-55b797e73000 r-xp 00001000 103:06 20862478                  /usr/lib/jvm/java-17-openjdk-amd64/bin/java
55b797e73000-55b797e74000 r--p 00002000 103:06 20862478                  /usr/lib/jvm/java-17-openjdk-amd64/bin/java
55b797e74000-55b797e75000 r--p 00002000 103:06 20862478                  /usr/lib/jvm/java-17-openjdk-amd64/bin/java
55b797e75000-55b797e76000 rw-p 00003000 103:06 20862478                  /usr/lib/jvm/java-17-openjdk-amd64/bin/java
55b798b48000-55b798cec000 rw-p 00000000 00:00 0                          [heap]
7f13e8000000-7f13e8021000 rw-p 00000000 00:00 0 
7f13e8021000-7f13ec000000 ---p 00000000 00:00 0 
7f13f0000000-7f13f0021000 rw-p 00000000 00:00 0 
7f13f0021000-7f13f4000000 ---p 00000000 00:00 0 
7f13f4000000-7f13f4021000 rw-p 00000000 00:00 0 
7f13f4021000-7f13f8000000 ---p 00000000 00:00 0 
7f13f8000000-7f13f8021000 rw-p 00000000 00:00 0 
7f13f8021000-7f13fc000000 ---p 00000000 00:00 0 
7f13fc000000-7f13fc021000 rw-p 00000000 00:00 0 
7f13fc021000-7f1400000000 ---p 00000000 00:00 0 
7f1400000000-7f1400021000 rw-p 00000000 00:00 0 
7f1400021000-7f1404000000 ---p 00000000 00:00 0 
7f1404000000-7f1404021000 rw-p 00000000 00:00 0 
7f1404021000-7f1408000000 ---p 00000000 00:00 0 
7f1408000000-7f1408021000 rw-p 00000000 00:00 0 
7f1408021000-7f140c000000 ---p 00000000 00:00 0 
7f140c000000-7f140c021000 rw-p 00000000 00:00 0 
7f140c021000-7f1410000000 ---p 00000000 00:00 0 
7f1410000000-7f1410021000 rw-p 00000000 00:00 0 
7f1410021000-7f1414000000 ---p 00000000 00:00 0 
7f1414000000-7f1414021000 rw-p 00000000 00:00 0 
7f1414021000-7f1418000000 ---p 00000000 00:00 0 
7f1418000000-7f1418021000 rw-p 00000000 00:00 0 
7f1418021000-7f141c000000 ---p 00000000 00:00 0 
7f141c000000-7f141c021000 rw-p 00000000 00:00 0 
7f141c021000-7f1420000000 ---p 00000000 00:00 0 
7f1420000000-7f1420021000 rw-p 00000000 00:00 0 
7f1420021000-7f1424000000 ---p 00000000 00:00 0 
7f1424000000-7f1424021000 rw-p 00000000 00:00 0 
7f1424021000-7f1428000000 ---p 00000000 00:00 0 
7f1428000000-7f1428021000 rw-p 00000000 00:00 0 
7f1428021000-7f142c000000 ---p 00000000 00:00 0 
7f142c000000-7f142c021000 rw-p 00000000 00:00 0 
7f142c021000-7f1430000000 ---p 00000000 00:00 0 
7f1430000000-7f1430021000 rw-p 00000000 00:00 0 
7f1430021000-7f1434000000 ---p 00000000 00:00 0 
7f1434000000-7f1434021000 rw-p 00000000 00:00 0 
7f1434021000-7f1438000000 ---p 00000000 00:00 0 
7f1438000000-7f1438021000 rw-p 00000000 00:00 0 
7f1438021000-7f143c000000 ---p 00000000 00:00 0 
7f143c000000-7f143c021000 rw-p 00000000 00:00 0 
7f143c021000-7f1440000000 ---p 00000000 00:00 0 
7f1440000000-7f1440021000 rw-p 00000000 00:00 0 
7f1440021000-7f1444000000 ---p 00000000 00:00 0 
7f1444000000-7f1444021000 rw-p 00000000 00:00 0 
7f1444021000-7f1448000000 ---p 00000000 00:00 0 
7f1448000000-7f1448021000 rw-p 00000000 00:00 0 
7f1448021000-7f144c000000 ---p 00000000 00:00 0 
7f144c000000-7f144c021000 rw-p 00000000 00:00 0 
7f144c021000-7f1450000000 ---p 00000000 00:00 0 
7f1450000000-7f1450d85000 rw-p 00000000 00:00 0 
7f1450d85000-7f1454000000 ---p 00000000 00:00 0 
7f1454000000-7f1454625000 rw-p 00000000 00:00 0 
7f1454625000-7f1458000000 ---p 00000000 00:00 0 
7f1458000000-7f14587c2000 rw-p 00000000 00:00 0 
7f14587c2000-7f145c000000 ---p 00000000 00:00 0 
7f145c000000-7f145c8b8000 rw-p 00000000 00:00 0 
7f145c8b8000-7f1460000000 ---p 00000000 00:00 0 
7f1460000000-7f14606c6000 rw-p 00000000 00:00 0 
7f14606c6000-7f1464000000 ---p 00000000 00:00 0 
7f1464000000-7f14648dc000 rw-p 00000000 00:00 0 
7f14648dc000-7f1468000000 ---p 00000000 00:00 0 
7f1468000000-7f14681cf000 rw-p 00000000 00:00 0 
7f14681cf000-7f146c000000 ---p 00000000 00:00 0 
7f146c000000-7f146c220000 rw-p 00000000 00:00 0 
7f146c220000-7f1470000000 ---p 00000000 00:00 0 
7f1470000000-7f1470021000 rw-p 00000000 00:00 0 
7f1470021000-7f1474000000 ---p 00000000 00:00 0 
7f1474000000-7f14742bb000 rw-p 00000000 00:00 0 
7f14742bb000-7f1478000000 ---p 00000000 00:00 0 
7f1478000000-7f1478021000 rw-p 00000000 00:00 0 
7f1478021000-7f147c000000 ---p 00000000 00:00 0 
7f147c000000-7f147c021000 rw-p 00000000 00:00 0 
7f147c021000-7f1480000000 ---p 00000000 00:00 0 
7f1480000000-7f148028a000 rw-p 00000000 00:00 0 
7f148028a000-7f1484000000 ---p 00000000 00:00 0 
7f1484000000-7f1484021000 rw-p 00000000 00:00 0 
7f1484021000-7f1488000000 ---p 00000000 00:00 0 
7f1488000000-7f1488021000 rw-p 00000000 00:00 0 
7f1488021000-7f148c000000 ---p 00000000 00:00 0 
7f148c000000-7f148cb0a000 rw-p 00000000 00:00 0 
7f148cb0a000-7f1490000000 ---p 00000000 00:00 0 
7f1490000000-7f1490021000 rw-p 00000000 00:00 0 
7f1490021000-7f1494000000 ---p 00000000 00:00 0 
7f1494000000-7f1494021000 rw-p 00000000 00:00 0 
7f1494021000-7f1498000000 ---p 00000000 00:00 0 
7f1498000000-7f1498021000 rw-p 00000000 00:00 0 
7f1498021000-7f149c000000 ---p 00000000 00:00 0 
7f149c000000-7f149c021000 rw-p 00000000 00:00 0 
7f149c021000-7f14a0000000 ---p 00000000 00:00 0 
7f14a0000000-7f14a0021000 rw-p 00000000 00:00 0 
7f14a0021000-7f14a4000000 ---p 00000000 00:00 0 
7f14a6c73000-7f14a6eff000 rw-p 00000000 00:00 0 
7f14a6eff000-7f14a6f00000 ---p 00000000 00:00 0 
7f14a6f00000-7f14a7000000 rw-p 00000000 00:00 0 
7f14a7000000-7f14a7bc7000 rw-p 00001000 103:06 21400021                  /usr/lib/jvm/java-17-openjdk-amd64/lib/server/classes.jsa
7f14a7bc7000-7f14a8000000 ---p 00000000 00:00 0 
7f14a8000000-7f14a8030000 rw-p 00000000 00:00 0 
7f14a8030000-7f14a8070000 rw-p 00000000 00:00 0 
7f14a8070000-7f14a81b0000 rw-p 00000000 00:00 0 
7f14a81b0000-7f14a81f0000 rw-p 00000000 00:00 0 
7f14a81f0000-7f14a8200000 ---p 00000000 00:00 0 
7f14a8200000-7f14a8300000 rw-p 00000000 00:00 0 
7f14a8300000-7f14e8000000 ---p 00000000 00:00 0 
7f14e8000000-7f14e8021000 rw-p 00000000 00:00 0 
7f14e8021000-7f14ec000000 ---p 00000000 00:00 0 
7f14ec000000-7f14ec3f0000 rw-p 00000000 00:00 0 
7f14ec3f0000-7f14ed3d0000 rw-p 00000000 00:00 0 
7f14ed3d0000-7f14ed3f0000 rw-p 00000000 00:00 0 
7f14ed3f0000-7f14ed4f0000 rw-p 00000000 00:00 0 
7f14ed4f0000-7f14ed570000 rw-p 00000000 00:00 0 
7f14ed570000-7f14ed600000 ---p 00000000 00:00 0 
7f14ed600000-7f14ed680000 rw-p 00000000 00:00 0 
7f14ed680000-7f14f0000000 ---p 00000000 00:00 0 
7f14f0000000-7f14f0021000 rw-p 00000000 00:00 0 
7f14f0021000-7f14f4000000 ---p 00000000 00:00 0 
7f14f40e7000-7f14f40e8000 ---p 00000000 00:00 0 
7f14f40e8000-7f14f41e8000 rw-p 00000000 00:00 0 
7f14f41e8000-7f14f41e9000 ---p 00000000 00:00 0 
7f14f41e9000-7f14f42e9000 rw-p 00000000 00:00 0 
7f14f42e9000-7f14f42ea000 ---p 00000000 00:00 0 
7f14f42ea000-7f14f43ea000 rw-p 00000000 00:00 0 
7f14f43ea000-7f14f43eb000 ---p 00000000 00:00 0 
7f14f43eb000-7f14f44eb000 rw-p 00000000 00:00 0 
7f14f44eb000-7f14f44ec000 ---p 00000000 00:00 0 
7f14f44ec000-7f14f45ec000 rw-p 00000000 00:00 0 
7f14f45ec000-7f14f45ed000 ---p 00000000 00:00 0 
7f14f45ed000-7f14f46ed000 rw-p 00000000 00:00 0 
7f14f46ed000-7f14f46ee000 ---p 00000000 00:00 0 
7f14f46ee000-7f14f47ee000 rw-p 00000000 00:00 0 
7f14f47ee000-7f14f47ef000 ---p 00000000 00:00 0 
7f14f47ef000-7f14f48ef000 rw-p 00000000 00:00 0 
7f14f48ef000-7f14f48f0000 ---p 00000000 00:00 0 
7f14f48f0000-7f14f49f0000 rw-p 00000000 00:00 0 
7f14f49f0000-7f14f49f1000 ---p 00000000 00:00 0 
7f14f49f1000-7f14f4af1000 rw-p 00000000 00:00 0 
7f14f4af1000-7f14f4af2000 ---p 00000000 00:00 0 
7f14f4af2000-7f14f4bf2000 rw-p 00000000 00:00 0 
7f14f4bf2000-7f14f4bf3000 ---p 00000000 00:00 0 
7f14f4bf3000-7f14f4cf3000 rw-p 00000000 00:00 0 
7f14f4cf3000-7f14f4cf4000 ---p 00000000 00:00 0 
7f14f4cf4000-7f14f4df4000 rw-p 00000000 00:00 0 
7f14f4df4000-7f14f4df5000 ---p 00000000 00:00 0 
7f14f4df5000-7f14f4ef5000 rw-p 00000000 00:00 0 
7f14f4ef5000-7f14f4ef6000 ---p 00000000 00:00 0 
7f14f4ef6000-7f14f4ff6000 rw-p 00000000 00:00 0 
7f14f4ff6000-7f14f4ff7000 ---p 00000000 00:00 0 
7f14f4ff7000-7f14f50f7000 rw-p 00000000 00:00 0 
7f14f50f7000-7f14f50f8000 ---p 00000000 00:00 0 
7f14f50f8000-7f14f51f8000 rw-p 00000000 00:00 0 
7f14f51f8000-7f14f51f9000 ---p 00000000 00:00 0 
7f14f51f9000-7f14f52f9000 rw-p 00000000 00:00 0 
7f14f52f9000-7f14f52fa000 ---p 00000000 00:00 0 
7f14f52fa000-7f14f53fa000 rw-p 00000000 00:00 0 
7f14f53fa000-7f14f53fb000 ---p 00000000 00:00 0 
7f14f53fb000-7f14f54fb000 rw-p 00000000 00:00 0 
7f14f54fb000-7f14f54fc000 ---p 00000000 00:00 0 
7f14f54fc000-7f14f55fc000 rw-p 00000000 00:00 0 
7f14f55fc000-7f14f55fd000 ---p 00000000 00:00 0 
7f14f55fd000-7f14f56fd000 rw-p 00000000 00:00 0 
7f14f56fd000-7f14f56fe000 ---p 00000000 00:00 0 
7f14f56fe000-7f14f57fe000 rw-p 00000000 00:00 0 
7f14f57fe000-7f14f57ff000 ---p 00000000 00:00 0 
7f14f57ff000-7f14f58ff000 rw-p 00000000 00:00 0 
7f14f58ff000-7f14f5903000 ---p 00000000 00:00 0 
7f14f5903000-7f14f59ff000 rw-p 00000000 00:00 0 
7f14f59ff000-7f14f5a03000 ---p 00000000 00:00 0 
7f14f5a03000-7f14f5aff000 rw-p 00000000 00:00 0 
7f14f5aff000-7f14f5b03000 ---p 00000000 00:00 0 
7f14f5b03000-7f14f5bff000 rw-p 00000000 00:00 0 
7f14f5bff000-7f14f5c03000 ---p 00000000 00:00 0 
7f14f5c03000-7f14f5cff000 rw-p 00000000 00:00 0 
7f14f5cff000-7f14f5d03000 ---p 00000000 00:00 0 
7f14f5d03000-7f14f5dff000 rw-p 00000000 00:00 0 
7f14f5dff000-7f14f5e03000 ---p 00000000 00:00 0 
7f14f5e03000-7f14f5eff000 rw-p 00000000 00:00 0 
7f14f5eff000-7f14f5f03000 ---p 00000000 00:00 0 
7f14f5f03000-7f14f5fff000 rw-p 00000000 00:00 0 
7f14f5fff000-7f14f6003000 ---p 00000000 00:00 0 
7f14f6003000-7f14f60ff000 rw-p 00000000 00:00 0 
7f14f60ff000-7f14f6103000 ---p 00000000 00:00 0 
7f14f6103000-7f14f61ff000 rw-p 00000000 00:00 0 
7f14f61ff000-7f14f6203000 ---p 00000000 00:00 0 
7f14f6203000-7f14f62ff000 rw-p 00000000 00:00 0 
7f14f62ff000-7f14f6300000 ---p 00000000 00:00 0 
7f14f6300000-7f14f6400000 rw-p 00000000 00:00 0 
7f14f6400000-7f14f6404000 ---p 00000000 00:00 0 
7f14f6404000-7f14f6500000 rw-p 00000000 00:00 0 
7f14f6500000-7f14f6504000 ---p 00000000 00:00 0 
7f14f6504000-7f14f6600000 rw-p 00000000 00:00 0 
7f14f6600000-7f14f6604000 ---p 00000000 00:00 0 
7f14f6604000-7f14f6700000 rw-p 00000000 00:00 0 
7f14f6700000-7f14f6704000 ---p 00000000 00:00 0 
7f14f6704000-7f14f6800000 rw-p 00000000 00:00 0 
7f14f6800000-7f14f6804000 ---p 00000000 00:00 0 
7f14f6804000-7f14f6900000 rw-p 00000000 00:00 0 
7f14f6900000-7f14f6904000 ---p 00000000 00:00 0 
7f14f6904000-7f14f6a00000 rw-p 00000000 00:00 0 
7f14f6a00000-7f14f6f74000 r--p 00000000 103:06 20580944                  /usr/lib/locale/locale-archive
7f14f6fa2000-7f14f6fa6000 ---p 00000000 00:00 0 
7f14f6fa6000-7f14f70a2000 rw-p 00000000 00:00 0 
7f14f70a2000-7f14f70a6000 ---p 00000000 00:00 0 
7f14f70a6000-7f14f71a2000 rw-p 00000000 00:00 0 
7f14f71a2000-7f14f71a6000 ---p 00000000 00:00 0 
7f14f71a6000-7f14f72a2000 rw-p 00000000 00:00 0 
7f14f72a2000-7f14f72a3000 ---p 00000000 00:00 0 
7f14f72a3000-7f14f73a3000 rw-p 00000000 00:00 0 
7f14f73a3000-7f14f73a8000 r--p 00000000 103:06 21400005                  /usr/lib/jvm/java-17-openjdk-amd64/lib/libjsvml.so
7f14f73a8000-7f14f73e9000 r-xp 00005000 103:06 21400005                  /usr/lib/jvm/java-17-openjdk-amd64/lib/libjsvml.so
7f14f73e9000-7f14f7472000 r--p 00046000 103:06 21400005                  /usr/lib/jvm/java-17-openjdk-amd64/lib/libjsvml.so
7f14f7472000-7f14f7473000 r--p 000ce000 103:06 21400005                  /usr/lib/jvm/java-17-openjdk-amd64/lib/libjsvml.so
7f14f7473000-7f14f7474000 rw-p 000cf000 103:06 21400005                  /usr/lib/jvm/java-17-openjdk-amd64/lib/libjsvml.so
7f14f7474000-7f14f74f5000 rw-p 00000000 00:00 0 
7f14f74f5000-7f14f74f6000 ---p 00000000 00:00 0 
7f14f74f6000-7f14f75f6000 rw-p 00000000 00:00 0 
7f14f75f6000-7f14f75f7000 ---p 00000000 00:00 0 
7f14f75f7000-7f14f8021000 rw-p 00000000 00:00 0 
7f14f8021000-7f14fc000000 ---p 00000000 00:00 0 
7f14fc000000-7f14fc021000 rw-p 00000000 00:00 0 
7f14fc021000-7f1500000000 ---p 00000000 00:00 0 
7f1500000000-7f1500021000 rw-p 00000000 00:00 0 
7f1500021000-7f1504000000 ---p 00000000 00:00 0 
7f1504001000-7f1506405000 rw-p 00000000 00:00 0 
7f1506405000-7f1506406000 ---p 00000000 00:00 0 
7f1506406000-7f1506506000 rw-p 00000000 00:00 0 
7f1506506000-7f1506507000 ---p 00000000 00:00 0 
7f1506507000-7f1506607000 rw-p 00000000 00:00 0 
7f1506607000-7f1506608000 ---p 00000000 00:00 0 
7f1506608000-7f1506926000 rw-p 00000000 00:00 0 
7f1506926000-7f1506d76000 ---p 00000000 00:00 0 
7f1506d76000-7f1506dc6000 rw-p 00000000 00:00 0 
7f1506dc6000-7f1506f76000 ---p 00000000 00:00 0 
7f1506f76000-7f1506f86000 rw-p 00000000 00:00 0 
7f1506f86000-7f150e386000 ---p 00000000 00:00 0 
7f150e386000-7f150e506000 rw-p 00000000 00:00 0 
7f150e506000-7f150e956000 ---p 00000000 00:00 0 
7f150e956000-7f150e9a6000 rw-p 00000000 00:00 0 
7f150e9a6000-7f150eb56000 ---p 00000000 00:00 0 
7f150eb56000-7f150eb66000 rw-p 00000000 00:00 0 
7f150eb66000-7f1515f66000 ---p 00000000 00:00 0 
7f1515f66000-7f1515fb2000 rw-p 00000000 00:00 0 
7f1515fb2000-7f151603c000 ---p 00000000 00:00 0 
7f151603c000-7f1516046000 rw-p 00000000 00:00 0 
7f1516046000-7f151607c000 ---p 00000000 00:00 0 
7f151607c000-7f151607e000 rw-p 00000000 00:00 0 
7f151607e000-7f1516efe000 ---p 00000000 00:00 0 
7f1516efe000-7f1516f2e000 rw-p 00000000 00:00 0 
7f1516f2e000-7f1516fb8000 ---p 00000000 00:00 0 
7f1516fb8000-7f1516fc2000 rw-p 00000000 00:00 0 
7f1516fc2000-7f1516ff8000 ---p 00000000 00:00 0 
7f1516ff8000-7f1516ffa000 rw-p 00000000 00:00 0 
7f1516ffa000-7f1517e7a000 ---p 00000000 00:00 0 
7f1517e7a000-7f1517eaa000 rw-p 00000000 00:00 0 
7f1517eaa000-7f1517f34000 ---p 00000000 00:00 0 
7f1517f34000-7f1517f3e000 rw-p 00000000 00:00 0 
7f1517f3e000-7f1517f74000 ---p 00000000 00:00 0 
7f1517f74000-7f1517f76000 rw-p 00000000 00:00 0 
7f1517f76000-7f1518df6000 ---p 00000000 00:00 0 
7f1518df6000-7f1519400000 rw-p 00000000 00:00 0 
7f1519400000-7f1519f40000 rwxp 00000000 00:00 0 
7f1519f40000-7f152085f000 ---p 00000000 00:00 0 
7f152085f000-7f1520b5f000 rwxp 00000000 00:00 0 
7f1520b5f000-7f1520fa0000 ---p 00000000 00:00 0 
7f1520fa0000-7f15212b0000 rwxp 00000000 00:00 0 
7f15212b0000-7f1528400000 ---p 00000000 00:00 0 
7f1528400000-7f152fe6d000 r--s 00000000 103:06 21400020                  /usr/lib/jvm/java-17-openjdk-amd64/lib/modules
7f152fea4000-7f1531307000 rw-p 00000000 00:00 0 
7f1531307000-7f1534000000 ---p 00000000 00:00 0 
7f1534028000-7f1534635000 rw-p 00000000 00:00 0 
7f1534635000-7f1534717000 ---p 00000000 00:00 0 
7f1534717000-7f153472e000 rw-p 00000000 00:00 0 
7f153472e000-7f1534800000 ---p 00000000 00:00 0 
7f1534800000-7f153489c000 r--p 00000000 103:06 20595114                  /usr/lib/x86_64-linux-gnu/libstdc++.so.6.0.32
7f153489c000-7f15349cd000 r-xp 0009c000 103:06 20595114                  /usr/lib/x86_64-linux-gnu/libstdc++.so.6.0.32
7f15349cd000-7f1534a5a000 r--p 001cd000 103:06 20595114                  /usr/lib/x86_64-linux-gnu/libstdc++.so.6.0.32
7f1534a5a000-7f1534a65000 r--p 0025a000 103:06 20595114                  /usr/lib/x86_64-linux-gnu/libstdc++.so.6.0.32
7f1534a65000-7f1534a68000 rw-p 00265000 103:06 20595114                  /usr/lib/x86_64-linux-gnu/libstdc++.so.6.0.32
7f1534a68000-7f1534a6c000 rw-p 00000000 00:00 0 
7f1534a6c000-7f1534a70000 ---p 00000000 00:00 0 
7f1534a70000-7f1534b00000 rw-p 00000000 00:00 0 
7f1534b00000-7f1534b04000 ---p 00000000 00:00 0 
7f1534b04000-7f1534c00000 rw-p 00000000 00:00 0 
7f1534c00000-7f1534e51000 r--p 00000000 103:06 21400024                  /usr/lib/jvm/java-17-openjdk-amd64/lib/server/libjvm.so
7f1534e51000-7f1535bbb000 r-xp 00251000 103:06 21400024                  /usr/lib/jvm/java-17-openjdk-amd64/lib/server/libjvm.so
7f1535bbb000-7f1535e3b000 r--p 00fbb000 103:06 21400024                  /usr/lib/jvm/java-17-openjdk-amd64/lib/server/libjvm.so
7f1535e3b000-7f1535ef3000 r--p 0123b000 103:06 21400024                  /usr/lib/jvm/java-17-openjdk-amd64/lib/server/libjvm.so
7f1535ef3000-7f1535f28000 rw-p 012f3000 103:06 21400024                  /usr/lib/jvm/java-17-openjdk-amd64/lib/server/libjvm.so
7f1535f28000-7f1535f82000 rw-p 00000000 00:00 0 
7f1535f84000-7f1535f88000 r--p 00000000 103:06 21400018                  /usr/lib/jvm/java-17-openjdk-amd64/lib/libverify.so
7f1535f88000-7f1535f8f000 r-xp 00004000 103:06 21400018                  /usr/lib/jvm/java-17-openjdk-amd64/lib/libverify.so
7f1535f8f000-7f1535f91000 r--p 0000b000 103:06 21400018                  /usr/lib/jvm/java-17-openjdk-amd64/lib/libverify.so
7f1535f91000-7f1535f93000 r--p 0000c000 103:06 21400018                  /usr/lib/jvm/java-17-openjdk-amd64/lib/libverify.so
7f1535f93000-7f1535f94000 rw-p 0000e000 103:06 21400018                  /usr/lib/jvm/java-17-openjdk-amd64/lib/libverify.so
7f1535f94000-7f1535f98000 r--p 00000000 103:06 21400011                  /usr/lib/jvm/java-17-openjdk-amd64/lib/libnet.so
7f1535f98000-7f1535fa6000 r-xp 00004000 103:06 21400011                  /usr/lib/jvm/java-17-openjdk-amd64/lib/libnet.so
7f1535fa6000-7f1535faa000 r--p 00012000 103:06 21400011                  /usr/lib/jvm/java-17-openjdk-amd64/lib/libnet.so
7f1535faa000-7f1535fab000 r--p 00015000 103:06 21400011                  /usr/lib/jvm/java-17-openjdk-amd64/lib/libnet.so
7f1535fab000-7f1535fac000 rw-p 00016000 103:06 21400011                  /usr/lib/jvm/java-17-openjdk-amd64/lib/libnet.so
7f1535fac000-7f1535fb3000 r--p 00000000 103:06 21400012                  /usr/lib/jvm/java-17-openjdk-amd64/lib/libnio.so
7f1535fb3000-7f1535fbc000 r-xp 00007000 103:06 21400012                  /usr/lib/jvm/java-17-openjdk-amd64/lib/libnio.so
7f1535fbc000-7f1535fc0000 r--p 00010000 103:06 21400012                  /usr/lib/jvm/java-17-openjdk-amd64/lib/libnio.so
7f1535fc0000-7f1535fc1000 r--p 00014000 103:06 21400012                  /usr/lib/jvm/java-17-openjdk-amd64/lib/libnio.so
7f1535fc1000-7f1535fc2000 rw-p 00015000 103:06 21400012                  /usr/lib/jvm/java-17-openjdk-amd64/lib/libnio.so
7f1535fc2000-7f1536000000 rw-p 00000000 00:00 0 
7f1536000000-7f1536026000 r--p 00000000 103:06 20578688                  /usr/lib/x86_64-linux-gnu/libc.so.6
7f1536026000-7f15361a5000 r-xp 00026000 103:06 20578688                  /usr/lib/x86_64-linux-gnu/libc.so.6
7f15361a5000-7f15361fa000 r--p 001a5000 103:06 20578688                  /usr/lib/x86_64-linux-gnu/libc.so.6
7f15361fa000-7f15361fe000 r--p 001f9000 103:06 20578688                  /usr/lib/x86_64-linux-gnu/libc.so.6
7f15361fe000-7f1536200000 rw-p 001fd000 103:06 20578688                  /usr/lib/x86_64-linux-gnu/libc.so.6
7f1536200000-7f153620d000 rw-p 00000000 00:00 0 
7f153620d000-7f1536214000 r--s 00000000 103:06 20580850                  /usr/lib/x86_64-linux-gnu/gconv/gconv-modules.cache
7f1536214000-7f1536216000 r--p 00000000 103:06 21400019                  /usr/lib/jvm/java-17-openjdk-amd64/lib/libzip.so
7f1536216000-7f153621b000 r-xp 00002000 103:06 21400019                  /usr/lib/jvm/java-17-openjdk-amd64/lib/libzip.so
7f153621b000-7f153621d000 r--p 00007000 103:06 21400019                  /usr/lib/jvm/java-17-openjdk-amd64/lib/libzip.so
7f153621d000-7f153621e000 r--p 00008000 103:06 21400019                  /usr/lib/jvm/java-17-openjdk-amd64/lib/libzip.so
7f153621e000-7f153621f000 rw-p 00009000 103:06 21400019                  /usr/lib/jvm/java-17-openjdk-amd64/lib/libzip.so
7f153621f000-7f1536263000 rw-p 00000000 00:00 0 
7f1536263000-7f153626c000 ---p 00000000 00:00 0 
7f153626c000-7f1536278000 r--p 00000000 103:06 21399998                  /usr/lib/jvm/java-17-openjdk-amd64/lib/libjava.so
7f1536278000-7f153628a000 r-xp 0000c000 103:06 21399998                  /usr/lib/jvm/java-17-openjdk-amd64/lib/libjava.so
7f153628a000-7f1536290000 r--p 0001e000 103:06 21399998                  /usr/lib/jvm/java-17-openjdk-amd64/lib/libjava.so
7f1536290000-7f1536291000 r--p 00023000 103:06 21399998                  /usr/lib/jvm/java-17-openjdk-amd64/lib/libjava.so
7f1536291000-7f1536292000 rw-p 00024000 103:06 21399998                  /usr/lib/jvm/java-17-openjdk-amd64/lib/libjava.so
7f1536292000-7f1536293000 rw-p 00000000 00:00 0 
7f1536293000-7f1536296000 r--p 00000000 103:06 20594678                  /usr/lib/x86_64-linux-gnu/libgcc_s.so.1
7f1536296000-7f15362b1000 r-xp 00003000 103:06 20594678                  /usr/lib/x86_64-linux-gnu/libgcc_s.so.1
7f15362b1000-7f15362b5000 r--p 0001e000 103:06 20594678                  /usr/lib/x86_64-linux-gnu/libgcc_s.so.1
7f15362b5000-7f15362b6000 r--p 00021000 103:06 20594678                  /usr/lib/x86_64-linux-gnu/libgcc_s.so.1
7f15362b6000-7f15362b7000 rw-p 00022000 103:06 20594678                  /usr/lib/x86_64-linux-gnu/libgcc_s.so.1
7f15362b7000-7f15362c7000 r--p 00000000 103:06 20578691                  /usr/lib/x86_64-linux-gnu/libm.so.6
7f15362c7000-7f1536347000 r-xp 00010000 103:06 20578691                  /usr/lib/x86_64-linux-gnu/libm.so.6
7f1536347000-7f15363a0000 r--p 00090000 103:06 20578691                  /usr/lib/x86_64-linux-gnu/libm.so.6
7f15363a0000-7f15363a1000 r--p 000e8000 103:06 20578691                  /usr/lib/x86_64-linux-gnu/libm.so.6
7f15363a1000-7f15363a2000 rw-p 000e9000 103:06 20578691                  /usr/lib/x86_64-linux-gnu/libm.so.6
7f15363a2000-7f15363a5000 rw-p 00000000 00:00 0 
7f15363a5000-7f15363a7000 r--p 00000000 103:06 21400002                  /usr/lib/jvm/java-17-openjdk-amd64/lib/libjli.so
7f15363a7000-7f15363b1000 r-xp 00002000 103:06 21400002                  /usr/lib/jvm/java-17-openjdk-amd64/lib/libjli.so
7f15363b1000-7f15363b4000 r--p 0000c000 103:06 21400002                  /usr/lib/jvm/java-17-openjdk-amd64/lib/libjli.so
7f15363b4000-7f15363b5000 r--p 0000f000 103:06 21400002                  /usr/lib/jvm/java-17-openjdk-amd64/lib/libjli.so
7f15363b5000-7f15363b6000 rw-p 00010000 103:06 21400002                  /usr/lib/jvm/java-17-openjdk-amd64/lib/libjli.so
7f15363b6000-7f15363b9000 r--p 00000000 103:06 20595254                  /usr/lib/x86_64-linux-gnu/libz.so.1.2.13
7f15363b9000-7f15363cc000 r-xp 00003000 103:06 20595254                  /usr/lib/x86_64-linux-gnu/libz.so.1.2.13
7f15363cc000-7f15363d3000 r--p 00016000 103:06 20595254                  /usr/lib/x86_64-linux-gnu/libz.so.1.2.13
7f15363d3000-7f15363d4000 r--p 0001c000 103:06 20595254                  /usr/lib/x86_64-linux-gnu/libz.so.1.2.13
7f15363d4000-7f15363d5000 rw-p 0001d000 103:06 20595254                  /usr/lib/x86_64-linux-gnu/libz.so.1.2.13
7f15363d6000-7f15363de000 rw-s 00000000 103:06 68420057                  /tmp/hsperfdata_acmahaja/1275339
7f15363de000-7f15363df000 ---p 00000000 00:00 0 
7f15363df000-7f15363e0000 r--p 00000000 00:00 0 
7f15363e0000-7f15363e1000 ---p 00000000 00:00 0 
7f15363e1000-7f15363e3000 r--p 00000000 103:06 21400001                  /usr/lib/jvm/java-17-openjdk-amd64/lib/libjimage.so
7f15363e3000-7f15363e6000 r-xp 00002000 103:06 21400001                  /usr/lib/jvm/java-17-openjdk-amd64/lib/libjimage.so
7f15363e6000-7f15363e7000 r--p 00005000 103:06 21400001                  /usr/lib/jvm/java-17-openjdk-amd64/lib/libjimage.so
7f15363e7000-7f15363e8000 r--p 00006000 103:06 21400001                  /usr/lib/jvm/java-17-openjdk-amd64/lib/libjimage.so
7f15363e8000-7f15363e9000 rw-p 00007000 103:06 21400001                  /usr/lib/jvm/java-17-openjdk-amd64/lib/libjimage.so
7f15363e9000-7f15363eb000 rw-p 00000000 00:00 0 
7f15363eb000-7f15363ec000 r--p 00000000 103:06 20578668                  /usr/lib/x86_64-linux-gnu/ld-linux-x86-64.so.2
7f15363ec000-7f1536416000 r-xp 00001000 103:06 20578668                  /usr/lib/x86_64-linux-gnu/ld-linux-x86-64.so.2
7f1536416000-7f1536420000 r--p 0002b000 103:06 20578668                  /usr/lib/x86_64-linux-gnu/ld-linux-x86-64.so.2
7f1536420000-7f1536422000 r--p 00035000 103:06 20578668                  /usr/lib/x86_64-linux-gnu/ld-linux-x86-64.so.2
7f1536422000-7f1536424000 rw-p 00037000 103:06 20578668                  /usr/lib/x86_64-linux-gnu/ld-linux-x86-64.so.2
7ffc0583d000-7ffc0585f000 rw-p 00000000 00:00 0                          [stack]
7ffc05882000-7ffc05886000 r--p 00000000 00:00 0                          [vvar]
7ffc05886000-7ffc05888000 r-xp 00000000 00:00 0                          [vdso]
ffffffffff600000-ffffffffff601000 --xp 00000000 00:00 0                  [vsyscall]


VM Arguments:
jvm_args: -Dclassworlds.conf=/usr/share/maven/bin/m2.conf -Dmaven.home=/usr/share/maven -Dlibrary.jansi.path=/usr/share/maven/lib/jansi-native -Dmaven.multiModuleProjectDirectory=/home/acmahaja/code/courses/Spring Boot for beginners 
java_command: org.codehaus.plexus.classworlds.launcher.Launcher spring-boot:run
java_class_path (initial): /usr/share/maven/boot/plexus-classworlds-2.x.jar
Launcher Type: SUN_STANDARD

[Global flags]
     intx CICompilerCount                          = 12                                        {product} {ergonomic}
     uint ConcGCThreads                            = 3                                         {product} {ergonomic}
     uint G1ConcRefinementThreads                  = 13                                        {product} {ergonomic}
   size_t G1HeapRegionSize                         = 4194304                                   {product} {ergonomic}
    uintx GCDrainStackTargetSize                   = 64                                        {product} {ergonomic}
   size_t InitialHeapSize                          = 520093696                                 {product} {ergonomic}
   size_t MarkStackSize                            = 4194304                                   {product} {ergonomic}
   size_t MaxHeapSize                              = 8313110528                                {product} {ergonomic}
   size_t MaxNewSize                               = 4987027456                                {product} {ergonomic}
   size_t MinHeapDeltaBytes                        = 4194304                                   {product} {ergonomic}
   size_t MinHeapSize                              = 8388608                                   {product} {ergonomic}
    uintx NonNMethodCodeHeapSize                   = 7602480                                {pd product} {ergonomic}
    uintx NonProfiledCodeHeapSize                  = 122027880                              {pd product} {ergonomic}
    uintx ProfiledCodeHeapSize                     = 122027880                              {pd product} {ergonomic}
    uintx ReservedCodeCacheSize                    = 251658240                              {pd product} {ergonomic}
     bool SegmentedCodeCache                       = true                                      {product} {ergonomic}
   size_t SoftMaxHeapSize                          = 8313110528                             {manageable} {ergonomic}
     bool UseCompressedClassPointers               = true                           {product lp64_product} {ergonomic}
     bool UseCompressedOops                        = true                           {product lp64_product} {ergonomic}
     bool UseG1GC                                  = true                                      {product} {ergonomic}

Logging:
Log output configuration:
 #0: stdout all=warning uptime,level,tags
 #1: stderr all=off uptime,level,tags

Environment Variables:
PATH=/home/acmahaja/code/courses/Spring Boot for beginners/node_modules/.bin:/home/acmahaja/.local/share/nvim/mason/bin:/home/acmahaja/.local/bin:/usr/local/sbin:/usr/local/bin:/usr/sbin:/usr/bin:/sbin:/bin:/usr/games:/usr/local/games:/snap/bin:/snap/bin:/home/acmahaja/.fzf/bin
USERNAME=acmahaja
SHELL=/usr/bin/zsh
DISPLAY=:1
LANG=en_US.UTF-8
TERM=tmux-256color

Active Locale:
LC_ALL=en_US.UTF-8
LC_COLLATE=en_US.UTF-8
LC_CTYPE=en_US.UTF-8
LC_MESSAGES=en_US.UTF-8
LC_MONETARY=en_US.UTF-8
LC_NUMERIC=en_US.UTF-8
LC_TIME=en_US.UTF-8

Signal Handlers:
   SIGSEGV: crash_handler in libjvm.so, mask=11100100010111111101111111111110, flags=SA_RESTART|SA_SIGINFO, unblocked
    SIGBUS: crash_handler in libjvm.so, mask=11100100010111111101111111111110, flags=SA_RESTART|SA_SIGINFO, unblocked
    SIGFPE: crash_handler in libjvm.so, mask=11100100010111111101111111111110, flags=SA_RESTART|SA_SIGINFO, unblocked
   SIGPIPE: javaSignalHandler in libjvm.so, mask=11100100010111111101111111111110, flags=SA_RESTART|SA_SIGINFO, blocked
   SIGXFSZ: javaSignalHandler in libjvm.so, mask=11100100010111111101111111111110, flags=SA_RESTART|SA_SIGINFO, blocked
    SIGILL: crash_handler in libjvm.so, mask=11100100010111111101111111111110, flags=SA_RESTART|SA_SIGINFO, unblocked
   SIGUSR2: SR_handler in libjvm.so, mask=00000000000000000000000000000000, flags=SA_RESTART|SA_SIGINFO, blocked
    SIGHUP: UserHandler in libjvm.so, mask=11100100010111111101111111111110, flags=SA_RESTART|SA_SIGINFO, blocked
    SIGINT: UserHandler in libjvm.so, mask=11100100010111111101111111111110, flags=SA_RESTART|SA_SIGINFO, blocked
   SIGTERM: UserHandler in libjvm.so, mask=11100100010111111101111111111110, flags=SA_RESTART|SA_SIGINFO, blocked
   SIGQUIT: UserHandler in libjvm.so, mask=11100100010111111101111111111110, flags=SA_RESTART|SA_SIGINFO, blocked
   SIGTRAP: crash_handler in libjvm.so, mask=11100100010111111101111111111110, flags=SA_RESTART|SA_SIGINFO, unblocked


Periodic native trim disabled


---------------  S Y S T E M  ---------------

OS:
DISTRIB_ID=Ubuntu
DISTRIB_RELEASE=23.10
DISTRIB_CODENAME=mantic
DISTRIB_DESCRIPTION="Ubuntu 23.10"
uname: Linux 6.5.0-21-generic #21-Ubuntu SMP PREEMPT_DYNAMIC Wed Feb  7 14:17:40 UTC 2024 x86_64
OS uptime: 0 days 19:54 hours
libc: glibc 2.38 NPTL 2.38 
rlimit (soft/hard): STACK 8192k/infinity , CORE 0k/infinity , NPROC 126569/126569 , NOFILE 1048576/1048576 , AS infinity/infinity , CPU infinity/infinity , DATA infinity/infinity , FSIZE infinity/infinity , MEMLOCK 4058112k/4058112k
load average: 4.09 4.62 3.91

/proc/meminfo:
MemTotal:       32464900 kB
MemFree:         1594388 kB
MemAvailable:   17672252 kB
Buffers:          610528 kB
Cached:         15634172 kB
SwapCached:            0 kB
Active:         15295620 kB
Inactive:       12891120 kB
Active(anon):   12727900 kB
Inactive(anon):   140316 kB
Active(file):    2567720 kB
Inactive(file): 12750804 kB
Unevictable:      632556 kB
Mlocked:             220 kB
SwapTotal:      35651580 kB
SwapFree:       35651580 kB
Zswap:                 0 kB
Zswapped:              0 kB
Dirty:             24844 kB
Writeback:             0 kB
AnonPages:      12574392 kB
Mapped:          1839792 kB
Shmem:            926208 kB
KReclaimable:    1227128 kB
Slab:            1572496 kB
SReclaimable:    1227128 kB
SUnreclaim:       345368 kB
KernelStack:       40052 kB
PageTables:        94784 kB
SecPageTables:      3056 kB
NFS_Unstable:          0 kB
Bounce:                0 kB
WritebackTmp:          0 kB
CommitLimit:    51884028 kB
Committed_AS:   41818848 kB
VmallocTotal:   34359738367 kB
VmallocUsed:      180792 kB
VmallocChunk:          0 kB
Percpu:            16704 kB
HardwareCorrupted:     0 kB
AnonHugePages:   6490112 kB
ShmemHugePages:        0 kB
ShmemPmdMapped:        0 kB
FileHugePages:         0 kB
FilePmdMapped:         0 kB
Unaccepted:            0 kB
HugePages_Total:       0
HugePages_Free:        0
HugePages_Rsvd:        0
HugePages_Surp:        0
Hugepagesize:       2048 kB
Hugetlb:               0 kB
DirectMap4k:      722956 kB
DirectMap2M:    13574144 kB
DirectMap1G:    18874368 kB

/sys/kernel/mm/transparent_hugepage/enabled: always [madvise] never
/sys/kernel/mm/transparent_hugepage/defrag (defrag/compaction efforts parameter): always defer defer+madvise [madvise] never

Process Memory:
Virtual Size: 13484072K (peak: 13545576K)
Resident Set Size: 282108K (peak: 305232K) (anon: 250564K, file: 31544K, shmem: 0K)
Swapped out: 0K
C-Heap outstanding allocations: 50273K, retained: 66810K
glibc malloc tunables: (default)

/proc/sys/kernel/threads-max (system-wide limit on the number of threads): 253138
/proc/sys/vm/max_map_count (maximum number of memory map areas a process may have): 65530
/proc/sys/kernel/pid_max (system-wide limit on number of process identifiers): 4194304

container (cgroup) information:
container_type: cgroupv2
cpu_cpuset_cpus: not supported
cpu_memory_nodes: not supported
active_processor_count: 16
cpu_quota: not supported
cpu_period: not supported
cpu_shares: not supported
memory_limit_in_bytes: unlimited
memory_and_swap_limit_in_bytes: unlimited
memory_soft_limit_in_bytes: unlimited
memory_usage_in_bytes: 2143612 k
memory_max_usage_in_bytes: not supported
memory_swap_current_in_bytes: unlimited
memory_swap_max_limit_in_bytes: unlimited
maximum number of tasks: 37970
current number of tasks: 370

Steal ticks since vm start: 0
Steal ticks percentage since vm start:  0.000

CPU: total 16 (initial active 16) (8 cores per cpu, 2 threads per core) family 6 model 158 stepping 13 microcode 0xfa, cx8, cmov, fxsr, ht, mmx, 3dnowpref, sse, sse2, sse3, ssse3, sse4.1, sse4.2, popcnt, lzcnt, tsc, tscinvbit, avx, avx2, aes, erms, clmul, bmi1, bmi2, rtm, adx, fma, vzeroupper, clflush, clflushopt
CPU Model and flags from /proc/cpuinfo:
model name	: Intel(R) Core(TM) i9-9980HK CPU @ 2.40GHz
flags		: fpu vme de pse tsc msr pae mce cx8 apic sep mtrr pge mca cmov pat pse36 clflush dts acpi mmx fxsr sse sse2 ss ht tm pbe syscall nx pdpe1gb rdtscp lm constant_tsc art arch_perfmon pebs bts rep_good nopl xtopology nonstop_tsc cpuid aperfmperf pni pclmulqdq dtes64 monitor ds_cpl vmx est tm2 ssse3 sdbg fma cx16 xtpr pdcm pcid sse4_1 sse4_2 x2apic movbe popcnt tsc_deadline_timer aes xsave avx f16c rdrand lahf_lm abm 3dnowprefetch cpuid_fault epb invpcid_single ssbd ibrs ibpb stibp ibrs_enhanced tpr_shadow flexpriority ept vpid ept_ad fsgsbase tsc_adjust sgx bmi1 avx2 smep bmi2 erms invpcid mpx rdseed adx smap clflushopt intel_pt xsaveopt xsavec xgetbv1 xsaves dtherm ida arat pln pts hwp hwp_notify hwp_act_window hwp_epp vnmi sgx_lc md_clear flush_l1d arch_capabilities

Online cpus: 0-15
Offline cpus: 
BIOS frequency limitation: <Not Available>
Frequency switch latency (ns): 0
Available cpu frequencies: <Not Available>
Current governor: powersave
Core performance/turbo boost: <Not Available>

Memory: 4k page, physical 32464900k(1593408k free), swap 35651580k(35651580k free)
Page Sizes: 4k

vm_info: OpenJDK 64-Bit Server VM (17.0.10+7-Ubuntu-123.10.1) for linux-amd64 JRE (17.0.10+7-Ubuntu-123.10.1), built on Feb  5 2024 21:04:26 by "buildd" with gcc 13.2.0

END.
